2025-09-24 03:35:32,666 - BotRunner - [INFO] - Config loaded from C:\Users\Khale\OneDrive\Desktop\projects\auto_online\bot_scripts\scraper\config.ini (main.py:46)
2025-09-24 03:35:32,666 - BotRunner - [INFO] - ===== BOT CYCLE STARTED ===== (main.py:68)
2025-09-24 03:35:32,667 - BotRunner - [WARNING] - File 'published_source_urls.txt' not found. A new one will be created. Starting with an empty set. (main.py:53)
2025-09-24 03:35:32,667 - BotRunner - [INFO] - Loaded 0 previously published URLs. (main.py:70)
2025-09-24 03:35:32,758 - BotRunner - [CRITICAL] - Tool initialization error: BloggerClient.__init__() got an unexpected keyword argument 'creds_path' (main.py:90)
Traceback (most recent call last):
  File "C:\Users\Khale\OneDrive\Desktop\projects\auto_online\bot_scripts\scraper\main.py", line 84, in run_bot_cycle
    blogger_bot_client = BloggerClient(config, creds_path=creds_path)
TypeError: BloggerClient.__init__() got an unexpected keyword argument 'creds_path'
2025-09-24 03:46:29,863 - BotRunner - [INFO] - Config loaded from C:\Users\Khale\OneDrive\Desktop\projects\auto_online\bot_scripts\scraper\config.ini (main.py:46)
2025-09-24 03:46:29,864 - BotRunner - [INFO] - ===== BOT CYCLE STARTED ===== (main.py:68)
2025-09-24 03:46:29,864 - BotRunner - [WARNING] - File 'published_source_urls.txt' not found. A new one will be created. Starting with an empty set. (main.py:53)
2025-09-24 03:46:29,864 - BotRunner - [INFO] - Loaded 0 previously published URLs. (main.py:70)
2025-09-24 03:46:30,733 - BotRunner - [INFO] - Processing 1 specific URLs provided. (main.py:97)
2025-09-24 03:46:30,733 - BotRunner - [INFO] - --- Processing Article (1/1): https://world.albalad-news.com/2025/09/15-2025-dubais-private-aviation.html --- (main.py:129)
2025-09-24 03:46:36,806 - BotRunner - [INFO] - Main image hosted: http://i.ibb.co/YBMw0ND9/main-dubais-private-aviation-moveme-1758674795.jpg (main.py:156)
2025-09-24 03:46:36,870 - BotRunner - [INFO] - Publishing to Blogger. Title: 'حركة الطيران الخاص في دبي.. نمو بنسبة 15% خلال النصف الأول من 2025 (Dubai's private aviation movement .. growth of 15% during the first half of 2025)' (main.py:187)
2025-09-24 03:46:39,053 - BotRunner - [INFO] - Successfully published 'https://world.albalad-news.com/2025/09/15-2025-dubais-private-aviation.html' to Blogger: http://news.toiall.com/2025/09/15-2025-dubais-private-aviation.html (main.py:192)
2025-09-24 03:46:39,054 - BotRunner - [INFO] - Published 1 new articles in this cycle. (main.py:202)
2025-09-24 03:46:39,054 - BotRunner - [INFO] - ===== BOT CYCLE FINISHED ===== (main.py:203)
2025-09-24 04:46:28,282 - BotRunner - [INFO] - Config loaded from C:\Users\Khale\OneDrive\Desktop\projects\auto_online\bot_scripts\scraper\config.ini (main.py:40)
2025-09-24 04:46:28,282 - BotRunner - [INFO] - ===== BOT CYCLE STARTED ===== (main.py:63)
2025-09-24 04:46:28,282 - BotRunner - [WARNING] - File 'published_source_urls.txt' not found. A new one will be created. (main.py:47)
2025-09-24 04:46:28,283 - BotRunner - [INFO] - Loaded 0 previously published URLs. (main.py:65)
2025-09-24 04:46:29,344 - BotRunner - [INFO] - Processing 2 specific URLs provided. (main.py:90)
2025-09-24 04:46:29,347 - BotRunner - [INFO] - --- Processing Article (1/2): https://world.albalad-news.com/2025/09/emirati-moment-of-milestone-first-air.html --- (main.py:114)
2025-09-24 04:46:30,524 - BotRunner - [CRITICAL] - An unhandled critical error occurred: ContentFormatter.format_for_blogger() missing 1 required positional argument: 'processed_images_map' (main.py:191)
Traceback (most recent call last):
  File "C:\Users\Khale\OneDrive\Desktop\projects\auto_online\bot_scripts\scraper\main.py", line 179, in <module>
    run_bot_cycle(
    ~~~~~~~~~~~~~^
        creds_path=args.creds_path,
        ^^^^^^^^^^^^^^^^^^^^^^^^^^^
        article_urls_to_process=args.urls,
        ^^^^^^^^^^^^^^^^^^^^^^^^^^^^^^^^^^
        custom_labels=args.labels # سيحتوي على قائمة التصنيفات أو None
        ^^^^^^^^^^^^^^^^^^^^^^^^^^^^^^^^^^^^^^^^^^^^^^^^^^^^^^^^^^^^^^
    )
    ^
  File "C:\Users\Khale\OneDrive\Desktop\projects\auto_online\bot_scripts\scraper\main.py", line 122, in run_bot_cycle
    final_html = content_formatter.format_for_blogger(...)
TypeError: ContentFormatter.format_for_blogger() missing 1 required positional argument: 'processed_images_map'
2025-09-24 04:50:30,603 - BotRunner - [INFO] - Config loaded from C:\Users\Khale\OneDrive\Desktop\projects\auto_online\bot_scripts\scraper\config.ini (main.py:40)
2025-09-24 04:50:30,603 - BotRunner - [INFO] - ===== BOT CYCLE STARTED ===== (main.py:63)
2025-09-24 04:50:30,603 - BotRunner - [WARNING] - File 'published_source_urls.txt' not found. A new one will be created. (main.py:47)
2025-09-24 04:50:30,603 - BotRunner - [INFO] - Loaded 0 previously published URLs. (main.py:65)
2025-09-24 04:50:30,689 - BotRunner - [INFO] - Processing 1 specific URLs provided. (main.py:90)
2025-09-24 04:50:30,689 - BotRunner - [INFO] - --- Processing Article (1/1): https://world.albalad-news.com/2025/09/emirati-moment-of-milestone-first-air.html --- (main.py:114)
2025-09-24 04:50:31,891 - BotRunner - [CRITICAL] - An unhandled critical error occurred: ContentFormatter.format_for_blogger() missing 1 required positional argument: 'processed_images_map' (main.py:191)
Traceback (most recent call last):
  File "C:\Users\Khale\OneDrive\Desktop\projects\auto_online\bot_scripts\scraper\main.py", line 179, in <module>
    run_bot_cycle(
    ~~~~~~~~~~~~~^
        creds_path=args.creds_path,
        ^^^^^^^^^^^^^^^^^^^^^^^^^^^
        article_urls_to_process=args.urls,
        ^^^^^^^^^^^^^^^^^^^^^^^^^^^^^^^^^^
        custom_labels=args.labels # سيحتوي على قائمة التصنيفات أو None
        ^^^^^^^^^^^^^^^^^^^^^^^^^^^^^^^^^^^^^^^^^^^^^^^^^^^^^^^^^^^^^^
    )
    ^
  File "C:\Users\Khale\OneDrive\Desktop\projects\auto_online\bot_scripts\scraper\main.py", line 122, in run_bot_cycle
    final_html = content_formatter.format_for_blogger(...)
TypeError: ContentFormatter.format_for_blogger() missing 1 required positional argument: 'processed_images_map'
2025-09-24 04:53:44,663 - BotRunner - [INFO] - Config loaded from C:\Users\Khale\OneDrive\Desktop\projects\auto_online\bot_scripts\scraper\config.ini (main.py:40)
2025-09-24 04:53:44,664 - BotRunner - [INFO] - ===== BOT CYCLE STARTED ===== (main.py:62)
2025-09-24 04:53:44,664 - BotRunner - [WARNING] - File 'published_source_urls.txt' not found. A new one will be created. (main.py:47)
2025-09-24 04:53:44,664 - BotRunner - [INFO] - Loaded 0 previously published URLs. (main.py:64)
2025-09-24 04:53:44,776 - BotRunner - [INFO] - Processing 1 specific URLs provided. (main.py:89)
2025-09-24 04:53:44,776 - BotRunner - [INFO] - --- Processing Article (1/1): https://world.albalad-news.com/2025/09/emirati-moment-of-milestone-first-air.html --- (main.py:119)
2025-09-24 04:53:46,264 - BotRunner - [INFO] - Using custom labels provided by user: ['دليلك في الأخبار', 'دليلك في الإمارات'] (main.py:146)
2025-09-24 04:53:46,264 - BotRunner - [INFO] - Publishing to Blogger. Title: 'لحظة إماراتية فارقة.. أول شحن جوي بـمسيرة من مطار مدني إلى منصة بحرية', Labels: ['دليلك في الأخبار', 'دليلك في الإمارات'] (main.py:159)
2025-09-24 04:53:49,241 - BotRunner - [INFO] - Successfully published 'https://world.albalad-news.com/2025/09/emirati-moment-of-milestone-first-air.html' to Blogger: http://news.toiall.com/2025/09/blog-post.html (main.py:170)
2025-09-24 04:53:49,242 - BotRunner - [INFO] - Published 1 new articles in this cycle. (main.py:180)
2025-09-24 04:53:49,242 - BotRunner - [INFO] - ===== BOT CYCLE FINISHED ===== (main.py:181)
2025-09-24 04:55:00,741 - BotRunner - [INFO] - Config loaded from C:\Users\Khale\OneDrive\Desktop\projects\auto_online\bot_scripts\scraper\config.ini (main.py:40)
2025-09-24 04:55:00,741 - BotRunner - [INFO] - ===== BOT CYCLE STARTED ===== (main.py:62)
2025-09-24 04:55:00,741 - BotRunner - [WARNING] - File 'published_source_urls.txt' not found. A new one will be created. (main.py:47)
2025-09-24 04:55:00,741 - BotRunner - [INFO] - Loaded 0 previously published URLs. (main.py:64)
2025-09-24 04:55:00,809 - BotRunner - [INFO] - Processing 1 specific URLs provided. (main.py:89)
2025-09-24 04:55:00,809 - BotRunner - [INFO] - --- Processing Article (1/1): https://world.albalad-news.com/2025/09/expo-osaka-traditional-perfumes-and.html --- (main.py:119)
2025-09-24 04:55:02,136 - BotRunner - [INFO] - Using custom labels provided by user: ['دليلك في الأخبار', 'دليلك في الإمارات'] (main.py:146)
2025-09-24 04:55:02,137 - BotRunner - [INFO] - Publishing to Blogger. Title: 'إكسبو أوساكا.. حرف العطور والبخور التقليدية تأسر زوار جناح الإمارات', Labels: ['دليلك في الأخبار', 'دليلك في الإمارات'] (main.py:159)
2025-09-24 04:55:05,223 - BotRunner - [INFO] - Successfully published 'https://world.albalad-news.com/2025/09/expo-osaka-traditional-perfumes-and.html' to Blogger: http://news.toiall.com/2025/09/blog-post_23.html (main.py:170)
2025-09-24 04:55:05,224 - BotRunner - [INFO] - Published 1 new articles in this cycle. (main.py:180)
2025-09-24 04:55:05,224 - BotRunner - [INFO] - ===== BOT CYCLE FINISHED ===== (main.py:181)
2025-09-24 04:57:00,668 - BotRunner - [INFO] - Config loaded from C:\Users\Khale\OneDrive\Desktop\projects\auto_online\bot_scripts\scraper\config.ini (main.py:40)
2025-09-24 04:57:00,668 - BotRunner - [INFO] - ===== BOT CYCLE STARTED ===== (main.py:62)
2025-09-24 04:57:00,669 - BotRunner - [WARNING] - File 'published_source_urls.txt' not found. A new one will be created. (main.py:47)
2025-09-24 04:57:00,669 - BotRunner - [INFO] - Loaded 0 previously published URLs. (main.py:64)
2025-09-24 04:57:00,741 - BotRunner - [INFO] - Processing 1 specific URLs provided. (main.py:89)
2025-09-24 04:57:00,741 - BotRunner - [INFO] - --- Processing Article (1/1): https://world.albalad-news.com/2025/09/expo-osaka-traditional-perfumes-and.html --- (main.py:119)
2025-09-24 04:57:02,025 - BotRunner - [INFO] - Using custom labels provided by user: ['دليلك في الأخبار'] (main.py:146)
2025-09-24 04:57:02,026 - BotRunner - [INFO] - Publishing to Blogger. Title: 'إكسبو أوساكا.. حرف العطور والبخور التقليدية تأسر زوار جناح الإمارات', Labels: ['دليلك في الأخبار'] (main.py:159)
2025-09-24 04:57:04,932 - BotRunner - [INFO] - Successfully published 'https://world.albalad-news.com/2025/09/expo-osaka-traditional-perfumes-and.html' to Blogger: http://news.toiall.com/2025/09/blog-post_31.html (main.py:170)
2025-09-24 04:57:04,933 - BotRunner - [INFO] - Published 1 new articles in this cycle. (main.py:180)
2025-09-24 04:57:04,933 - BotRunner - [INFO] - ===== BOT CYCLE FINISHED ===== (main.py:181)
2025-09-24 05:02:26,266 - BotRunner - [INFO] - Config loaded from C:\Users\Khale\OneDrive\Desktop\projects\auto_online\bot_scripts\scraper\config.ini (main.py:40)
2025-09-24 05:02:26,266 - BotRunner - [INFO] - ===== BOT CYCLE STARTED ===== (main.py:62)
2025-09-24 05:02:26,266 - BotRunner - [WARNING] - File 'published_source_urls.txt' not found. A new one will be created. (main.py:47)
2025-09-24 05:02:26,266 - BotRunner - [INFO] - Loaded 0 previously published URLs. (main.py:64)
2025-09-24 05:02:26,339 - BotRunner - [INFO] - Processing 1 specific URLs provided. (main.py:89)
2025-09-24 05:02:26,339 - BotRunner - [INFO] - --- Processing Article (1/1): https://world.albalad-news.com/2025/09/expo-osaka-traditional-perfumes-and.html --- (main.py:110)
2025-09-24 05:02:31,205 - BotRunner - [INFO] - Main image hosted: http://i.ibb.co/4RgKrt65/main-expo-osaka-traditional-perfume-1758679350.jpg (main.py:133)
2025-09-24 05:02:31,209 - BotRunner - [INFO] - Using custom labels provided by user: ['دليلك في الأخبار'] (main.py:167)
2025-09-24 05:02:31,210 - BotRunner - [INFO] - Publishing to Blogger. Title: 'إكسبو أوساكا.. حرف العطور والبخور التقليدية تأسر زوار جناح الإمارات (Expo Osaka .. Traditional perfumes and incense captivating visitors to the Emirates Wing)', Labels: ['دليلك في الأخبار'] (main.py:178)
2025-09-24 05:02:33,427 - BotRunner - [INFO] - Successfully published 'https://world.albalad-news.com/2025/09/expo-osaka-traditional-perfumes-and.html' to Blogger: http://news.toiall.com/2025/09/expo-osaka-traditional-perfumes-and.html (main.py:189)
2025-09-24 05:02:33,427 - BotRunner - [INFO] - Published 1 new articles in this cycle. (main.py:199)
2025-09-24 05:02:33,428 - BotRunner - [INFO] - ===== BOT CYCLE FINISHED ===== (main.py:200)
2025-09-24 21:26:27,333 - BotRunner - [INFO] - Config loaded from C:\Users\Khale\OneDrive\Desktop\projects\auto_online\bot_scripts\scraper\config.ini (main.py:40)
2025-09-24 21:26:27,334 - BotRunner - [INFO] - ===== BOT CYCLE STARTED ===== (main.py:62)
2025-09-24 21:26:27,334 - BotRunner - [WARNING] - File 'published_source_urls.txt' not found. A new one will be created. (main.py:47)
2025-09-24 21:26:27,334 - BotRunner - [INFO] - Loaded 0 previously published URLs. (main.py:64)
2025-09-24 21:26:31,883 - BotRunner - [INFO] - Processing 8 specific URLs provided. (main.py:89)
2025-09-24 21:26:31,884 - BotRunner - [INFO] - --- Processing Article (1/8): https://sana.sy/economy/2292522/ --- (main.py:110)
2025-09-24 21:26:50,293 - BotRunner - [INFO] - Main image hosted: http://i.ibb.co/7JptdpKc/main-the-support-and-development-of-1758738405.jpg (main.py:133)
2025-09-24 21:26:50,301 - BotRunner - [INFO] - Using custom labels provided by user: ['دليلك في الأخبار', 'دليلك في سوريا'] (main.py:167)
2025-09-24 21:26:50,301 - BotRunner - [INFO] - Publishing to Blogger. Title: 'هيئة دعم وتنمية الإنتاج المحلي والصادرات: برامج مستدامة للصادرات السورية (The Support and Development of Local Production and Export Development: Sustainable programs for Syrian exports)', Labels: ['دليلك في الأخبار', 'دليلك في سوريا'] (main.py:178)
2025-09-24 21:26:54,282 - BotRunner - [INFO] - Successfully published 'https://sana.sy/economy/2292522/' to Blogger: http://news.toiall.com/2025/09/support-and-development-of-local.html (main.py:189)
2025-09-24 21:26:54,282 - BotRunner - [INFO] - --- Processing Article (2/8): https://sana.sy/economy/2292581/ --- (main.py:110)
2025-09-24 21:27:07,009 - BotRunner - [INFO] - Main image hosted: http://i.ibb.co/s9BQG86D/main-gold-prices-rise-10-thousand-p-1758738422.jpg (main.py:133)
2025-09-24 21:27:07,015 - BotRunner - [INFO] - Using custom labels provided by user: ['دليلك في الأخبار', 'دليلك في سوريا'] (main.py:167)
2025-09-24 21:27:07,015 - BotRunner - [INFO] - Publishing to Blogger. Title: 'ارتفاع أسعار الذهب 10 آلاف ليرة في السوق السورية (Gold prices rise 10 thousand pounds in the Syrian market)', Labels: ['دليلك في الأخبار', 'دليلك في سوريا'] (main.py:178)
2025-09-24 21:27:08,733 - BotRunner - [INFO] - Successfully published 'https://sana.sy/economy/2292581/' to Blogger: http://news.toiall.com/2025/09/10-gold-prices-rise-10-thousand-pounds.html (main.py:189)
2025-09-24 21:27:08,734 - BotRunner - [INFO] - --- Processing Article (3/8): https://sana.sy/locals/2292627/ --- (main.py:110)
2025-09-24 21:27:20,357 - BotRunner - [INFO] - Main image hosted: http://i.ibb.co/1fhx1fwX/main-the-syrian-peoples-assembly-el-1758738436.jpg (main.py:133)
2025-09-24 21:27:20,370 - BotRunner - [INFO] - Using custom labels provided by user: ['دليلك في الأخبار', 'دليلك في سوريا'] (main.py:167)
2025-09-24 21:27:20,370 - BotRunner - [INFO] - Publishing to Blogger. Title: 'لجنة انتخابات مجلس الشعب السوري تصدر قوائم الترميم الأولية لأعضاء الهيئات الناخبة (The Syrian People's Assembly elections committee issues the initial restoration lists for members of the elite bodies)', Labels: ['دليلك في الأخبار', 'دليلك في سوريا'] (main.py:178)
2025-09-24 21:27:21,551 - BotRunner - [INFO] - Successfully published 'https://sana.sy/locals/2292627/' to Blogger: http://news.toiall.com/2025/09/syrian-peoples-assembly-elections_24.html (main.py:189)
2025-09-24 21:27:21,551 - BotRunner - [INFO] - --- Processing Article (4/8): https://sana.sy/locals/2292612/ --- (main.py:110)
2025-09-24 21:27:29,948 - BotRunner - [INFO] - Main image hosted: http://i.ibb.co/jPNvGGmw/main-a-campaign-to-fortify-125000-h-1758738447.jpg (main.py:133)
2025-09-24 21:28:16,139 - BotRunner - [INFO] - Using custom labels provided by user: ['دليلك في الأخبار', 'دليلك في سوريا'] (main.py:167)
2025-09-24 21:28:16,139 - BotRunner - [INFO] - Publishing to Blogger. Title: 'حملة لتحصين 125 ألف رأس من الأبقار ضد الحمى القلاعية في دمشق وريفها (A campaign to fortify 125,000 heads of cows against foot -and -mouth fever in Damascus and its countryside)', Labels: ['دليلك في الأخبار', 'دليلك في سوريا'] (main.py:178)
2025-09-24 21:28:17,249 - BotRunner - [INFO] - Successfully published 'https://sana.sy/locals/2292612/' to Blogger: http://news.toiall.com/2025/09/125-campaign-to-fortify-125000-heads-of.html (main.py:189)
2025-09-24 21:28:17,249 - BotRunner - [INFO] - --- Processing Article (5/8): https://sana.sy/locals/2292523/ --- (main.py:110)
2025-09-24 21:28:34,611 - BotRunner - [INFO] - Main image hosted: http://i.ibb.co/39ppmcQH/main-the-israeli-occupation-forces-1758738509.jpg (main.py:133)
2025-09-24 21:28:34,617 - BotRunner - [INFO] - Using custom labels provided by user: ['دليلك في الأخبار', 'دليلك في سوريا'] (main.py:167)
2025-09-24 21:28:34,618 - BotRunner - [INFO] - Publishing to Blogger. Title: 'قوات الاحتلال الإسرائيلي تتوغل في الصمدانية الشرقية ورسم الحلبي بريف القنيطرة (The Israeli occupation forces penetrate into the eastern Samaniya and the drawing of Al -Halabi in Quneitra countryside)', Labels: ['دليلك في الأخبار', 'دليلك في سوريا'] (main.py:178)
2025-09-24 21:28:35,833 - BotRunner - [INFO] - Successfully published 'https://sana.sy/locals/2292523/' to Blogger: http://news.toiall.com/2025/09/israeli-occupation-forces-penetrate.html (main.py:189)
2025-09-24 21:28:35,833 - BotRunner - [INFO] - --- Processing Article (6/8): https://sana.sy/education/2292421/ --- (main.py:110)
2025-09-24 21:28:43,560 - BotRunner - [INFO] - Main image hosted: http://i.ibb.co/DfMtYnHV/main-higher-education-reduces-admis-1758738520.jpg (main.py:133)
2025-09-24 21:28:43,567 - BotRunner - [INFO] - Using custom labels provided by user: ['دليلك في الأخبار', 'دليلك في سوريا'] (main.py:167)
2025-09-24 21:28:43,567 - BotRunner - [INFO] - Publishing to Blogger. Title: 'التعليم العالي تخفض معدلات القبول للطلاب السوريين العائدين من الخارج (Higher education reduces admission rates for Syrian students returning from abroad)', Labels: ['دليلك في الأخبار', 'دليلك في سوريا'] (main.py:178)
2025-09-24 21:28:44,943 - BotRunner - [INFO] - Successfully published 'https://sana.sy/education/2292421/' to Blogger: http://news.toiall.com/2025/09/higher-education-reduces-admission.html (main.py:189)
2025-09-24 21:28:44,943 - BotRunner - [INFO] - --- Processing Article (7/8): https://sana.sy/education/2292327/ --- (main.py:110)
2025-09-24 21:28:55,001 - BotRunner - [INFO] - Main image hosted: http://i.ibb.co/tw1x3DJH/main-the-syrian-minister-of-educati-1758738532.jpg (main.py:133)
2025-09-24 21:29:13,218 - BotRunner - [INFO] - Using custom labels provided by user: ['دليلك في الأخبار', 'دليلك في سوريا'] (main.py:167)
2025-09-24 21:29:13,218 - BotRunner - [INFO] - Publishing to Blogger. Title: 'وزير التربية السوري يبحث مع نقيب معلمي فلسطين تعزيز التعاون المشترك (The Syrian Minister of Education discusses with the Palestinian Teachers Syndicate to enhance joint cooperation)', Labels: ['دليلك في الأخبار', 'دليلك في سوريا'] (main.py:178)
2025-09-24 21:29:14,802 - BotRunner - [INFO] - Successfully published 'https://sana.sy/education/2292327/' to Blogger: http://news.toiall.com/2025/09/syrian-minister-of-education-discusses.html (main.py:189)
2025-09-24 21:29:14,802 - BotRunner - [INFO] - --- Processing Article (8/8): https://sana.sy/miscellaneous/2292338/ --- (main.py:110)
2025-09-24 21:29:24,850 - BotRunner - [INFO] - Main image hosted: http://i.ibb.co/HS41QKL/main-sign-language-a-human-bridge-n-1758738562.jpg (main.py:133)
2025-09-24 21:30:14,295 - BotRunner - [INFO] - Using custom labels provided by user: ['دليلك في الأخبار', 'دليلك في سوريا'] (main.py:167)
2025-09-24 21:30:14,296 - BotRunner - [INFO] - Publishing to Blogger. Title: 'لغة الإشارة.. جسر إنساني يروي قصص نجاح الصم في مواجهة التحديات (Sign language .. A human bridge narrates stories of deaf success in facing challenges)', Labels: ['دليلك في الأخبار', 'دليلك في سوريا'] (main.py:178)
2025-09-24 21:30:16,014 - BotRunner - [INFO] - Successfully published 'https://sana.sy/miscellaneous/2292338/' to Blogger: http://news.toiall.com/2025/09/sign-language-human-bridge-narrates.html (main.py:189)
2025-09-24 21:30:16,014 - BotRunner - [INFO] - Published 8 new articles in this cycle. (main.py:199)
2025-09-24 21:30:16,014 - BotRunner - [INFO] - ===== BOT CYCLE FINISHED ===== (main.py:200)
2025-09-24 21:51:54,696 - BotRunner - [INFO] - Config loaded from C:\Users\Khale\OneDrive\Desktop\projects\auto_online\bot_scripts\scraper\config.ini (main.py:40)
2025-09-24 21:51:54,698 - BotRunner - [INFO] - ===== BOT CYCLE STARTED ===== (main.py:62)
2025-09-24 21:51:54,698 - BotRunner - [WARNING] - File 'published_source_urls.txt' not found. A new one will be created. (main.py:47)
2025-09-24 21:51:54,698 - BotRunner - [INFO] - Loaded 0 previously published URLs. (main.py:64)
2025-09-24 21:51:54,802 - BotRunner - [INFO] - Processing 8 specific URLs provided. (main.py:89)
2025-09-24 21:51:54,802 - BotRunner - [INFO] - --- Processing Article (1/8): https://sana.sy/economy/2292522/ --- (main.py:110)
2025-09-24 21:51:59,790 - BotRunner - [INFO] - Main image hosted: http://i.ibb.co/7JptdpKc/main-the-support-and-development-of-1758738405.jpg (main.py:133)
2025-09-24 21:51:59,818 - BotRunner - [INFO] - Using custom labels provided by user: ['دليلك في الأخبار', 'دليلك في سوريا'] (main.py:167)
2025-09-24 21:51:59,818 - BotRunner - [INFO] - Publishing to Blogger. Title: 'هيئة دعم وتنمية الإنتاج المحلي والصادرات: برامج مستدامة للصادرات السورية (The Support and Development of Local Production and Export Development: Sustainable programs for Syrian exports)', Labels: ['دليلك في الأخبار', 'دليلك في سوريا'] (main.py:178)
2025-09-24 21:52:02,487 - BotRunner - [INFO] - Successfully published 'https://sana.sy/economy/2292522/' to Blogger: http://news.toiall.com/2025/09/support-and-development-of-local_24.html (main.py:189)
2025-09-24 21:52:02,488 - BotRunner - [INFO] - --- Processing Article (2/8): https://sana.sy/economy/2292581/ --- (main.py:110)
2025-09-24 21:52:06,952 - BotRunner - [INFO] - Main image hosted: http://i.ibb.co/s9BQG86D/main-gold-prices-rise-10-thousand-p-1758738422.jpg (main.py:133)
2025-09-24 21:52:06,964 - BotRunner - [INFO] - Using custom labels provided by user: ['دليلك في الأخبار', 'دليلك في سوريا'] (main.py:167)
2025-09-24 21:52:06,964 - BotRunner - [INFO] - Publishing to Blogger. Title: 'ارتفاع أسعار الذهب 10 آلاف ليرة في السوق السورية (Gold prices rise 10 thousand pounds in the Syrian market)', Labels: ['دليلك في الأخبار', 'دليلك في سوريا'] (main.py:178)
2025-09-24 21:52:08,169 - BotRunner - [INFO] - Successfully published 'https://sana.sy/economy/2292581/' to Blogger: http://news.toiall.com/2025/09/10-gold-prices-rise-10-thousand-pounds_24.html (main.py:189)
2025-09-24 21:52:08,170 - BotRunner - [INFO] - --- Processing Article (3/8): https://sana.sy/locals/2292627/ --- (main.py:110)
2025-09-24 21:52:13,322 - BotRunner - [INFO] - Main image hosted: http://i.ibb.co/1fhx1fwX/main-the-syrian-peoples-assembly-el-1758738436.jpg (main.py:133)
2025-09-24 21:52:13,331 - BotRunner - [INFO] - Using custom labels provided by user: ['دليلك في الأخبار', 'دليلك في سوريا'] (main.py:167)
2025-09-24 21:52:13,331 - BotRunner - [INFO] - Publishing to Blogger. Title: 'لجنة انتخابات مجلس الشعب السوري تصدر قوائم الترميم الأولية لأعضاء الهيئات الناخبة (The Syrian People's Assembly elections committee issues the initial restoration lists for members of the elite bodies)', Labels: ['دليلك في الأخبار', 'دليلك في سوريا'] (main.py:178)
2025-09-24 21:52:15,849 - BotRunner - [INFO] - Successfully published 'https://sana.sy/locals/2292627/' to Blogger: http://news.toiall.com/2025/09/syrian-peoples-assembly-elections_98.html (main.py:189)
2025-09-24 21:52:15,849 - BotRunner - [INFO] - --- Processing Article (4/8): https://sana.sy/locals/2292612/ --- (main.py:110)
2025-09-24 21:52:18,840 - BotRunner - [INFO] - Main image hosted: http://i.ibb.co/jPNvGGmw/main-a-campaign-to-fortify-125000-h-1758738447.jpg (main.py:133)
2025-09-24 21:52:30,101 - BotRunner - [INFO] - Using custom labels provided by user: ['دليلك في الأخبار', 'دليلك في سوريا'] (main.py:167)
2025-09-24 21:52:30,101 - BotRunner - [INFO] - Publishing to Blogger. Title: 'حملة لتحصين 125 ألف رأس من الأبقار ضد الحمى القلاعية في دمشق وريفها (A campaign to fortify 125,000 heads of cows against foot -and -mouth fever in Damascus and its countryside)', Labels: ['دليلك في الأخبار', 'دليلك في سوريا'] (main.py:178)
2025-09-24 21:52:31,040 - BotRunner - [INFO] - Successfully published 'https://sana.sy/locals/2292612/' to Blogger: http://news.toiall.com/2025/09/125-campaign-to-fortify-125000-heads-of_24.html (main.py:189)
2025-09-24 21:52:31,041 - BotRunner - [INFO] - --- Processing Article (5/8): https://sana.sy/locals/2292523/ --- (main.py:110)
2025-09-24 21:52:35,962 - BotRunner - [INFO] - Main image hosted: http://i.ibb.co/39ppmcQH/main-the-israeli-occupation-forces-1758738509.jpg (main.py:133)
2025-09-24 21:52:35,974 - BotRunner - [INFO] - Using custom labels provided by user: ['دليلك في الأخبار', 'دليلك في سوريا'] (main.py:167)
2025-09-24 21:52:35,975 - BotRunner - [INFO] - Publishing to Blogger. Title: 'قوات الاحتلال الإسرائيلي تتوغل في الصمدانية الشرقية ورسم الحلبي بريف القنيطرة (The Israeli occupation forces penetrate into the eastern Samaniya and the drawing of Al -Halabi in Quneitra countryside)', Labels: ['دليلك في الأخبار', 'دليلك في سوريا'] (main.py:178)
2025-09-24 21:52:37,240 - BotRunner - [ERROR] - Failed to publish https://sana.sy/locals/2292523/ to Blogger. (main.py:197)
2025-09-24 21:52:37,240 - BotRunner - [INFO] - --- Processing Article (6/8): https://sana.sy/education/2292421/ --- (main.py:110)
2025-09-24 21:52:40,953 - BotRunner - [INFO] - Main image hosted: http://i.ibb.co/DfMtYnHV/main-higher-education-reduces-admis-1758738520.jpg (main.py:133)
2025-09-24 21:52:40,961 - BotRunner - [INFO] - Using custom labels provided by user: ['دليلك في الأخبار', 'دليلك في سوريا'] (main.py:167)
2025-09-24 21:52:40,962 - BotRunner - [INFO] - Publishing to Blogger. Title: 'التعليم العالي تخفض معدلات القبول للطلاب السوريين العائدين من الخارج (Higher education reduces admission rates for Syrian students returning from abroad)', Labels: ['دليلك في الأخبار', 'دليلك في سوريا'] (main.py:178)
2025-09-24 21:52:42,188 - BotRunner - [ERROR] - Failed to publish https://sana.sy/education/2292421/ to Blogger. (main.py:197)
2025-09-24 21:52:42,189 - BotRunner - [INFO] - --- Processing Article (7/8): https://sana.sy/education/2292327/ --- (main.py:110)
2025-09-24 21:52:45,848 - BotRunner - [INFO] - Main image hosted: http://i.ibb.co/tw1x3DJH/main-the-syrian-minister-of-educati-1758738532.jpg (main.py:133)
2025-09-24 21:52:50,646 - BotRunner - [INFO] - Using custom labels provided by user: ['دليلك في الأخبار', 'دليلك في سوريا'] (main.py:167)
2025-09-24 21:52:50,647 - BotRunner - [INFO] - Publishing to Blogger. Title: 'وزير التربية السوري يبحث مع نقيب معلمي فلسطين تعزيز التعاون المشترك (The Syrian Minister of Education discusses with the Palestinian Teachers Syndicate to enhance joint cooperation)', Labels: ['دليلك في الأخبار', 'دليلك في سوريا'] (main.py:178)
2025-09-24 21:52:51,609 - BotRunner - [ERROR] - Failed to publish https://sana.sy/education/2292327/ to Blogger. (main.py:197)
2025-09-24 21:52:51,609 - BotRunner - [INFO] - --- Processing Article (8/8): https://sana.sy/miscellaneous/2292338/ --- (main.py:110)
2025-09-24 21:52:56,009 - BotRunner - [INFO] - Main image hosted: http://i.ibb.co/HS41QKL/main-sign-language-a-human-bridge-n-1758738562.jpg (main.py:133)
2025-09-24 21:53:07,258 - BotRunner - [INFO] - Using custom labels provided by user: ['دليلك في الأخبار', 'دليلك في سوريا'] (main.py:167)
2025-09-24 21:53:07,259 - BotRunner - [INFO] - Publishing to Blogger. Title: 'لغة الإشارة.. جسر إنساني يروي قصص نجاح الصم في مواجهة التحديات (Sign language .. A human bridge narrates stories of deaf success in facing challenges)', Labels: ['دليلك في الأخبار', 'دليلك في سوريا'] (main.py:178)
2025-09-24 21:53:07,786 - BotRunner - [INFO] - Successfully published 'https://sana.sy/miscellaneous/2292338/' to Blogger: http://news.toiall.com/2025/09/sign-language-human-bridge-narrates_24.html (main.py:189)
2025-09-24 21:53:07,786 - BotRunner - [INFO] - Published 5 new articles in this cycle. (main.py:199)
2025-09-24 21:53:07,787 - BotRunner - [INFO] - ===== BOT CYCLE FINISHED ===== (main.py:200)
2025-09-24 22:02:52,385 - BotRunner - [INFO] - Config loaded from C:\Users\Khale\OneDrive\Desktop\projects\auto_online\bot_scripts\scraper\config.ini (main.py:40)
2025-09-24 22:02:52,385 - BotRunner - [INFO] - ===== BOT CYCLE STARTED ===== (main.py:62)
2025-09-24 22:02:52,385 - BotRunner - [WARNING] - File 'published_source_urls.txt' not found. A new one will be created. (main.py:47)
2025-09-24 22:02:52,386 - BotRunner - [INFO] - Loaded 0 previously published URLs. (main.py:64)
2025-09-24 22:02:52,465 - BotRunner - [INFO] - Processing 8 specific URLs provided. (main.py:89)
2025-09-24 22:02:52,465 - BotRunner - [INFO] - --- Processing Article (1/8): https://sana.sy/economy/2292522/ --- (main.py:110)
2025-09-24 22:02:55,951 - BotRunner - [INFO] - Main image hosted: http://i.ibb.co/7JptdpKc/main-the-support-and-development-of-1758738405.jpg (main.py:133)
2025-09-24 22:02:55,959 - BotRunner - [INFO] - No custom labels provided, extracting automatically... (main.py:170)
2025-09-24 22:02:56,018 - BotRunner - [INFO] - Publishing to Blogger. Title: 'هيئة دعم وتنمية الإنتاج المحلي والصادرات: برامج مستدامة للصادرات السورية (The Support and Development of Local Production and Export Development: Sustainable programs for Syrian exports)', Labels: ['دليلك في الأخبار', 'دليلك في سوريا'] (main.py:178)
2025-09-24 22:02:58,194 - BotRunner - [INFO] - Successfully published 'https://sana.sy/economy/2292522/' to Blogger: http://news.toiall.com/2025/09/support-and-development-of-local_72.html (main.py:189)
2025-09-24 22:02:58,194 - BotRunner - [INFO] - --- Processing Article (2/8): https://sana.sy/economy/2292581/ --- (main.py:110)
2025-09-24 22:03:02,086 - BotRunner - [INFO] - Main image hosted: http://i.ibb.co/s9BQG86D/main-gold-prices-rise-10-thousand-p-1758738422.jpg (main.py:133)
2025-09-24 22:03:02,091 - BotRunner - [INFO] - No custom labels provided, extracting automatically... (main.py:170)
2025-09-24 22:03:02,118 - BotRunner - [INFO] - Publishing to Blogger. Title: 'ارتفاع أسعار الذهب 10 آلاف ليرة في السوق السورية (Gold prices rise 10 thousand pounds in the Syrian market)', Labels: ['دليلك في الأخبار', 'دليلك في سوريا'] (main.py:178)
2025-09-24 22:03:03,181 - BotRunner - [INFO] - Successfully published 'https://sana.sy/economy/2292581/' to Blogger: http://news.toiall.com/2025/09/10-gold-prices-rise-10-thousand-pounds_69.html (main.py:189)
2025-09-24 22:03:03,182 - BotRunner - [INFO] - --- Processing Article (3/8): https://sana.sy/locals/2292627/ --- (main.py:110)
2025-09-24 22:03:07,752 - BotRunner - [INFO] - Main image hosted: http://i.ibb.co/1fhx1fwX/main-the-syrian-peoples-assembly-el-1758738436.jpg (main.py:133)
2025-09-24 22:03:07,759 - BotRunner - [INFO] - No custom labels provided, extracting automatically... (main.py:170)
2025-09-24 22:03:07,785 - BotRunner - [INFO] - Publishing to Blogger. Title: 'لجنة انتخابات مجلس الشعب السوري تصدر قوائم الترميم الأولية لأعضاء الهيئات الناخبة (The Syrian People's Assembly elections committee issues the initial restoration lists for members of the elite bodies)', Labels: ['دليلك في الأخبار', 'دليلك في سوريا'] (main.py:178)
2025-09-24 22:03:09,004 - BotRunner - [INFO] - Successfully published 'https://sana.sy/locals/2292627/' to Blogger: http://news.toiall.com/2025/09/syrian-peoples-assembly-elections_89.html (main.py:189)
2025-09-24 22:03:09,004 - BotRunner - [INFO] - --- Processing Article (4/8): https://sana.sy/locals/2292612/ --- (main.py:110)
2025-09-24 22:03:12,311 - BotRunner - [INFO] - Main image hosted: http://i.ibb.co/jPNvGGmw/main-a-campaign-to-fortify-125000-h-1758738447.jpg (main.py:133)
2025-09-24 22:03:24,327 - BotRunner - [INFO] - No custom labels provided, extracting automatically... (main.py:170)
2025-09-24 22:03:24,356 - BotRunner - [INFO] - Publishing to Blogger. Title: 'حملة لتحصين 125 ألف رأس من الأبقار ضد الحمى القلاعية في دمشق وريفها (A campaign to fortify 125,000 heads of cows against foot -and -mouth fever in Damascus and its countryside)', Labels: ['دليلك في الأخبار', 'دليلك في سوريا'] (main.py:178)
2025-09-24 22:03:25,297 - BotRunner - [INFO] - Successfully published 'https://sana.sy/locals/2292612/' to Blogger: http://news.toiall.com/2025/09/125-campaign-to-fortify-125000-heads-of_53.html (main.py:189)
2025-09-24 22:03:25,297 - BotRunner - [INFO] - --- Processing Article (5/8): https://sana.sy/locals/2292523/ --- (main.py:110)
2025-09-24 22:03:30,457 - BotRunner - [INFO] - Main image hosted: http://i.ibb.co/39ppmcQH/main-the-israeli-occupation-forces-1758738509.jpg (main.py:133)
2025-09-24 22:03:30,460 - BotRunner - [INFO] - No custom labels provided, extracting automatically... (main.py:170)
2025-09-24 22:03:30,488 - BotRunner - [INFO] - Publishing to Blogger. Title: 'قوات الاحتلال الإسرائيلي تتوغل في الصمدانية الشرقية ورسم الحلبي بريف القنيطرة (The Israeli occupation forces penetrate into the eastern Samaniya and the drawing of Al -Halabi in Quneitra countryside)', Labels: ['دليلك في الأخبار', 'دليلك في سوريا'] (main.py:178)
2025-09-24 22:03:31,563 - BotRunner - [INFO] - Successfully published 'https://sana.sy/locals/2292523/' to Blogger: http://news.toiall.com/2025/09/israeli-occupation-forces-penetrate_24.html (main.py:189)
2025-09-24 22:03:31,563 - BotRunner - [INFO] - --- Processing Article (6/8): https://sana.sy/education/2292421/ --- (main.py:110)
2025-09-24 22:03:34,649 - BotRunner - [INFO] - Main image hosted: http://i.ibb.co/DfMtYnHV/main-higher-education-reduces-admis-1758738520.jpg (main.py:133)
2025-09-24 22:03:34,660 - BotRunner - [INFO] - No custom labels provided, extracting automatically... (main.py:170)
2025-09-24 22:03:34,691 - BotRunner - [INFO] - Publishing to Blogger. Title: 'التعليم العالي تخفض معدلات القبول للطلاب السوريين العائدين من الخارج (Higher education reduces admission rates for Syrian students returning from abroad)', Labels: ['دليلك في الأخبار', 'دليلك في سوريا'] (main.py:178)
2025-09-24 22:03:35,474 - BotRunner - [ERROR] - Failed to publish https://sana.sy/education/2292421/ to Blogger. (main.py:197)
2025-09-24 22:03:35,474 - BotRunner - [INFO] - --- Processing Article (7/8): https://sana.sy/education/2292327/ --- (main.py:110)
2025-09-24 22:03:38,673 - BotRunner - [INFO] - Main image hosted: http://i.ibb.co/tw1x3DJH/main-the-syrian-minister-of-educati-1758738532.jpg (main.py:133)
2025-09-24 22:03:43,677 - BotRunner - [INFO] - No custom labels provided, extracting automatically... (main.py:170)
2025-09-24 22:03:43,706 - BotRunner - [INFO] - Publishing to Blogger. Title: 'وزير التربية السوري يبحث مع نقيب معلمي فلسطين تعزيز التعاون المشترك (The Syrian Minister of Education discusses with the Palestinian Teachers Syndicate to enhance joint cooperation)', Labels: ['دليلك في الأخبار', 'دليلك في سوريا'] (main.py:178)
2025-09-24 22:03:44,738 - BotRunner - [ERROR] - Failed to publish https://sana.sy/education/2292327/ to Blogger. (main.py:197)
2025-09-24 22:03:44,738 - BotRunner - [INFO] - --- Processing Article (8/8): https://sana.sy/miscellaneous/2292338/ --- (main.py:110)
2025-09-24 22:03:48,765 - BotRunner - [INFO] - Main image hosted: http://i.ibb.co/HS41QKL/main-sign-language-a-human-bridge-n-1758738562.jpg (main.py:133)
2025-09-24 22:03:59,623 - BotRunner - [INFO] - No custom labels provided, extracting automatically... (main.py:170)
2025-09-24 22:03:59,654 - BotRunner - [INFO] - Publishing to Blogger. Title: 'لغة الإشارة.. جسر إنساني يروي قصص نجاح الصم في مواجهة التحديات (Sign language .. A human bridge narrates stories of deaf success in facing challenges)', Labels: ['دليلك في الأخبار', 'دليلك في سوريا'] (main.py:178)
2025-09-24 22:04:00,737 - BotRunner - [INFO] - Successfully published 'https://sana.sy/miscellaneous/2292338/' to Blogger: http://news.toiall.com/2025/09/sign-language-human-bridge-narrates_26.html (main.py:189)
2025-09-24 22:04:00,737 - BotRunner - [INFO] - Published 6 new articles in this cycle. (main.py:199)
2025-09-24 22:04:00,737 - BotRunner - [INFO] - ===== BOT CYCLE FINISHED ===== (main.py:200)
2025-09-24 22:59:33,953 - BotRunner - [INFO] - Config loaded from C:\Users\Khale\OneDrive\Desktop\projects\auto_online\bot_scripts\scraper\config.ini (main.py:40)
2025-09-24 22:59:33,953 - BotRunner - [INFO] - ===== BOT CYCLE STARTED ===== (main.py:62)
2025-09-24 22:59:33,953 - BotRunner - [WARNING] - File 'published_source_urls.txt' not found. A new one will be created. (main.py:47)
2025-09-24 22:59:33,954 - BotRunner - [INFO] - Loaded 0 previously published URLs. (main.py:64)
2025-09-24 23:02:29,614 - BotRunner - [INFO] - Config loaded from C:\Users\Khale\OneDrive\Desktop\projects\auto_online\bot_scripts\scraper\config.ini (main.py:40)
2025-09-24 23:02:29,615 - BotRunner - [INFO] - ===== BOT CYCLE STARTED ===== (main.py:62)
2025-09-24 23:02:29,615 - BotRunner - [WARNING] - File 'published_source_urls.txt' not found. A new one will be created. (main.py:47)
2025-09-24 23:02:29,615 - BotRunner - [INFO] - Loaded 0 previously published URLs. (main.py:64)
2025-09-24 23:03:47,338 - BotRunner - [INFO] - Config loaded from C:\Users\Khale\OneDrive\Desktop\projects\auto_online\bot_scripts\scraper\config.ini (main.py:40)
2025-09-24 23:03:47,338 - BotRunner - [INFO] - ===== BOT CYCLE STARTED ===== (main.py:62)
2025-09-24 23:03:47,338 - BotRunner - [WARNING] - File 'published_source_urls.txt' not found. A new one will be created. (main.py:47)
2025-09-24 23:03:47,338 - BotRunner - [INFO] - Loaded 0 previously published URLs. (main.py:64)
2025-09-24 23:05:14,515 - BotRunner - [INFO] - Config loaded from C:\Users\Khale\OneDrive\Desktop\projects\auto_online\bot_scripts\scraper\config.ini (main.py:40)
2025-09-24 23:05:14,516 - BotRunner - [INFO] - ===== BOT CYCLE STARTED ===== (main.py:62)
2025-09-24 23:05:14,516 - BotRunner - [WARNING] - File 'published_source_urls.txt' not found. A new one will be created. (main.py:47)
2025-09-24 23:05:14,516 - BotRunner - [INFO] - Loaded 0 previously published URLs. (main.py:64)
2025-09-24 23:23:08,236 - BotRunner - [INFO] - Config loaded from C:\Users\Khale\OneDrive\Desktop\projects\auto_online\bot_scripts\scraper\config.ini (main.py:40)
2025-09-24 23:23:08,236 - BotRunner - [INFO] - ===== BOT CYCLE STARTED ===== (main.py:62)
2025-09-24 23:23:08,236 - BotRunner - [WARNING] - File 'published_source_urls.txt' not found. A new one will be created. (main.py:47)
2025-09-24 23:23:08,236 - BotRunner - [INFO] - Loaded 0 previously published URLs. (main.py:64)
2025-09-24 23:23:10,630 - BotRunner - [INFO] - Processing 2 specific URLs provided. (main.py:89)
2025-09-24 23:23:10,631 - BotRunner - [INFO] - --- Processing Article (1/2): https://sana.sy/economy/2292522/ --- (main.py:110)
2025-09-24 23:23:20,636 - BotRunner - [INFO] - Main image hosted: http://i.ibb.co/7JptdpKc/main-the-support-and-development-of-1758738405.jpg (main.py:133)
2025-09-24 23:23:20,676 - BotRunner - [INFO] - No custom labels provided, extracting automatically... (main.py:170)
2025-09-24 23:23:20,740 - BotRunner - [INFO] - Publishing to Blogger. Title: 'هيئة دعم وتنمية الإنتاج المحلي والصادرات: برامج مستدامة للصادرات السورية (The Support and Development of Local Production and Export Development: Sustainable programs for Syrian exports)', Labels: ['دليلك في الأخبار', 'دليلك في سوريا'] (main.py:178)
2025-09-24 23:23:23,854 - BotRunner - [INFO] - Successfully published 'https://sana.sy/economy/2292522/' to Blogger: http://news.toiall.com/2025/09/support-and-development-of-local_96.html (main.py:189)
2025-09-24 23:23:23,854 - BotRunner - [INFO] - --- Processing Article (2/2): https://sana.sy/economy/2292581/ --- (main.py:110)
2025-09-24 23:23:39,472 - BotRunner - [INFO] - Main image hosted: http://i.ibb.co/s9BQG86D/main-gold-prices-rise-10-thousand-p-1758738422.jpg (main.py:133)
2025-09-24 23:23:39,483 - BotRunner - [INFO] - No custom labels provided, extracting automatically... (main.py:170)
2025-09-24 23:23:39,518 - BotRunner - [INFO] - Publishing to Blogger. Title: 'ارتفاع أسعار الذهب 10 آلاف ليرة في السوق السورية (Gold prices rise 10 thousand pounds in the Syrian market)', Labels: ['دليلك في الأخبار', 'دليلك في سوريا'] (main.py:178)
2025-09-24 23:23:40,749 - BotRunner - [INFO] - Successfully published 'https://sana.sy/economy/2292581/' to Blogger: http://news.toiall.com/2025/09/10-gold-prices-rise-10-thousand-pounds_87.html (main.py:189)
2025-09-24 23:23:40,750 - BotRunner - [INFO] - Published 2 new articles in this cycle. (main.py:199)
2025-09-24 23:23:40,750 - BotRunner - [INFO] - ===== BOT CYCLE FINISHED ===== (main.py:200)
2025-09-25 16:30:09,443 - BotRunner - [INFO] - Config loaded from C:\Users\Khale\OneDrive\Desktop\projects\auto_online\bot_scripts\scraper\config.ini (main.py:41)
2025-09-25 16:30:09,444 - BotRunner - [INFO] - ===== BOT CYCLE STARTED ===== (main.py:64)
2025-09-25 16:30:09,445 - BotRunner - [WARNING] - File 'published_source_urls.txt' not found. A new one will be created. (main.py:48)
2025-09-25 16:30:09,446 - BotRunner - [INFO] - Loaded 0 previously published URLs. (main.py:66)
2025-09-25 16:30:09,463 - BotRunner - [INFO] - Successfully loaded publishing rules from C:\Users\Khale\AppData\Local\Temp\tmpw453x9uf.json (main.py:74)
2025-09-25 16:30:09,612 - BotRunner - [INFO] - Processing 1 specific URLs provided. (main.py:99)
2025-09-25 16:30:09,612 - BotRunner - [INFO] - --- Processing Article (1/1): https://sana.sy/economy/2292522/ --- (main.py:120)
2025-09-25 16:30:21,661 - BotRunner - [INFO] - Main image hosted: http://i.ibb.co/Xkb5z17m/main-the-support-and-development-of-1758807018.jpg (main.py:139)
2025-09-25 16:30:21,671 - BotRunner - [INFO] - No custom labels provided, extracting automatically... (main.py:175)
2025-09-25 16:30:21,730 - BotRunner - [INFO] - Publishing to Blogger. Title: 'هيئة دعم وتنمية الإنتاج المحلي والصادرات: برامج مستدامة للصادرات السورية (The Support and Development of Local Production and Export Development: Sustainable programs for Syrian exports)', Labels: ['دليلك في الأخبار', 'دليلك في سوريا'] (main.py:183)
2025-09-25 16:30:25,894 - BotRunner - [INFO] - Successfully published 'https://sana.sy/economy/2292522/' to Blogger: http://news.toiall.com/2025/09/support-and-development-of-local_25.html (main.py:191)
2025-09-25 16:30:25,895 - BotRunner - [INFO] - Published 1 new articles in this cycle. (main.py:200)
2025-09-25 16:30:25,895 - BotRunner - [INFO] - ===== BOT CYCLE FINISHED ===== (main.py:201)
2025-09-25 16:32:54,605 - BotRunner - [INFO] - Config loaded from C:\Users\Khale\OneDrive\Desktop\projects\auto_online\bot_scripts\scraper\config.ini (main.py:41)
2025-09-25 16:32:54,605 - BotRunner - [INFO] - ===== BOT CYCLE STARTED ===== (main.py:64)
2025-09-25 16:32:54,606 - BotRunner - [WARNING] - File 'published_source_urls.txt' not found. A new one will be created. (main.py:48)
2025-09-25 16:32:54,607 - BotRunner - [INFO] - Loaded 0 previously published URLs. (main.py:66)
2025-09-25 16:32:54,610 - BotRunner - [INFO] - Successfully loaded publishing rules from C:\Users\Khale\AppData\Local\Temp\tmpv9qu3q4n.json (main.py:74)
2025-09-25 16:32:54,717 - BotRunner - [INFO] - Processing 1 specific URLs provided. (main.py:99)
2025-09-25 16:32:54,717 - BotRunner - [INFO] - --- Processing Article (1/1): https://sana.sy/locals/2292627/ --- (main.py:120)
2025-09-25 16:33:07,746 - BotRunner - [INFO] - Main image hosted: http://i.ibb.co/m5wQQWf3/main-the-syrian-peoples-assembly-el-1758807182.jpg (main.py:139)
2025-09-25 16:33:07,752 - BotRunner - [INFO] - No custom labels provided, extracting automatically... (main.py:175)
2025-09-25 16:33:07,782 - BotRunner - [INFO] - Publishing to Blogger. Title: 'لجنة انتخابات مجلس الشعب السوري تصدر قوائم الترميم الأولية لأعضاء الهيئات الناخبة (The Syrian People's Assembly elections committee issues the initial restoration lists for members of the elite bodies)', Labels: ['دليلك في الأخبار', 'دليلك في سوريا'] (main.py:183)
2025-09-25 16:33:11,082 - BotRunner - [INFO] - Successfully published 'https://sana.sy/locals/2292627/' to Blogger: http://news.toiall.com/2025/09/syrian-peoples-assembly-elections_25.html (main.py:191)
2025-09-25 16:33:11,083 - BotRunner - [INFO] - Published 1 new articles in this cycle. (main.py:200)
2025-09-25 16:33:11,083 - BotRunner - [INFO] - ===== BOT CYCLE FINISHED ===== (main.py:201)
2025-09-25 16:48:40,618 - BotRunner - [INFO] - Config loaded from C:\Users\Khale\OneDrive\Desktop\projects\auto_online\bot_scripts\scraper\config.ini (main.py:41)
2025-09-25 16:48:40,619 - BotRunner - [INFO] - ===== BOT CYCLE STARTED ===== (main.py:64)
2025-09-25 16:48:40,619 - BotRunner - [WARNING] - File 'published_source_urls.txt' not found. A new one will be created. (main.py:48)
2025-09-25 16:48:40,620 - BotRunner - [INFO] - Loaded 0 previously published URLs. (main.py:66)
2025-09-25 16:48:40,622 - BotRunner - [INFO] - Successfully loaded publishing rules from C:\Users\Khale\AppData\Local\Temp\tmpkogpyole.json (main.py:74)
2025-09-25 16:48:41,646 - BotRunner - [INFO] - Processing 1 specific URLs provided. (main.py:99)
2025-09-25 16:48:41,647 - BotRunner - [INFO] - --- Processing Article (1/1): https://sana.sy/locals/2292627/ --- (main.py:120)
2025-09-25 16:48:47,876 - BotRunner - [INFO] - Main image hosted: http://i.ibb.co/Gf8FChrQ/main-the-syrian-peoples-assembly-el-1758808126.jpg (main.py:139)
2025-09-25 16:48:47,884 - BotRunner - [INFO] - No custom labels provided, extracting automatically... (main.py:175)
2025-09-25 16:48:47,918 - BotRunner - [INFO] - Publishing to Blogger. Title: 'لجنة انتخابات مجلس الشعب السوري تصدر قوائم الترميم الأولية لأعضاء الهيئات الناخبة (The Syrian People's Assembly elections committee issues the initial restoration lists for members of the elite bodies)', Labels: ['دليلك في الأخبار', 'دليلك في سوريا'] (main.py:183)
2025-09-25 16:48:50,830 - BotRunner - [INFO] - Successfully published 'https://sana.sy/locals/2292627/' to Blogger: http://news.toiall.com/2025/09/syrian-peoples-assembly-elections_49.html (main.py:191)
2025-09-25 16:48:50,830 - BotRunner - [INFO] - Published 1 new articles in this cycle. (main.py:200)
2025-09-25 16:48:50,831 - BotRunner - [INFO] - ===== BOT CYCLE FINISHED ===== (main.py:201)
2025-09-25 17:05:29,958 - BotRunner - [INFO] - Config loaded from C:\Users\Khale\OneDrive\Desktop\projects\auto_online\bot_scripts\scraper\config.ini (main.py:41)
2025-09-25 17:05:29,958 - BotRunner - [INFO] - ===== BOT CYCLE STARTED ===== (main.py:64)
2025-09-25 17:05:29,958 - BotRunner - [WARNING] - File 'published_source_urls.txt' not found. A new one will be created. (main.py:48)
2025-09-25 17:05:29,959 - BotRunner - [INFO] - Loaded 0 previously published URLs. (main.py:66)
2025-09-25 17:05:29,961 - BotRunner - [INFO] - Successfully loaded publishing rules from C:\Users\Khale\AppData\Local\Temp\tmpdn4qxnqd.json (main.py:74)
2025-09-25 17:05:30,052 - BotRunner - [INFO] - Processing 2 specific URLs provided. (main.py:99)
2025-09-25 17:05:30,054 - BotRunner - [INFO] - --- Processing Article (1/2): https://sana.sy/education/2292327/ --- (main.py:120)
2025-09-25 17:05:35,589 - BotRunner - [INFO] - Main image hosted: http://i.ibb.co/b5tZ9dpt/main-the-syrian-minister-of-educati-1758809133.jpg (main.py:139)
2025-09-25 17:05:39,742 - BotRunner - [INFO] - No custom labels provided, extracting automatically... (main.py:175)
2025-09-25 17:05:39,782 - BotRunner - [INFO] - Publishing to Blogger. Title: 'وزير التربية السوري يبحث مع نقيب معلمي فلسطين تعزيز التعاون المشترك (The Syrian Minister of Education discusses with the Palestinian Teachers Syndicate to enhance joint cooperation)', Labels: ['دليلك في الأخبار', 'دليلك في سوريا'] (main.py:183)
2025-09-25 17:05:42,764 - BotRunner - [INFO] - Successfully published 'https://sana.sy/education/2292327/' to Blogger: http://news.toiall.com/2025/09/syrian-minister-of-education-discusses_25.html (main.py:191)
2025-09-25 17:05:42,765 - BotRunner - [INFO] - --- Processing Article (2/2): https://sana.sy/miscellaneous/2292338/ --- (main.py:120)
2025-09-25 17:05:46,588 - BotRunner - [INFO] - Main image hosted: http://i.ibb.co/mC7MGVh3/main-sign-language-a-human-bridge-n-1758809145.jpg (main.py:139)
2025-09-25 17:05:58,040 - BotRunner - [INFO] - No custom labels provided, extracting automatically... (main.py:175)
2025-09-25 17:05:58,075 - BotRunner - [INFO] - Publishing to Blogger. Title: 'لغة الإشارة.. جسر إنساني يروي قصص نجاح الصم في مواجهة التحديات (Sign language .. A human bridge narrates stories of deaf success in facing challenges)', Labels: ['دليلك في الأخبار', 'دليلك في سوريا'] (main.py:183)
2025-09-25 17:05:59,218 - BotRunner - [INFO] - Successfully published 'https://sana.sy/miscellaneous/2292338/' to Blogger: http://news.toiall.com/2025/09/sign-language-human-bridge-narrates_25.html (main.py:191)
2025-09-25 17:05:59,219 - BotRunner - [INFO] - Published 2 new articles in this cycle. (main.py:200)
2025-09-25 17:05:59,219 - BotRunner - [INFO] - ===== BOT CYCLE FINISHED ===== (main.py:201)
2025-09-26 02:58:18,476 - BotRunner - [INFO] - Config loaded from C:\Users\Khale\OneDrive\Desktop\projects\auto_online\bot_scripts\scraper\config.ini (main.py:41)
2025-09-26 02:58:18,477 - BotRunner - [INFO] - ===== BOT CYCLE STARTED ===== (main.py:64)
2025-09-26 02:58:18,478 - BotRunner - [WARNING] - File 'published_source_urls.txt' not found. A new one will be created. (main.py:48)
2025-09-26 02:58:18,478 - BotRunner - [INFO] - Loaded 0 previously published URLs. (main.py:66)
2025-09-26 02:58:18,495 - BotRunner - [INFO] - Successfully loaded publishing rules from C:\Users\Khale\AppData\Local\Temp\tmpmec1uvj5.json (main.py:74)
2025-09-26 02:58:19,328 - BotRunner - [INFO] - Processing 8 specific URLs provided. (main.py:99)
2025-09-26 02:58:19,328 - BotRunner - [INFO] - --- Processing Article (1/8): https://sana.sy/education/2293740/ --- (main.py:120)
2025-09-26 02:58:22,746 - BotRunner - [INFO] - Main image hosted: http://i.ibb.co/2Yc1CRfd/main-minister-of-higher-education-i-1758844701.jpg (main.py:139)
2025-09-26 02:58:22,753 - BotRunner - [INFO] - Using custom labels provided by user: ['دليلك في الأخبار', 'دليلك في سوريا'] (main.py:172)
2025-09-26 02:58:22,754 - BotRunner - [INFO] - Publishing to Blogger. Title: 'وزير التعليم العالي: إصدار مفاضلة خاصة بالشهادات الثانوية القديمة خلال أيام (Minister of Higher Education: Issuing a specialization of old secondary certificates within days)', Labels: ['دليلك في الأخبار', 'دليلك في سوريا'] (main.py:183)
2025-09-26 02:58:25,348 - BotRunner - [INFO] - Successfully published 'https://sana.sy/education/2293740/' to Blogger: http://news.toiall.com/2025/09/minister-of-higher-education-issuing.html (main.py:191)
2025-09-26 02:58:25,348 - BotRunner - [INFO] - --- Processing Article (2/8): https://sana.sy/education/2293769/ --- (main.py:120)
2025-09-26 02:58:28,457 - BotRunner - [INFO] - Main image hosted: http://i.ibb.co/21vvs2mR/main-syria-is-preparing-24-million-1758844707.jpg (main.py:139)
2025-09-26 02:58:37,462 - BotRunner - [INFO] - Using custom labels provided by user: ['دليلك في الأخبار', 'دليلك في سوريا'] (main.py:172)
2025-09-26 02:58:37,462 - BotRunner - [INFO] - Publishing to Blogger. Title: 'سوريا تجهز 24 مليون كتاب مدرسي لطلابها (Syria is preparing 24 million textbooks for its students)', Labels: ['دليلك في الأخبار', 'دليلك في سوريا'] (main.py:183)
2025-09-26 02:58:38,055 - BotRunner - [INFO] - Successfully published 'https://sana.sy/education/2293769/' to Blogger: http://news.toiall.com/2025/09/24-syria-is-preparing-24-million.html (main.py:191)
2025-09-26 02:58:38,055 - BotRunner - [INFO] - --- Processing Article (3/8): https://sana.sy/locals/2293749/ --- (main.py:120)
2025-09-26 02:58:41,397 - BotRunner - [INFO] - Main image hosted: http://i.ibb.co/yBSLjfbF/main-the-peoples-assembly-elections-1758844720.jpg (main.py:139)
2025-09-26 02:58:53,750 - BotRunner - [INFO] - Using custom labels provided by user: ['دليلك في الأخبار', 'دليلك في سوريا'] (main.py:172)
2025-09-26 02:58:53,750 - BotRunner - [INFO] - Publishing to Blogger. Title: 'لجنة انتخابات مجلس الشعب تبحث مع سفراء الاتحاد الأوروبي الاستحقاق الانتخابي المقبل (The People's Assembly elections committee discusses with the European Union ambassadors next electoral entitlement)', Labels: ['دليلك في الأخبار', 'دليلك في سوريا'] (main.py:183)
2025-09-26 02:58:54,793 - BotRunner - [INFO] - Successfully published 'https://sana.sy/locals/2293749/' to Blogger: http://news.toiall.com/2025/09/peoples-assembly-elections-committee.html (main.py:191)
2025-09-26 02:58:54,793 - BotRunner - [INFO] - --- Processing Article (4/8): https://sana.sy/locals/2293675/ --- (main.py:120)
2025-09-26 02:58:58,843 - BotRunner - [INFO] - Main image hosted: http://i.ibb.co/zVs2FwX7/main-the-launch-of-the-syria-bild-c-1758844737.jpg (main.py:139)
2025-09-26 02:58:58,848 - BotRunner - [INFO] - Using custom labels provided by user: ['دليلك في الأخبار', 'دليلك في سوريا'] (main.py:172)
2025-09-26 02:58:58,848 - BotRunner - [INFO] - Publishing to Blogger. Title: 'انطلاق معرض “سيريا بيلد” للبناء غداً بدمشق بمشاركة شركات محلية ودولية واسعة (The launch of the "Syria Bild" construction exhibition tomorrow in Damascus, with the participation of broad local and international companies)', Labels: ['دليلك في الأخبار', 'دليلك في سوريا'] (main.py:183)
2025-09-26 02:59:00,053 - BotRunner - [INFO] - Successfully published 'https://sana.sy/locals/2293675/' to Blogger: http://news.toiall.com/2025/09/launch-of-syria-bild-construction.html (main.py:191)
2025-09-26 02:59:00,053 - BotRunner - [INFO] - --- Processing Article (5/8): https://sana.sy/locals/2293778/ --- (main.py:120)
2025-09-26 02:59:03,852 - BotRunner - [INFO] - Main image hosted: http://i.ibb.co/PGm75b86/main-idlib-is-preparing-to-launch-t-1758844742.jpg (main.py:139)
2025-09-26 02:59:14,923 - BotRunner - [INFO] - Using custom labels provided by user: ['دليلك في الأخبار', 'دليلك في سوريا'] (main.py:172)
2025-09-26 02:59:14,923 - BotRunner - [INFO] - Publishing to Blogger. Title: 'إدلب تستعد لإطلاق حملة الوفاء مساء غد لدعم المناطق المتضررة وإعادة الإعمار (Idlib is preparing to launch the loyalty campaign tomorrow evening to support the affected areas and reconstruction)', Labels: ['دليلك في الأخبار', 'دليلك في سوريا'] (main.py:183)
2025-09-26 02:59:15,976 - BotRunner - [INFO] - Successfully published 'https://sana.sy/locals/2293778/' to Blogger: http://news.toiall.com/2025/09/idlib-is-preparing-to-launch-loyalty.html (main.py:191)
2025-09-26 02:59:15,976 - BotRunner - [INFO] - --- Processing Article (6/8): https://sana.sy/education/2293734/ --- (main.py:120)
2025-09-26 02:59:19,367 - BotRunner - [INFO] - Main image hosted: http://i.ibb.co/VWCfKcyV/main-higher-education-the-start-of-1758844758.jpg (main.py:139)
2025-09-26 02:59:19,377 - BotRunner - [INFO] - Using custom labels provided by user: ['دليلك في الأخبار', 'دليلك في سوريا'] (main.py:172)
2025-09-26 02:59:19,377 - BotRunner - [INFO] - Publishing to Blogger. Title: 'التعليم العالي: بدء التقدم للمفاضلات الجامعية اعتباراً من 1 تشرين الأول المقبل (Higher Education: The start of progress for university flocks as of next October)', Labels: ['دليلك في الأخبار', 'دليلك في سوريا'] (main.py:183)
2025-09-26 02:59:20,312 - BotRunner - [ERROR] - Failed to publish https://sana.sy/education/2293734/ to Blogger. (main.py:198)
2025-09-26 02:59:20,312 - BotRunner - [INFO] - --- Processing Article (7/8): https://sana.sy/miscellaneous/2293245/ --- (main.py:120)
2025-09-26 02:59:24,351 - BotRunner - [INFO] - Main image hosted: http://i.ibb.co/GQ8dR779/main-the-effectiveness-of-the-deaf-1758844763.jpg (main.py:139)
2025-09-26 02:59:43,959 - BotRunner - [INFO] - Using custom labels provided by user: ['دليلك في الأخبار', 'دليلك في سوريا'] (main.py:172)
2025-09-26 02:59:43,960 - BotRunner - [INFO] - Publishing to Blogger. Title: 'فعالية للأطفال الصم وأقرانهم بمناسبة اليوم العالمي للغة الإشارة (The effectiveness of the deaf children and their peers on the occasion of the International Signal Language Day)', Labels: ['دليلك في الأخبار', 'دليلك في سوريا'] (main.py:183)
2025-09-26 02:59:44,714 - BotRunner - [INFO] - Successfully published 'https://sana.sy/miscellaneous/2293245/' to Blogger: http://news.toiall.com/2025/09/effectiveness-of-deaf-children-and.html (main.py:191)
2025-09-26 02:59:44,714 - BotRunner - [INFO] - --- Processing Article (8/8): https://sana.sy/education/2291870/ --- (main.py:120)
2025-09-26 02:59:49,005 - BotRunner - [INFO] - Main image hosted: http://i.ibb.co/spx92s24/main-hama-breeding-produces-1000-sc-1758844788.jpg (main.py:139)
2025-09-26 02:59:57,355 - BotRunner - [INFO] - Using custom labels provided by user: ['دليلك في الأخبار', 'دليلك في سوريا'] (main.py:172)
2025-09-26 02:59:57,355 - BotRunner - [INFO] - Publishing to Blogger. Title: 'تربية حماة تنتج 1000 مقعد مدرسي لدعم التعليم في المناطق العائدة بعد النزوح (Hama breeding produces 1000 school seats to support education in the areas returning after displacement)', Labels: ['دليلك في الأخبار', 'دليلك في سوريا'] (main.py:183)
2025-09-26 02:59:57,847 - BotRunner - [INFO] - Successfully published 'https://sana.sy/education/2291870/' to Blogger: http://news.toiall.com/2025/09/1000-hama-breeding-produces-1000-school.html (main.py:191)
2025-09-26 02:59:57,847 - BotRunner - [INFO] - Published 7 new articles in this cycle. (main.py:200)
2025-09-26 02:59:57,847 - BotRunner - [INFO] - ===== BOT CYCLE FINISHED ===== (main.py:201)
