2025-09-24 03:51:08,377 - file_cache is only supported with oauth2client<4.0.0
2025-09-24 03:51:37,926 - file_cache is only supported with oauth2client<4.0.0
2025-09-24 03:57:56,505 - file_cache is only supported with oauth2client<4.0.0
2025-09-24 03:59:54,684 - file_cache is only supported with oauth2client<4.0.0
2025-09-24 04:05:58,954 - file_cache is only supported with oauth2client<4.0.0
2025-09-24 04:14:39,419 - file_cache is only supported with oauth2client<4.0.0
2025-09-24 04:20:31,052 - file_cache is only supported with oauth2client<4.0.0
2025-09-24 04:20:39,462 - file_cache is only supported with oauth2client<4.0.0
2025-09-24 04:20:43,763 - file_cache is only supported with oauth2client<4.0.0
2025-09-24 04:22:24,363 - file_cache is only supported with oauth2client<4.0.0
2025-09-24 04:22:27,949 - \u2705 \u062a\u0645 \u062a\u0639\u062f\u064a\u0644: \u062d\u0631\u0643\u0629 \u0627\u0644\u0637\u064a\u0631\u0627\u0646 \u0627\u0644\u062e\u0627\u0635 \u0641\u064a \u062f\u0628\u064a.. \u0646\u0645\u0648 \u0628\u0646\u0633\u0628\u0629 15% \u062e\u0644\u0627\u0644 \u0627\u0644\u0646\u0635\u0641 \u0627\u0644\u0623\u0648\u0644 \u0645\u0646 2025 (Dubai's private aviation movement .. growth of 15% during the first half of 2025)
2025-09-24 04:55:23,336 - file_cache is only supported with oauth2client<4.0.0
2025-09-24 04:55:27,135 - \u2705 \u062a\u0645 \u062a\u0639\u062f\u064a\u0644: \u0625\u0643\u0633\u0628\u0648 \u0623\u0648\u0633\u0627\u0643\u0627.. \u062d\u0631\u0641 \u0627\u0644\u0639\u0637\u0648\u0631 \u0648\u0627\u0644\u0628\u062e\u0648\u0631 \u0627\u0644\u062a\u0642\u0644\u064a\u062f\u064a\u0629 \u062a\u0623\u0633\u0631 \u0632\u0648\u0627\u0631 \u062c\u0646\u0627\u062d \u0627\u0644\u0625\u0645\u0627\u0631\u0627\u062a
2025-09-24 04:55:29,894 - \u2705 \u062a\u0645 \u062a\u0639\u062f\u064a\u0644: \u0644\u062d\u0638\u0629 \u0625\u0645\u0627\u0631\u0627\u062a\u064a\u0629 \u0641\u0627\u0631\u0642\u0629.. \u0623\u0648\u0644 \u0634\u062d\u0646 \u062c\u0648\u064a \u0628\u0640\u0645\u0633\u064a\u0631\u0629 \u0645\u0646 \u0645\u0637\u0627\u0631 \u0645\u062f\u0646\u064a \u0625\u0644\u0649 \u0645\u0646\u0635\u0629 \u0628\u062d\u0631\u064a\u0629
2025-09-24 21:46:57,661 - file_cache is only supported with oauth2client<4.0.0
2025-09-24 23:39:23,572 - file_cache is only supported with oauth2client<4.0.0
2025-09-24 23:50:31,609 - file_cache is only supported with oauth2client<4.0.0
2025-09-25 15:37:32,603 - file_cache is only supported with oauth2client<4.0.0
2025-09-25 16:30:36,466 - file_cache is only supported with oauth2client<4.0.0
2025-09-25 16:51:03,930 - file_cache is only supported with oauth2client<4.0.0
2025-09-25 17:06:49,913 - file_cache is only supported with oauth2client<4.0.0
2025-09-25 17:06:58,644 - file_cache is only supported with oauth2client<4.0.0
2025-09-25 17:09:13,897 - file_cache is only supported with oauth2client<4.0.0
2025-09-25 17:10:25,253 - file_cache is only supported with oauth2client<4.0.0
2025-09-25 17:17:24,305 - file_cache is only supported with oauth2client<4.0.0
2025-09-25 19:03:12,930 - file_cache is only supported with oauth2client<4.0.0
2025-09-25 19:03:16,379 - Encountered 403 Forbidden with reason "forbidden"
2025-09-25 19:03:17,609 - Encountered 403 Forbidden with reason "forbidden"
2025-09-25 19:03:18,633 - Encountered 403 Forbidden with reason "forbidden"
2025-09-26 03:00:43,936 - file_cache is only supported with oauth2client<4.0.0
