--- بدء السجل في 2025-09-24 04:54:54 ---
2025-09-24 04:55:00,741 - BotRunner - [INFO] - Config loaded from C:\Users\Khale\OneDrive\Desktop\projects\auto_online\bot_scripts\scraper\config.ini (main.py:40)
2025-09-24 04:55:00,741 - BotRunner - [INFO] - ===== BOT CYCLE STARTED ===== (main.py:62)
2025-09-24 04:55:00,741 - BotRunner - [WARNING] - File 'published_source_urls.txt' not found. A new one will be created. (main.py:47)
2025-09-24 04:55:00,741 - BotRunner - [INFO] - Loaded 0 previously published URLs. (main.py:64)
2025-09-24 04:55:00,799 - core.article_scraper - [INFO] - ArticleScraper initialized with CloudScraper UA: Mozilla/5.0 (Windows NT 10.0; Win64; x64) AppleWebKit/537.36 (KHTML, like Gecko) Chrome/120.0.0.0 Safari/537.36 (article_scraper.py:22)
2025-09-24 04:55:00,799 - core.content_formatter - [INFO] - Attempting to load replacement dictionary from: C:\Users\Khale\OneDrive\Desktop\projects\auto_online\bot_scripts\scraper\replacements.json (content_formatter.py:31)
2025-09-24 04:55:00,799 - core.content_formatter - [WARNING] - Repl. dict file 'C:\Users\Khale\OneDrive\Desktop\projects\auto_online\bot_scripts\scraper\replacements.json' not found. (content_formatter.py:33)
2025-09-24 04:55:00,800 - core.permalink_generator - [INFO] - DeepL Translator (Google engine) initialized for permalink/title suggestion. (permalink_generator.py:18)
2025-09-24 04:55:00,802 - core.blogger_client - [INFO] - Using BlogID: 3714169846779613939 for Blogger operations. (blogger_client.py:39)
2025-09-24 04:55:00,809 - core.blogger_client - [INFO] - Blogger service client initialized successfully. (blogger_client.py:93)
2025-09-24 04:55:00,809 - BotRunner - [INFO] - Processing 1 specific URLs provided. (main.py:89)
2025-09-24 04:55:00,809 - BotRunner - [INFO] - --- Processing Article (1/1): https://world.albalad-news.com/2025/09/expo-osaka-traditional-perfumes-and.html --- (main.py:119)
2025-09-24 04:55:00,809 - core.article_scraper - [INFO] - Scraping https://world.albalad-news.com/2025/09/expo-osaka-traditional-perfumes-and.html (via cloudscraper) (article_scraper.py:138)
2025-09-24 04:55:02,031 - core.article_scraper - [INFO] - SUCCESS: Found title for 'https://world.albalad-news.com/2025/09/expo-osaka-traditional-perfumes-and.html' using selector #2: 'h1'. (article_scraper.py:31)
2025-09-24 04:55:02,131 - core.article_scraper - [WARNING] - FAILURE: Could not find content container for 'https://world.albalad-news.com/2025/09/expo-osaka-traditional-perfumes-and.html' using: ['body > div.all > div > div.container > div.featured > div.news_preview', 'div.description_holder', 'body > main > div > div.row > div.col-lg-8 > article > div.article-content', '#penci-post-entry-inner', 'div > div.s-ct > div.s-ct-wrap > div.s-ct-inner'] (article_scraper.py:34)
2025-09-24 04:55:02,134 - core.article_scraper - [INFO] - Found main image via JSON-LD: https://i.ibb.co/Kjncw6JY/main-expo-osaka-traditional-perfume-1758373019.jpg (article_scraper.py:183)
2025-09-24 04:55:02,136 - core.content_formatter - [INFO] - HTML content formatted for Blogger. (content_formatter.py:185)
2025-09-24 04:55:02,136 - BotRunner - [INFO] - Using custom labels provided by user: ['دليلك في الأخبار', 'دليلك في الإمارات'] (main.py:146)
2025-09-24 04:55:02,137 - BotRunner - [INFO] - Publishing to Blogger. Title: 'إكسبو أوساكا.. حرف العطور والبخور التقليدية تأسر زوار جناح الإمارات', Labels: ['دليلك في الأخبار', 'دليلك في الإمارات'] (main.py:159)
2025-09-24 04:55:02,137 - core.blogger_client - [INFO] - Creating post: 'إكسبو أوساكا.. حرف العطور والبخور التقليدية تأسر زوار جناح ا...' (Draft: False) (blogger_client.py:116)
2025-09-24 04:55:05,222 - core.blogger_client - [INFO] - Post created successfully: http://news.toiall.com/2025/09/blog-post_23.html (blogger_client.py:126)
2025-09-24 04:55:05,223 - BotRunner - [INFO] - Successfully published 'https://world.albalad-news.com/2025/09/expo-osaka-traditional-perfumes-and.html' to Blogger: http://news.toiall.com/2025/09/blog-post_23.html (main.py:170)
2025-09-24 04:55:05,224 - BotRunner - [INFO] - Published 1 new articles in this cycle. (main.py:180)
2025-09-24 04:55:05,224 - BotRunner - [INFO] - ===== BOT CYCLE FINISHED ===== (main.py:181)
