--- بدء السجل في 2025-09-24 21:26:05 ---
2025-09-24 21:26:27,333 - BotRunner - [INFO] - Config loaded from C:\Users\Khale\OneDrive\Desktop\projects\auto_online\bot_scripts\scraper\config.ini (main.py:40)
2025-09-24 21:26:27,334 - BotRunner - [INFO] - ===== BOT CYCLE STARTED ===== (main.py:62)
2025-09-24 21:26:27,334 - BotRunner - [WARNING] - File 'published_source_urls.txt' not found. A new one will be created. (main.py:47)
2025-09-24 21:26:27,334 - BotRunner - [INFO] - Loaded 0 previously published URLs. (main.py:64)
2025-09-24 21:26:27,425 - core.article_scraper - [INFO] - ArticleScraper initialized with CloudScraper UA: Mozilla/5.0 (Windows NT 10.0; Win64; x64) AppleWebKit/537.36 (KHTML, like Gecko) Chrome/120.0.0.0 Safari/537.36 (article_scraper.py:22)
2025-09-24 21:26:27,425 - core.content_formatter - [INFO] - Attempting to load replacement dictionary from: C:\Users\Khale\OneDrive\Desktop\projects\auto_online\bot_scripts\scraper\replacements.json (content_formatter.py:31)
2025-09-24 21:26:27,425 - core.content_formatter - [WARNING] - Repl. dict file 'C:\Users\Khale\OneDrive\Desktop\projects\auto_online\bot_scripts\scraper\replacements.json' not found. (content_formatter.py:33)
2025-09-24 21:26:27,427 - core.permalink_generator - [INFO] - DeepL Translator (Google engine) initialized for permalink/title suggestion. (permalink_generator.py:18)
2025-09-24 21:26:27,430 - core.blogger_client - [INFO] - Using BlogID: 3714169846779613939 for Blogger operations. (blogger_client.py:39)
2025-09-24 21:26:27,454 - core.blogger_client - [INFO] - Credentials expired. Refreshing token... (blogger_client.py:58)
2025-09-24 21:26:31,834 - core.blogger_client - [INFO] - Token refreshed successfully. (blogger_client.py:60)
2025-09-24 21:26:31,836 - core.blogger_client - [INFO] - Credentials saved to google_credentials/account_1\token.json (blogger_client.py:83)
2025-09-24 21:26:31,883 - core.blogger_client - [INFO] - Blogger service client initialized successfully. (blogger_client.py:93)
2025-09-24 21:26:31,883 - BotRunner - [INFO] - Processing 8 specific URLs provided. (main.py:89)
2025-09-24 21:26:31,884 - BotRunner - [INFO] - --- Processing Article (1/8): https://sana.sy/economy/2292522/ --- (main.py:110)
2025-09-24 21:26:31,884 - core.article_scraper - [INFO] - Scraping https://sana.sy/economy/2292522/ (via cloudscraper) (article_scraper.py:138)
2025-09-24 21:26:36,946 - core.article_scraper - [INFO] - SUCCESS: Found title for 'https://sana.sy/economy/2292522/' using selector #2: 'h1'. (article_scraper.py:31)
2025-09-24 21:26:36,998 - core.article_scraper - [INFO] - SUCCESS: Found content container for 'https://sana.sy/economy/2292522/' using selector #5: 'div > div.s-ct > div.s-ct-wrap > div.s-ct-inner'. (article_scraper.py:31)
2025-09-24 21:26:37,034 - core.article_scraper - [INFO] - Found OG image: https://cdn.sananews.sy/2025/09/DSC00304-1024x683.jpg (article_scraper.py:186)
2025-09-24 21:26:39,105 - core.permalink_generator - [INFO] - Original: 'هيئة دعم وتنمية الإنتاج المحلي...' -> Suggested Title: 'The Support and Development of Local Production an...', Slug base: 'the-support-and-development-of-local-production-and-export-development-sust' (permalink_generator.py:47)
Defined crop area (0,0,0,0) is invalid for image 891x649. Skipping fixed crop.
2025-09-24 21:26:50,293 - BotRunner - [INFO] - Main image hosted: http://i.ibb.co/7JptdpKc/main-the-support-and-development-of-1758738405.jpg (main.py:133)
2025-09-24 21:26:50,301 - core.content_formatter - [INFO] - HTML content formatted for Blogger. (content_formatter.py:185)
2025-09-24 21:26:50,301 - BotRunner - [INFO] - Using custom labels provided by user: ['دليلك في الأخبار', 'دليلك في سوريا'] (main.py:167)
2025-09-24 21:26:50,301 - BotRunner - [INFO] - Publishing to Blogger. Title: 'هيئة دعم وتنمية الإنتاج المحلي والصادرات: برامج مستدامة للصادرات السورية (The Support and Development of Local Production and Export Development: Sustainable programs for Syrian exports)', Labels: ['دليلك في الأخبار', 'دليلك في سوريا'] (main.py:178)
2025-09-24 21:26:50,301 - core.blogger_client - [INFO] - Creating post: 'هيئة دعم وتنمية الإنتاج المحلي والصادرات: برامج مستدامة للصا...' (Draft: False) (blogger_client.py:116)
2025-09-24 21:26:54,281 - core.blogger_client - [INFO] - Post created successfully: http://news.toiall.com/2025/09/support-and-development-of-local.html (blogger_client.py:126)
2025-09-24 21:26:54,282 - BotRunner - [INFO] - Successfully published 'https://sana.sy/economy/2292522/' to Blogger: http://news.toiall.com/2025/09/support-and-development-of-local.html (main.py:189)
2025-09-24 21:26:54,282 - BotRunner - [INFO] - --- Processing Article (2/8): https://sana.sy/economy/2292581/ --- (main.py:110)
2025-09-24 21:26:54,282 - core.article_scraper - [INFO] - Scraping https://sana.sy/economy/2292581/ (via cloudscraper) (article_scraper.py:138)
2025-09-24 21:26:56,054 - core.article_scraper - [INFO] - SUCCESS: Found title for 'https://sana.sy/economy/2292581/' using selector #2: 'h1'. (article_scraper.py:31)
2025-09-24 21:26:56,110 - core.article_scraper - [INFO] - SUCCESS: Found content container for 'https://sana.sy/economy/2292581/' using selector #5: 'div > div.s-ct > div.s-ct-wrap > div.s-ct-inner'. (article_scraper.py:31)
2025-09-24 21:26:56,130 - core.article_scraper - [INFO] - Found OG image: https://cdn.sananews.sy/2025/09/WSS0076-1-1024x683.jpg (article_scraper.py:186)
2025-09-24 21:26:58,385 - core.permalink_generator - [INFO] - Original: 'ارتفاع أسعار الذهب 10 آلاف لير...' -> Suggested Title: 'Gold prices rise 10 thousand pounds in the Syrian ...', Slug base: 'gold-prices-rise-10-thousand-pounds-in-the-syrian-market' (permalink_generator.py:47)
Defined crop area (0,0,0,0) is invalid for image 891x649. Skipping fixed crop.
2025-09-24 21:27:07,009 - BotRunner - [INFO] - Main image hosted: http://i.ibb.co/s9BQG86D/main-gold-prices-rise-10-thousand-p-1758738422.jpg (main.py:133)
2025-09-24 21:27:07,015 - core.content_formatter - [INFO] - HTML content formatted for Blogger. (content_formatter.py:185)
2025-09-24 21:27:07,015 - BotRunner - [INFO] - Using custom labels provided by user: ['دليلك في الأخبار', 'دليلك في سوريا'] (main.py:167)
2025-09-24 21:27:07,015 - BotRunner - [INFO] - Publishing to Blogger. Title: 'ارتفاع أسعار الذهب 10 آلاف ليرة في السوق السورية (Gold prices rise 10 thousand pounds in the Syrian market)', Labels: ['دليلك في الأخبار', 'دليلك في سوريا'] (main.py:178)
2025-09-24 21:27:07,016 - core.blogger_client - [INFO] - Creating post: 'ارتفاع أسعار الذهب 10 آلاف ليرة في السوق السورية (Gold price...' (Draft: False) (blogger_client.py:116)
2025-09-24 21:27:08,733 - core.blogger_client - [INFO] - Post created successfully: http://news.toiall.com/2025/09/10-gold-prices-rise-10-thousand-pounds.html (blogger_client.py:126)
2025-09-24 21:27:08,733 - BotRunner - [INFO] - Successfully published 'https://sana.sy/economy/2292581/' to Blogger: http://news.toiall.com/2025/09/10-gold-prices-rise-10-thousand-pounds.html (main.py:189)
2025-09-24 21:27:08,734 - BotRunner - [INFO] - --- Processing Article (3/8): https://sana.sy/locals/2292627/ --- (main.py:110)
2025-09-24 21:27:08,734 - core.article_scraper - [INFO] - Scraping https://sana.sy/locals/2292627/ (via cloudscraper) (article_scraper.py:138)
2025-09-24 21:27:10,634 - core.article_scraper - [INFO] - SUCCESS: Found title for 'https://sana.sy/locals/2292627/' using selector #2: 'h1'. (article_scraper.py:31)
2025-09-24 21:27:10,718 - core.article_scraper - [INFO] - SUCCESS: Found content container for 'https://sana.sy/locals/2292627/' using selector #5: 'div > div.s-ct > div.s-ct-wrap > div.s-ct-inner'. (article_scraper.py:31)
2025-09-24 21:27:10,742 - core.article_scraper - [INFO] - Found OG image: https://cdn.sananews.sy/2025/09/photo_2025-09-19_20-21-01.jpg (article_scraper.py:186)
2025-09-24 21:27:12,795 - core.permalink_generator - [INFO] - Original: 'لجنة انتخابات مجلس الشعب السور...' -> Suggested Title: 'The Syrian People's Assembly elections committee i...', Slug base: 'the-syrian-peoples-assembly-elections-committee-issues-the-initial-restorat' (permalink_generator.py:47)
Defined crop area (0,0,0,0) is invalid for image 1114x811. Skipping fixed crop.
2025-09-24 21:27:20,357 - BotRunner - [INFO] - Main image hosted: http://i.ibb.co/1fhx1fwX/main-the-syrian-peoples-assembly-el-1758738436.jpg (main.py:133)
2025-09-24 21:27:20,369 - core.content_formatter - [INFO] - HTML content formatted for Blogger. (content_formatter.py:185)
2025-09-24 21:27:20,370 - BotRunner - [INFO] - Using custom labels provided by user: ['دليلك في الأخبار', 'دليلك في سوريا'] (main.py:167)
2025-09-24 21:27:20,370 - BotRunner - [INFO] - Publishing to Blogger. Title: 'لجنة انتخابات مجلس الشعب السوري تصدر قوائم الترميم الأولية لأعضاء الهيئات الناخبة (The Syrian People's Assembly elections committee issues the initial restoration lists for members of the elite bodies)', Labels: ['دليلك في الأخبار', 'دليلك في سوريا'] (main.py:178)
2025-09-24 21:27:20,371 - core.blogger_client - [INFO] - Creating post: 'لجنة انتخابات مجلس الشعب السوري تصدر قوائم الترميم الأولية ل...' (Draft: False) (blogger_client.py:116)
2025-09-24 21:27:21,551 - core.blogger_client - [INFO] - Post created successfully: http://news.toiall.com/2025/09/syrian-peoples-assembly-elections_24.html (blogger_client.py:126)
2025-09-24 21:27:21,551 - BotRunner - [INFO] - Successfully published 'https://sana.sy/locals/2292627/' to Blogger: http://news.toiall.com/2025/09/syrian-peoples-assembly-elections_24.html (main.py:189)
2025-09-24 21:27:21,551 - BotRunner - [INFO] - --- Processing Article (4/8): https://sana.sy/locals/2292612/ --- (main.py:110)
2025-09-24 21:27:21,551 - core.article_scraper - [INFO] - Scraping https://sana.sy/locals/2292612/ (via cloudscraper) (article_scraper.py:138)
2025-09-24 21:27:23,290 - core.article_scraper - [INFO] - SUCCESS: Found title for 'https://sana.sy/locals/2292612/' using selector #2: 'h1'. (article_scraper.py:31)
2025-09-24 21:27:23,335 - core.article_scraper - [INFO] - SUCCESS: Found content container for 'https://sana.sy/locals/2292612/' using selector #5: 'div > div.s-ct > div.s-ct-wrap > div.s-ct-inner'. (article_scraper.py:31)
2025-09-24 21:27:23,365 - core.article_scraper - [INFO] - Found OG image: https://cdn.sananews.sy/2025/09/IMG-20250924-WA0032-1024x683.jpg (article_scraper.py:186)
2025-09-24 21:27:24,732 - core.permalink_generator - [INFO] - Original: 'حملة لتحصين 125 ألف رأس من الأ...' -> Suggested Title: 'A campaign to fortify 125,000 heads of cows agains...', Slug base: 'a-campaign-to-fortify-125000-heads-of-cows-against-foot-and-mouth-fever-in' (permalink_generator.py:47)
Defined crop area (0,0,0,0) is invalid for image 891x649. Skipping fixed crop.
2025-09-24 21:27:29,948 - BotRunner - [INFO] - Main image hosted: http://i.ibb.co/jPNvGGmw/main-a-campaign-to-fortify-125000-h-1758738447.jpg (main.py:133)
Defined crop area (0,0,0,0) is invalid for image 2228x1622. Skipping fixed crop.
Defined crop area (0,0,0,0) is invalid for image 2228x1622. Skipping fixed crop.
Defined crop area (0,0,0,0) is invalid for image 891x649. Skipping fixed crop.
Defined crop area (0,0,0,0) is invalid for image 891x649. Skipping fixed crop.
Defined crop area (0,0,0,0) is invalid for image 891x649. Skipping fixed crop.
2025-09-24 21:28:16,139 - core.content_formatter - [INFO] - HTML content formatted for Blogger. (content_formatter.py:185)
2025-09-24 21:28:16,139 - BotRunner - [INFO] - Using custom labels provided by user: ['دليلك في الأخبار', 'دليلك في سوريا'] (main.py:167)
2025-09-24 21:28:16,139 - BotRunner - [INFO] - Publishing to Blogger. Title: 'حملة لتحصين 125 ألف رأس من الأبقار ضد الحمى القلاعية في دمشق وريفها (A campaign to fortify 125,000 heads of cows against foot -and -mouth fever in Damascus and its countryside)', Labels: ['دليلك في الأخبار', 'دليلك في سوريا'] (main.py:178)
2025-09-24 21:28:16,139 - core.blogger_client - [INFO] - Creating post: 'حملة لتحصين 125 ألف رأس من الأبقار ضد الحمى القلاعية في دمشق...' (Draft: False) (blogger_client.py:116)
2025-09-24 21:28:17,249 - core.blogger_client - [INFO] - Post created successfully: http://news.toiall.com/2025/09/125-campaign-to-fortify-125000-heads-of.html (blogger_client.py:126)
2025-09-24 21:28:17,249 - BotRunner - [INFO] - Successfully published 'https://sana.sy/locals/2292612/' to Blogger: http://news.toiall.com/2025/09/125-campaign-to-fortify-125000-heads-of.html (main.py:189)
2025-09-24 21:28:17,249 - BotRunner - [INFO] - --- Processing Article (5/8): https://sana.sy/locals/2292523/ --- (main.py:110)
2025-09-24 21:28:17,249 - core.article_scraper - [INFO] - Scraping https://sana.sy/locals/2292523/ (via cloudscraper) (article_scraper.py:138)
2025-09-24 21:28:18,791 - core.article_scraper - [INFO] - SUCCESS: Found title for 'https://sana.sy/locals/2292523/' using selector #2: 'h1'. (article_scraper.py:31)
2025-09-24 21:28:18,845 - core.article_scraper - [INFO] - SUCCESS: Found content container for 'https://sana.sy/locals/2292523/' using selector #5: 'div > div.s-ct > div.s-ct-wrap > div.s-ct-inner'. (article_scraper.py:31)
2025-09-24 21:28:18,868 - core.article_scraper - [INFO] - Found OG image: https://cdn.sananews.sy/2025/09/٢٠٢٥٠٩٢٤_١٣٣١٥٣2.jpg (article_scraper.py:186)
2025-09-24 21:28:20,242 - core.permalink_generator - [INFO] - Original: 'قوات الاحتلال الإسرائيلي تتوغل...' -> Suggested Title: 'The Israeli occupation forces penetrate into the e...', Slug base: 'the-israeli-occupation-forces-penetrate-into-the-eastern-samaniya-and-the-d' (permalink_generator.py:47)
Defined crop area (0,0,0,0) is invalid for image 1542x1122. Skipping fixed crop.
2025-09-24 21:28:34,611 - BotRunner - [INFO] - Main image hosted: http://i.ibb.co/39ppmcQH/main-the-israeli-occupation-forces-1758738509.jpg (main.py:133)
2025-09-24 21:28:34,617 - core.content_formatter - [INFO] - HTML content formatted for Blogger. (content_formatter.py:185)
2025-09-24 21:28:34,617 - BotRunner - [INFO] - Using custom labels provided by user: ['دليلك في الأخبار', 'دليلك في سوريا'] (main.py:167)
2025-09-24 21:28:34,618 - BotRunner - [INFO] - Publishing to Blogger. Title: 'قوات الاحتلال الإسرائيلي تتوغل في الصمدانية الشرقية ورسم الحلبي بريف القنيطرة (The Israeli occupation forces penetrate into the eastern Samaniya and the drawing of Al -Halabi in Quneitra countryside)', Labels: ['دليلك في الأخبار', 'دليلك في سوريا'] (main.py:178)
2025-09-24 21:28:34,618 - core.blogger_client - [INFO] - Creating post: 'قوات الاحتلال الإسرائيلي تتوغل في الصمدانية الشرقية ورسم الح...' (Draft: False) (blogger_client.py:116)
2025-09-24 21:28:35,833 - core.blogger_client - [INFO] - Post created successfully: http://news.toiall.com/2025/09/israeli-occupation-forces-penetrate.html (blogger_client.py:126)
2025-09-24 21:28:35,833 - BotRunner - [INFO] - Successfully published 'https://sana.sy/locals/2292523/' to Blogger: http://news.toiall.com/2025/09/israeli-occupation-forces-penetrate.html (main.py:189)
2025-09-24 21:28:35,833 - BotRunner - [INFO] - --- Processing Article (6/8): https://sana.sy/education/2292421/ --- (main.py:110)
2025-09-24 21:28:35,833 - core.article_scraper - [INFO] - Scraping https://sana.sy/education/2292421/ (via cloudscraper) (article_scraper.py:138)
2025-09-24 21:28:37,310 - core.article_scraper - [INFO] - SUCCESS: Found title for 'https://sana.sy/education/2292421/' using selector #2: 'h1'. (article_scraper.py:31)
2025-09-24 21:28:37,348 - core.article_scraper - [INFO] - SUCCESS: Found content container for 'https://sana.sy/education/2292421/' using selector #5: 'div > div.s-ct > div.s-ct-wrap > div.s-ct-inner'. (article_scraper.py:31)
2025-09-24 21:28:37,365 - core.article_scraper - [INFO] - Found OG image: https://cdn.sananews.sy/2025/09/WSS0071-Copy-2-1024x683.jpg (article_scraper.py:186)
2025-09-24 21:28:38,576 - core.permalink_generator - [INFO] - Original: 'التعليم العالي تخفض معدلات الق...' -> Suggested Title: 'Higher education reduces admission rates for Syria...', Slug base: 'higher-education-reduces-admission-rates-for-syrian-students-returning-from' (permalink_generator.py:47)
Defined crop area (0,0,0,0) is invalid for image 891x649. Skipping fixed crop.
2025-09-24 21:28:43,560 - BotRunner - [INFO] - Main image hosted: http://i.ibb.co/DfMtYnHV/main-higher-education-reduces-admis-1758738520.jpg (main.py:133)
2025-09-24 21:28:43,567 - core.content_formatter - [INFO] - HTML content formatted for Blogger. (content_formatter.py:185)
2025-09-24 21:28:43,567 - BotRunner - [INFO] - Using custom labels provided by user: ['دليلك في الأخبار', 'دليلك في سوريا'] (main.py:167)
2025-09-24 21:28:43,567 - BotRunner - [INFO] - Publishing to Blogger. Title: 'التعليم العالي تخفض معدلات القبول للطلاب السوريين العائدين من الخارج (Higher education reduces admission rates for Syrian students returning from abroad)', Labels: ['دليلك في الأخبار', 'دليلك في سوريا'] (main.py:178)
2025-09-24 21:28:43,568 - core.blogger_client - [INFO] - Creating post: 'التعليم العالي تخفض معدلات القبول للطلاب السوريين العائدين م...' (Draft: False) (blogger_client.py:116)
2025-09-24 21:28:44,943 - core.blogger_client - [INFO] - Post created successfully: http://news.toiall.com/2025/09/higher-education-reduces-admission.html (blogger_client.py:126)
2025-09-24 21:28:44,943 - BotRunner - [INFO] - Successfully published 'https://sana.sy/education/2292421/' to Blogger: http://news.toiall.com/2025/09/higher-education-reduces-admission.html (main.py:189)
2025-09-24 21:28:44,943 - BotRunner - [INFO] - --- Processing Article (7/8): https://sana.sy/education/2292327/ --- (main.py:110)
2025-09-24 21:28:44,943 - core.article_scraper - [INFO] - Scraping https://sana.sy/education/2292327/ (via cloudscraper) (article_scraper.py:138)
2025-09-24 21:28:48,511 - core.article_scraper - [INFO] - SUCCESS: Found title for 'https://sana.sy/education/2292327/' using selector #2: 'h1'. (article_scraper.py:31)
2025-09-24 21:28:48,565 - core.article_scraper - [INFO] - SUCCESS: Found content container for 'https://sana.sy/education/2292327/' using selector #5: 'div > div.s-ct > div.s-ct-wrap > div.s-ct-inner'. (article_scraper.py:31)
2025-09-24 21:28:48,592 - core.article_scraper - [INFO] - Found OG image: https://cdn.sananews.sy/2025/09/888-4-2-1024x683.jpg (article_scraper.py:186)
2025-09-24 21:28:50,850 - core.permalink_generator - [INFO] - Original: 'وزير التربية السوري يبحث مع نق...' -> Suggested Title: 'The Syrian Minister of Education discusses with th...', Slug base: 'the-syrian-minister-of-education-discusses-with-the-palestinian-teachers-sy' (permalink_generator.py:47)
Defined crop area (0,0,0,0) is invalid for image 891x649. Skipping fixed crop.
2025-09-24 21:28:55,001 - BotRunner - [INFO] - Main image hosted: http://i.ibb.co/tw1x3DJH/main-the-syrian-minister-of-educati-1758738532.jpg (main.py:133)
Defined crop area (0,0,0,0) is invalid for image 2228x1622. Skipping fixed crop.
Defined crop area (0,0,0,0) is invalid for image 261x190. Skipping fixed crop.
2025-09-24 21:29:13,218 - core.content_formatter - [INFO] - HTML content formatted for Blogger. (content_formatter.py:185)
2025-09-24 21:29:13,218 - BotRunner - [INFO] - Using custom labels provided by user: ['دليلك في الأخبار', 'دليلك في سوريا'] (main.py:167)
2025-09-24 21:29:13,218 - BotRunner - [INFO] - Publishing to Blogger. Title: 'وزير التربية السوري يبحث مع نقيب معلمي فلسطين تعزيز التعاون المشترك (The Syrian Minister of Education discusses with the Palestinian Teachers Syndicate to enhance joint cooperation)', Labels: ['دليلك في الأخبار', 'دليلك في سوريا'] (main.py:178)
2025-09-24 21:29:13,219 - core.blogger_client - [INFO] - Creating post: 'وزير التربية السوري يبحث مع نقيب معلمي فلسطين تعزيز التعاون ...' (Draft: False) (blogger_client.py:116)
2025-09-24 21:29:14,801 - core.blogger_client - [INFO] - Post created successfully: http://news.toiall.com/2025/09/syrian-minister-of-education-discusses.html (blogger_client.py:126)
2025-09-24 21:29:14,802 - BotRunner - [INFO] - Successfully published 'https://sana.sy/education/2292327/' to Blogger: http://news.toiall.com/2025/09/syrian-minister-of-education-discusses.html (main.py:189)
2025-09-24 21:29:14,802 - BotRunner - [INFO] - --- Processing Article (8/8): https://sana.sy/miscellaneous/2292338/ --- (main.py:110)
2025-09-24 21:29:14,802 - core.article_scraper - [INFO] - Scraping https://sana.sy/miscellaneous/2292338/ (via cloudscraper) (article_scraper.py:138)
2025-09-24 21:29:17,946 - core.article_scraper - [INFO] - SUCCESS: Found title for 'https://sana.sy/miscellaneous/2292338/' using selector #2: 'h1'. (article_scraper.py:31)
2025-09-24 21:29:17,993 - core.article_scraper - [INFO] - SUCCESS: Found content container for 'https://sana.sy/miscellaneous/2292338/' using selector #5: 'div > div.s-ct > div.s-ct-wrap > div.s-ct-inner'. (article_scraper.py:31)
2025-09-24 21:29:18,028 - core.article_scraper - [INFO] - Found OG image: https://cdn.sananews.sy/2025/09/DSC_8574-1024x683.jpg (article_scraper.py:186)
2025-09-24 21:29:19,831 - core.permalink_generator - [INFO] - Original: 'لغة الإشارة.. جسر إنساني يروي ...' -> Suggested Title: 'Sign language .. A human bridge narrates stories o...', Slug base: 'sign-language-a-human-bridge-narrates-stories-of-deaf-success-in-facing-cha' (permalink_generator.py:47)
Defined crop area (0,0,0,0) is invalid for image 891x649. Skipping fixed crop.
2025-09-24 21:29:24,850 - BotRunner - [INFO] - Main image hosted: http://i.ibb.co/HS41QKL/main-sign-language-a-human-bridge-n-1758738562.jpg (main.py:133)
Defined crop area (0,0,0,0) is invalid for image 2228x1622. Skipping fixed crop.
Defined crop area (0,0,0,0) is invalid for image 2228x1622. Skipping fixed crop.
Defined crop area (0,0,0,0) is invalid for image 2228x1622. Skipping fixed crop.
Defined crop area (0,0,0,0) is invalid for image 2228x1622. Skipping fixed crop.
2025-09-24 21:30:14,295 - core.content_formatter - [INFO] - HTML content formatted for Blogger. (content_formatter.py:185)
2025-09-24 21:30:14,295 - BotRunner - [INFO] - Using custom labels provided by user: ['دليلك في الأخبار', 'دليلك في سوريا'] (main.py:167)
2025-09-24 21:30:14,296 - BotRunner - [INFO] - Publishing to Blogger. Title: 'لغة الإشارة.. جسر إنساني يروي قصص نجاح الصم في مواجهة التحديات (Sign language .. A human bridge narrates stories of deaf success in facing challenges)', Labels: ['دليلك في الأخبار', 'دليلك في سوريا'] (main.py:178)
2025-09-24 21:30:14,296 - core.blogger_client - [INFO] - Creating post: 'لغة الإشارة.. جسر إنساني يروي قصص نجاح الصم في مواجهة التحدي...' (Draft: False) (blogger_client.py:116)
2025-09-24 21:30:16,014 - core.blogger_client - [INFO] - Post created successfully: http://news.toiall.com/2025/09/sign-language-human-bridge-narrates.html (blogger_client.py:126)
2025-09-24 21:30:16,014 - BotRunner - [INFO] - Successfully published 'https://sana.sy/miscellaneous/2292338/' to Blogger: http://news.toiall.com/2025/09/sign-language-human-bridge-narrates.html (main.py:189)
2025-09-24 21:30:16,014 - BotRunner - [INFO] - Published 8 new articles in this cycle. (main.py:199)
2025-09-24 21:30:16,014 - BotRunner - [INFO] - ===== BOT CYCLE FINISHED ===== (main.py:200)
