--- Ø¨Ø¯Ø¡ Ø§Ù„Ø³Ø¬Ù„ ÙÙŠ 2025-09-24 23:23:01 ---
2025-09-24 23:23:08,236 - BotRunner - [INFO] - Config loaded from C:\Users\Khale\OneDrive\Desktop\projects\auto_online\bot_scripts\scraper\config.ini (main.py:40)
2025-09-24 23:23:08,236 - BotRunner - [INFO] - ===== BOT CYCLE STARTED ===== (main.py:62)
2025-09-24 23:23:08,236 - BotRunner - [WARNING] - File 'published_source_urls.txt' not found. A new one will be created. (main.py:47)
2025-09-24 23:23:08,236 - BotRunner - [INFO] - Loaded 0 previously published URLs. (main.py:64)
2025-09-24 23:23:08,299 - core.article_scraper - [INFO] - ArticleScraper initialized with CloudScraper UA: Mozilla/5.0 (Windows NT 10.0; Win64; x64) AppleWebKit/537.36 (KHTML, like Gecko) Chrome/120.0.0.0 Safari/537.36 (article_scraper.py:22)
2025-09-24 23:23:08,299 - core.content_formatter - [INFO] - Attempting to load replacement dictionary from: C:\Users\Khale\OneDrive\Desktop\projects\auto_online\bot_scripts\scraper\replacements.json (content_formatter.py:31)
2025-09-24 23:23:08,300 - core.content_formatter - [INFO] - Loaded 6 replacement patterns from 'C:\Users\Khale\OneDrive\Desktop\projects\auto_online\bot_scripts\scraper\replacements.json'. (content_formatter.py:43)
2025-09-24 23:23:08,301 - core.permalink_generator - [INFO] - DeepL Translator (Google engine) initialized for permalink/title suggestion. (permalink_generator.py:18)
2025-09-24 23:23:08,303 - core.blogger_client - [INFO] - Using BlogID: 3714169846779613939 for Blogger operations. (blogger_client.py:39)
2025-09-24 23:23:08,307 - core.blogger_client - [INFO] - Credentials expired. Refreshing token... (blogger_client.py:58)
2025-09-24 23:23:10,607 - core.blogger_client - [INFO] - Token refreshed successfully. (blogger_client.py:60)
2025-09-24 23:23:10,610 - core.blogger_client - [INFO] - Credentials saved to google_credentials/account_1\token.json (blogger_client.py:83)
2025-09-24 23:23:10,629 - core.blogger_client - [INFO] - Blogger service client initialized successfully. (blogger_client.py:93)
2025-09-24 23:23:10,630 - BotRunner - [INFO] - Processing 2 specific URLs provided. (main.py:89)
2025-09-24 23:23:10,631 - BotRunner - [INFO] - --- Processing Article (1/2): https://sana.sy/economy/2292522/ --- (main.py:110)
2025-09-24 23:23:10,631 - core.article_scraper - [INFO] - Scraping https://sana.sy/economy/2292522/ (via cloudscraper) (article_scraper.py:138)
2025-09-24 23:23:13,112 - core.article_scraper - [INFO] - SUCCESS: Found title for 'https://sana.sy/economy/2292522/' using selector #2: 'h1'. (article_scraper.py:31)
2025-09-24 23:23:13,169 - core.article_scraper - [INFO] - SUCCESS: Found content container for 'https://sana.sy/economy/2292522/' using selector #5: 'div > div.s-ct > div.s-ct-wrap > div.s-ct-inner'. (article_scraper.py:31)
2025-09-24 23:23:13,204 - core.article_scraper - [INFO] - Found OG image: https://cdn.sananews.sy/2025/09/DSC00304-1024x683.jpg (article_scraper.py:186)
2025-09-24 23:23:15,033 - core.permalink_generator - [INFO] - Original: 'Ù‡ÙŠØ¦Ø© Ø¯Ø¹Ù… ÙˆØªÙ†Ù…ÙŠØ© Ø§Ù„Ø¥Ù†ØªØ§Ø¬ Ø§Ù„Ù…Ø­Ù„ÙŠ...' -> Suggested Title: 'The Support and Development of Local Production an...', Slug base: 'the-support-and-development-of-local-production-and-export-development-sust' (permalink_generator.py:47)
Defined crop area (0,0,0,0) is invalid for image 891x649. Skipping fixed crop.
2025-09-24 23:23:20,636 - BotRunner - [INFO] - Main image hosted: http://i.ibb.co/7JptdpKc/main-the-support-and-development-of-1758738405.jpg (main.py:133)
2025-09-24 23:23:20,650 - core.content_formatter - [INFO] - Text replacements applied from dictionary. (content_formatter.py:105)
2025-09-24 23:23:20,671 - core.content_formatter - [INFO] - HTML content formatted for Blogger. (content_formatter.py:185)
2025-09-24 23:23:20,676 - BotRunner - [INFO] - No custom labels provided, extracting automatically... (main.py:170)
2025-09-24 23:23:20,691 - core.keyword_extractor - [INFO] - Extracting keywords (lang: ar, target: 0). Snippet: 'Ø¯Ù…Ø´Ù‚-Ø³Ø§Ù†Ø§ Ø£ÙƒØ¯ Ù…Ø¯ÙŠØ± Ù‡ÙŠØ¦Ø© Ø¯Ø¹Ù… ÙˆØªÙ†Ù…ÙŠØ© Ø§Ù„Ø¥Ù†ØªØ§Ø¬ Ø§Ù„Ù…Ø­Ù„ÙŠ ÙˆØ§Ù„ØµØ§Ø¯Ø±Ø§ØªØŒ ÙØ±Ø§Ø³ Ø§Ù„ØºÙÙŠØ±ØŒ Ø£Ù† Ø§Ù„Ù‡ÙŠØ¦Ø© ØªØ¶Ø¹ ÙÙŠ Ù…Ù‚Ø¯Ù…Ø© Ø£ÙˆÙ„...' (keyword_extractor.py:42)
2025-09-24 23:23:20,724 - core.keyword_extractor - [ERROR] - NLTK LookupError for word_tokenize ('ar'): 
**********************************************************************
  Resource [93mpunkt_tab[0m not found.
  Please use the NLTK Downloader to obtain the resource:

  [31m>>> import nltk
  >>> nltk.download('punkt_tab')
  [0m
  For more information see: https://www.nltk.org/data.html

  Attempted to load [93mtokenizers/punkt_tab/arabic/[0m

  Searched in:
    - 'C:\\Users\\Khale/nltk_data'
    - 'C:\\Users\\Khale\\AppData\\Local\\Programs\\Python\\Python313\\nltk_data'
    - 'C:\\Users\\Khale\\AppData\\Local\\Programs\\Python\\Python313\\share\\nltk_data'
    - 'C:\\Users\\Khale\\AppData\\Local\\Programs\\Python\\Python313\\lib\\nltk_data'
    - 'C:\\Users\\Khale\\AppData\\Roaming\\nltk_data'
    - 'C:\\nltk_data'
    - 'D:\\nltk_data'
    - 'E:\\nltk_data'
**********************************************************************
. Fallback tokenization. (keyword_extractor.py:51)
2025-09-24 23:23:20,739 - core.keyword_extractor - [INFO] - Keywords extracted (ar): [] (keyword_extractor.py:60)
2025-09-24 23:23:20,740 - BotRunner - [INFO] - Publishing to Blogger. Title: 'Ù‡ÙŠØ¦Ø© Ø¯Ø¹Ù… ÙˆØªÙ†Ù…ÙŠØ© Ø§Ù„Ø¥Ù†ØªØ§Ø¬ Ø§Ù„Ù…Ø­Ù„ÙŠ ÙˆØ§Ù„ØµØ§Ø¯Ø±Ø§Øª: Ø¨Ø±Ø§Ù…Ø¬ Ù…Ø³ØªØ¯Ø§Ù…Ø© Ù„Ù„ØµØ§Ø¯Ø±Ø§Øª Ø§Ù„Ø³ÙˆØ±ÙŠØ© (The Support and Development of Local Production and Export Development: Sustainable programs for Syrian exports)', Labels: ['Ø¯Ù„ÙŠÙ„Ùƒ ÙÙŠ Ø§Ù„Ø£Ø®Ø¨Ø§Ø±', 'Ø¯Ù„ÙŠÙ„Ùƒ ÙÙŠ Ø³ÙˆØ±ÙŠØ§'] (main.py:178)
2025-09-24 23:23:20,740 - core.blogger_client - [INFO] - Creating post: 'Ù‡ÙŠØ¦Ø© Ø¯Ø¹Ù… ÙˆØªÙ†Ù…ÙŠØ© Ø§Ù„Ø¥Ù†ØªØ§Ø¬ Ø§Ù„Ù…Ø­Ù„ÙŠ ÙˆØ§Ù„ØµØ§Ø¯Ø±Ø§Øª: Ø¨Ø±Ø§Ù…Ø¬ Ù…Ø³ØªØ¯Ø§Ù…Ø© Ù„Ù„ØµØ§...' (Draft: False) (blogger_client.py:116)
2025-09-24 23:23:23,853 - core.blogger_client - [INFO] - Post created successfully: http://news.toiall.com/2025/09/support-and-development-of-local_96.html (blogger_client.py:126)
2025-09-24 23:23:23,854 - BotRunner - [INFO] - Successfully published 'https://sana.sy/economy/2292522/' to Blogger: http://news.toiall.com/2025/09/support-and-development-of-local_96.html (main.py:189)
2025-09-24 23:23:23,854 - BotRunner - [INFO] - --- Processing Article (2/2): https://sana.sy/economy/2292581/ --- (main.py:110)
2025-09-24 23:23:23,855 - core.article_scraper - [INFO] - Scraping https://sana.sy/economy/2292581/ (via cloudscraper) (article_scraper.py:138)
2025-09-24 23:23:26,593 - core.article_scraper - [INFO] - SUCCESS: Found title for 'https://sana.sy/economy/2292581/' using selector #2: 'h1'. (article_scraper.py:31)
2025-09-24 23:23:26,657 - core.article_scraper - [INFO] - SUCCESS: Found content container for 'https://sana.sy/economy/2292581/' using selector #5: 'div > div.s-ct > div.s-ct-wrap > div.s-ct-inner'. (article_scraper.py:31)
2025-09-24 23:23:26,678 - core.article_scraper - [INFO] - Found OG image: https://cdn.sananews.sy/2025/09/WSS0076-1-1024x683.jpg (article_scraper.py:186)
2025-09-24 23:23:29,044 - core.permalink_generator - [INFO] - Original: 'Ø§Ø±ØªÙØ§Ø¹ Ø£Ø³Ø¹Ø§Ø± Ø§Ù„Ø°Ù‡Ø¨ 10 Ø¢Ù„Ø§Ù Ù„ÙŠØ±...' -> Suggested Title: 'Gold prices rise 10 thousand pounds in the Syrian ...', Slug base: 'gold-prices-rise-10-thousand-pounds-in-the-syrian-market' (permalink_generator.py:47)
Defined crop area (0,0,0,0) is invalid for image 891x649. Skipping fixed crop.
2025-09-24 23:23:39,472 - BotRunner - [INFO] - Main image hosted: http://i.ibb.co/s9BQG86D/main-gold-prices-rise-10-thousand-p-1758738422.jpg (main.py:133)
2025-09-24 23:23:39,476 - core.content_formatter - [INFO] - Text replacements applied from dictionary. (content_formatter.py:105)
2025-09-24 23:23:39,483 - core.content_formatter - [INFO] - HTML content formatted for Blogger. (content_formatter.py:185)
2025-09-24 23:23:39,483 - BotRunner - [INFO] - No custom labels provided, extracting automatically... (main.py:170)
2025-09-24 23:23:39,486 - core.keyword_extractor - [INFO] - Extracting keywords (lang: ar, target: 0). Snippet: 'Ø¯Ù…Ø´Ù‚-Ø³Ø§Ù†Ø§ Ø§Ø±ØªÙØ¹Øª Ø£Ø³Ø¹Ø§Ø± Ø§Ù„Ø°Ù‡Ø¨ ÙÙŠ Ø§Ù„Ø³ÙˆÙ‚ Ø§Ù„Ø³ÙˆØ±ÙŠØ© 10 Ø¢Ù„Ø§Ù Ù„ÙŠØ±Ø© Ø¹Ù† Ø§Ù„Ø³Ø¹Ø± Ø§Ù„Ø°ÙŠ Ø³Ø¬Ù„Ù‡ Ø£Ù…Ø³ØŒ ÙˆÙ‡Ùˆ Ù…Ù„ÙŠÙˆÙ† Ùˆ180 Ø£Ù„...' (keyword_extractor.py:42)
2025-09-24 23:23:39,517 - core.keyword_extractor - [ERROR] - NLTK LookupError for word_tokenize ('ar'): 
**********************************************************************
  Resource [93mpunkt_tab[0m not found.
  Please use the NLTK Downloader to obtain the resource:

  [31m>>> import nltk
  >>> nltk.download('punkt_tab')
  [0m
  For more information see: https://www.nltk.org/data.html

  Attempted to load [93mtokenizers/punkt_tab/arabic/[0m

  Searched in:
    - 'C:\\Users\\Khale/nltk_data'
    - 'C:\\Users\\Khale\\AppData\\Local\\Programs\\Python\\Python313\\nltk_data'
    - 'C:\\Users\\Khale\\AppData\\Local\\Programs\\Python\\Python313\\share\\nltk_data'
    - 'C:\\Users\\Khale\\AppData\\Local\\Programs\\Python\\Python313\\lib\\nltk_data'
    - 'C:\\Users\\Khale\\AppData\\Roaming\\nltk_data'
    - 'C:\\nltk_data'
    - 'D:\\nltk_data'
    - 'E:\\nltk_data'
**********************************************************************
. Fallback tokenization. (keyword_extractor.py:51)
2025-09-24 23:23:39,517 - core.keyword_extractor - [INFO] - Keywords extracted (ar): [] (keyword_extractor.py:60)
2025-09-24 23:23:39,518 - BotRunner - [INFO] - Publishing to Blogger. Title: 'Ø§Ø±ØªÙØ§Ø¹ Ø£Ø³Ø¹Ø§Ø± Ø§Ù„Ø°Ù‡Ø¨ 10 Ø¢Ù„Ø§Ù Ù„ÙŠØ±Ø© ÙÙŠ Ø§Ù„Ø³ÙˆÙ‚ Ø§Ù„Ø³ÙˆØ±ÙŠØ© (Gold prices rise 10 thousand pounds in the Syrian market)', Labels: ['Ø¯Ù„ÙŠÙ„Ùƒ ÙÙŠ Ø§Ù„Ø£Ø®Ø¨Ø§Ø±', 'Ø¯Ù„ÙŠÙ„Ùƒ ÙÙŠ Ø³ÙˆØ±ÙŠØ§'] (main.py:178)
2025-09-24 23:23:39,518 - core.blogger_client - [INFO] - Creating post: 'Ø§Ø±ØªÙØ§Ø¹ Ø£Ø³Ø¹Ø§Ø± Ø§Ù„Ø°Ù‡Ø¨ 10 Ø¢Ù„Ø§Ù Ù„ÙŠØ±Ø© ÙÙŠ Ø§Ù„Ø³ÙˆÙ‚ Ø§Ù„Ø³ÙˆØ±ÙŠØ© (Gold price...' (Draft: False) (blogger_client.py:116)
2025-09-24 23:23:40,749 - core.blogger_client - [INFO] - Post created successfully: http://news.toiall.com/2025/09/10-gold-prices-rise-10-thousand-pounds_87.html (blogger_client.py:126)
2025-09-24 23:23:40,749 - BotRunner - [INFO] - Successfully published 'https://sana.sy/economy/2292581/' to Blogger: http://news.toiall.com/2025/09/10-gold-prices-rise-10-thousand-pounds_87.html (main.py:189)
2025-09-24 23:23:40,750 - BotRunner - [INFO] - Published 2 new articles in this cycle. (main.py:199)
2025-09-24 23:23:40,750 - BotRunner - [INFO] - ===== BOT CYCLE FINISHED ===== (main.py:200)
