--- بدء السجل في 2025-09-24 05:02:19 ---
2025-09-24 05:02:26,266 - BotRunner - [INFO] - Config loaded from C:\Users\Khale\OneDrive\Desktop\projects\auto_online\bot_scripts\scraper\config.ini (main.py:40)
2025-09-24 05:02:26,266 - BotRunner - [INFO] - ===== BOT CYCLE STARTED ===== (main.py:62)
2025-09-24 05:02:26,266 - BotRunner - [WARNING] - File 'published_source_urls.txt' not found. A new one will be created. (main.py:47)
2025-09-24 05:02:26,266 - BotRunner - [INFO] - Loaded 0 previously published URLs. (main.py:64)
2025-09-24 05:02:26,328 - core.article_scraper - [INFO] - ArticleScraper initialized with CloudScraper UA: Mozilla/5.0 (Windows NT 10.0; Win64; x64) AppleWebKit/537.36 (KHTML, like Gecko) Chrome/120.0.0.0 Safari/537.36 (article_scraper.py:22)
2025-09-24 05:02:26,328 - core.content_formatter - [INFO] - Attempting to load replacement dictionary from: C:\Users\Khale\OneDrive\Desktop\projects\auto_online\bot_scripts\scraper\replacements.json (content_formatter.py:31)
2025-09-24 05:02:26,328 - core.content_formatter - [WARNING] - Repl. dict file 'C:\Users\Khale\OneDrive\Desktop\projects\auto_online\bot_scripts\scraper\replacements.json' not found. (content_formatter.py:33)
2025-09-24 05:02:26,330 - core.permalink_generator - [INFO] - DeepL Translator (Google engine) initialized for permalink/title suggestion. (permalink_generator.py:18)
2025-09-24 05:02:26,331 - core.blogger_client - [INFO] - Using BlogID: 3714169846779613939 for Blogger operations. (blogger_client.py:39)
2025-09-24 05:02:26,339 - core.blogger_client - [INFO] - Blogger service client initialized successfully. (blogger_client.py:93)
2025-09-24 05:02:26,339 - BotRunner - [INFO] - Processing 1 specific URLs provided. (main.py:89)
2025-09-24 05:02:26,339 - BotRunner - [INFO] - --- Processing Article (1/1): https://world.albalad-news.com/2025/09/expo-osaka-traditional-perfumes-and.html --- (main.py:110)
2025-09-24 05:02:26,339 - core.article_scraper - [INFO] - Scraping https://world.albalad-news.com/2025/09/expo-osaka-traditional-perfumes-and.html (via cloudscraper) (article_scraper.py:138)
2025-09-24 05:02:27,585 - core.article_scraper - [INFO] - SUCCESS: Found title for 'https://world.albalad-news.com/2025/09/expo-osaka-traditional-perfumes-and.html' using selector #2: 'h1'. (article_scraper.py:31)
2025-09-24 05:02:27,627 - core.article_scraper - [WARNING] - FAILURE: Could not find content container for 'https://world.albalad-news.com/2025/09/expo-osaka-traditional-perfumes-and.html' using: ['body > div.all > div > div.container > div.featured > div.news_preview', 'div.description_holder', 'body > main > div > div.row > div.col-lg-8 > article > div.article-content', '#penci-post-entry-inner', 'div > div.s-ct > div.s-ct-wrap > div.s-ct-inner'] (article_scraper.py:34)
2025-09-24 05:02:27,633 - core.article_scraper - [INFO] - Found main image via JSON-LD: https://i.ibb.co/Kjncw6JY/main-expo-osaka-traditional-perfume-1758373019.jpg (article_scraper.py:183)
2025-09-24 05:02:29,035 - core.permalink_generator - [INFO] - Original: 'إكسبو أوساكا.. حرف العطور والب...' -> Suggested Title: 'Expo Osaka .. Traditional perfumes and incense cap...', Slug base: 'expo-osaka-traditional-perfumes-and-incense-captivating-visitors-to-the-emi' (permalink_generator.py:47)
Defined crop area (0,0,0,0) is invalid for image 609x380. Skipping fixed crop.
2025-09-24 05:02:31,205 - BotRunner - [INFO] - Main image hosted: http://i.ibb.co/4RgKrt65/main-expo-osaka-traditional-perfume-1758679350.jpg (main.py:133)
2025-09-24 05:02:31,209 - core.content_formatter - [INFO] - HTML content formatted for Blogger. (content_formatter.py:185)
2025-09-24 05:02:31,209 - BotRunner - [INFO] - Using custom labels provided by user: ['دليلك في الأخبار'] (main.py:167)
2025-09-24 05:02:31,210 - BotRunner - [INFO] - Publishing to Blogger. Title: 'إكسبو أوساكا.. حرف العطور والبخور التقليدية تأسر زوار جناح الإمارات (Expo Osaka .. Traditional perfumes and incense captivating visitors to the Emirates Wing)', Labels: ['دليلك في الأخبار'] (main.py:178)
2025-09-24 05:02:31,210 - core.blogger_client - [INFO] - Creating post: 'إكسبو أوساكا.. حرف العطور والبخور التقليدية تأسر زوار جناح ا...' (Draft: False) (blogger_client.py:116)
2025-09-24 05:02:33,427 - core.blogger_client - [INFO] - Post created successfully: http://news.toiall.com/2025/09/expo-osaka-traditional-perfumes-and.html (blogger_client.py:126)
2025-09-24 05:02:33,427 - BotRunner - [INFO] - Successfully published 'https://world.albalad-news.com/2025/09/expo-osaka-traditional-perfumes-and.html' to Blogger: http://news.toiall.com/2025/09/expo-osaka-traditional-perfumes-and.html (main.py:189)
2025-09-24 05:02:33,427 - BotRunner - [INFO] - Published 1 new articles in this cycle. (main.py:199)
2025-09-24 05:02:33,428 - BotRunner - [INFO] - ===== BOT CYCLE FINISHED ===== (main.py:200)
