--- Ø¨Ø¯Ø¡ Ø§Ù„Ø³Ø¬Ù„ ÙÙŠ 2025-09-24 22:02:46 ---
2025-09-24 22:02:52,385 - BotRunner - [INFO] - Config loaded from C:\Users\Khale\OneDrive\Desktop\projects\auto_online\bot_scripts\scraper\config.ini (main.py:40)
2025-09-24 22:02:52,385 - BotRunner - [INFO] - ===== BOT CYCLE STARTED ===== (main.py:62)
2025-09-24 22:02:52,385 - BotRunner - [WARNING] - File 'published_source_urls.txt' not found. A new one will be created. (main.py:47)
2025-09-24 22:02:52,386 - BotRunner - [INFO] - Loaded 0 previously published URLs. (main.py:64)
2025-09-24 22:02:52,454 - core.article_scraper - [INFO] - ArticleScraper initialized with CloudScraper UA: Mozilla/5.0 (Windows NT 10.0; Win64; x64) AppleWebKit/537.36 (KHTML, like Gecko) Chrome/120.0.0.0 Safari/537.36 (article_scraper.py:22)
2025-09-24 22:02:52,455 - core.content_formatter - [INFO] - Attempting to load replacement dictionary from: C:\Users\Khale\OneDrive\Desktop\projects\auto_online\bot_scripts\scraper\replacements.json (content_formatter.py:31)
2025-09-24 22:02:52,455 - core.content_formatter - [WARNING] - Repl. dict file 'C:\Users\Khale\OneDrive\Desktop\projects\auto_online\bot_scripts\scraper\replacements.json' not found. (content_formatter.py:33)
2025-09-24 22:02:52,456 - core.permalink_generator - [INFO] - DeepL Translator (Google engine) initialized for permalink/title suggestion. (permalink_generator.py:18)
2025-09-24 22:02:52,458 - core.blogger_client - [INFO] - Using BlogID: 3714169846779613939 for Blogger operations. (blogger_client.py:39)
2025-09-24 22:02:52,464 - core.blogger_client - [INFO] - Blogger service client initialized successfully. (blogger_client.py:93)
2025-09-24 22:02:52,465 - BotRunner - [INFO] - Processing 8 specific URLs provided. (main.py:89)
2025-09-24 22:02:52,465 - BotRunner - [INFO] - --- Processing Article (1/8): https://sana.sy/economy/2292522/ --- (main.py:110)
2025-09-24 22:02:52,465 - core.article_scraper - [INFO] - Scraping https://sana.sy/economy/2292522/ (via cloudscraper) (article_scraper.py:138)
2025-09-24 22:02:53,230 - core.article_scraper - [INFO] - SUCCESS: Found title for 'https://sana.sy/economy/2292522/' using selector #2: 'h1'. (article_scraper.py:31)
2025-09-24 22:02:53,311 - core.article_scraper - [INFO] - SUCCESS: Found content container for 'https://sana.sy/economy/2292522/' using selector #5: 'div > div.s-ct > div.s-ct-wrap > div.s-ct-inner'. (article_scraper.py:31)
2025-09-24 22:02:53,347 - core.article_scraper - [INFO] - Found OG image: https://cdn.sananews.sy/2025/09/DSC00304-1024x683.jpg (article_scraper.py:186)
2025-09-24 22:02:53,951 - core.permalink_generator - [INFO] - Original: 'Ù‡ÙŠØ¦Ø© Ø¯Ø¹Ù… ÙˆØªÙ†Ù…ÙŠØ© Ø§Ù„Ø¥Ù†ØªØ§Ø¬ Ø§Ù„Ù…Ø­Ù„ÙŠ...' -> Suggested Title: 'The Support and Development of Local Production an...', Slug base: 'the-support-and-development-of-local-production-and-export-development-sust' (permalink_generator.py:47)
Defined crop area (0,0,0,0) is invalid for image 891x649. Skipping fixed crop.
2025-09-24 22:02:55,951 - BotRunner - [INFO] - Main image hosted: http://i.ibb.co/7JptdpKc/main-the-support-and-development-of-1758738405.jpg (main.py:133)
2025-09-24 22:02:55,958 - core.content_formatter - [INFO] - HTML content formatted for Blogger. (content_formatter.py:185)
2025-09-24 22:02:55,959 - BotRunner - [INFO] - No custom labels provided, extracting automatically... (main.py:170)
2025-09-24 22:02:55,962 - core.keyword_extractor - [INFO] - Extracting keywords (lang: ar, target: 0). Snippet: 'Ø¯Ù…Ø´Ù‚-Ø³Ø§Ù†Ø§ Ø£ÙƒØ¯ Ù…Ø¯ÙŠØ± Ù‡ÙŠØ¦Ø© Ø¯Ø¹Ù… ÙˆØªÙ†Ù…ÙŠØ© Ø§Ù„Ø¥Ù†ØªØ§Ø¬ Ø§Ù„Ù…Ø­Ù„ÙŠ ÙˆØ§Ù„ØµØ§Ø¯Ø±Ø§ØªØŒ ÙØ±Ø§Ø³ Ø§Ù„ØºÙÙŠØ±ØŒ Ø£Ù† Ø§Ù„Ù‡ÙŠØ¦Ø© ØªØ¶Ø¹ ÙÙŠ Ù…Ù‚Ø¯Ù…Ø© Ø£ÙˆÙ„...' (keyword_extractor.py:42)
2025-09-24 22:02:55,986 - core.keyword_extractor - [ERROR] - NLTK LookupError for word_tokenize ('ar'): 
**********************************************************************
  Resource [93mpunkt_tab[0m not found.
  Please use the NLTK Downloader to obtain the resource:

  [31m>>> import nltk
  >>> nltk.download('punkt_tab')
  [0m
  For more information see: https://www.nltk.org/data.html

  Attempted to load [93mtokenizers/punkt_tab/arabic/[0m

  Searched in:
    - 'C:\\Users\\Khale/nltk_data'
    - 'C:\\Users\\Khale\\AppData\\Local\\Programs\\Python\\Python313\\nltk_data'
    - 'C:\\Users\\Khale\\AppData\\Local\\Programs\\Python\\Python313\\share\\nltk_data'
    - 'C:\\Users\\Khale\\AppData\\Local\\Programs\\Python\\Python313\\lib\\nltk_data'
    - 'C:\\Users\\Khale\\AppData\\Roaming\\nltk_data'
    - 'C:\\nltk_data'
    - 'D:\\nltk_data'
    - 'E:\\nltk_data'
**********************************************************************
. Fallback tokenization. (keyword_extractor.py:51)
2025-09-24 22:02:56,018 - core.keyword_extractor - [INFO] - Keywords extracted (ar): [] (keyword_extractor.py:60)
2025-09-24 22:02:56,018 - BotRunner - [INFO] - Publishing to Blogger. Title: 'Ù‡ÙŠØ¦Ø© Ø¯Ø¹Ù… ÙˆØªÙ†Ù…ÙŠØ© Ø§Ù„Ø¥Ù†ØªØ§Ø¬ Ø§Ù„Ù…Ø­Ù„ÙŠ ÙˆØ§Ù„ØµØ§Ø¯Ø±Ø§Øª: Ø¨Ø±Ø§Ù…Ø¬ Ù…Ø³ØªØ¯Ø§Ù…Ø© Ù„Ù„ØµØ§Ø¯Ø±Ø§Øª Ø§Ù„Ø³ÙˆØ±ÙŠØ© (The Support and Development of Local Production and Export Development: Sustainable programs for Syrian exports)', Labels: ['Ø¯Ù„ÙŠÙ„Ùƒ ÙÙŠ Ø§Ù„Ø£Ø®Ø¨Ø§Ø±', 'Ø¯Ù„ÙŠÙ„Ùƒ ÙÙŠ Ø³ÙˆØ±ÙŠØ§'] (main.py:178)
2025-09-24 22:02:56,019 - core.blogger_client - [INFO] - Creating post: 'Ù‡ÙŠØ¦Ø© Ø¯Ø¹Ù… ÙˆØªÙ†Ù…ÙŠØ© Ø§Ù„Ø¥Ù†ØªØ§Ø¬ Ø§Ù„Ù…Ø­Ù„ÙŠ ÙˆØ§Ù„ØµØ§Ø¯Ø±Ø§Øª: Ø¨Ø±Ø§Ù…Ø¬ Ù…Ø³ØªØ¯Ø§Ù…Ø© Ù„Ù„ØµØ§...' (Draft: False) (blogger_client.py:116)
2025-09-24 22:02:58,194 - core.blogger_client - [INFO] - Post created successfully: http://news.toiall.com/2025/09/support-and-development-of-local_72.html (blogger_client.py:126)
2025-09-24 22:02:58,194 - BotRunner - [INFO] - Successfully published 'https://sana.sy/economy/2292522/' to Blogger: http://news.toiall.com/2025/09/support-and-development-of-local_72.html (main.py:189)
2025-09-24 22:02:58,194 - BotRunner - [INFO] - --- Processing Article (2/8): https://sana.sy/economy/2292581/ --- (main.py:110)
2025-09-24 22:02:58,195 - core.article_scraper - [INFO] - Scraping https://sana.sy/economy/2292581/ (via cloudscraper) (article_scraper.py:138)
2025-09-24 22:02:58,932 - core.article_scraper - [INFO] - SUCCESS: Found title for 'https://sana.sy/economy/2292581/' using selector #2: 'h1'. (article_scraper.py:31)
2025-09-24 22:02:58,969 - core.article_scraper - [INFO] - SUCCESS: Found content container for 'https://sana.sy/economy/2292581/' using selector #5: 'div > div.s-ct > div.s-ct-wrap > div.s-ct-inner'. (article_scraper.py:31)
2025-09-24 22:02:58,988 - core.article_scraper - [INFO] - Found OG image: https://cdn.sananews.sy/2025/09/WSS0076-1-1024x683.jpg (article_scraper.py:186)
2025-09-24 22:03:00,126 - core.permalink_generator - [INFO] - Original: 'Ø§Ø±ØªÙØ§Ø¹ Ø£Ø³Ø¹Ø§Ø± Ø§Ù„Ø°Ù‡Ø¨ 10 Ø¢Ù„Ø§Ù Ù„ÙŠØ±...' -> Suggested Title: 'Gold prices rise 10 thousand pounds in the Syrian ...', Slug base: 'gold-prices-rise-10-thousand-pounds-in-the-syrian-market' (permalink_generator.py:47)
Defined crop area (0,0,0,0) is invalid for image 891x649. Skipping fixed crop.
2025-09-24 22:03:02,086 - BotRunner - [INFO] - Main image hosted: http://i.ibb.co/s9BQG86D/main-gold-prices-rise-10-thousand-p-1758738422.jpg (main.py:133)
2025-09-24 22:03:02,090 - core.content_formatter - [INFO] - HTML content formatted for Blogger. (content_formatter.py:185)
2025-09-24 22:03:02,091 - BotRunner - [INFO] - No custom labels provided, extracting automatically... (main.py:170)
2025-09-24 22:03:02,092 - core.keyword_extractor - [INFO] - Extracting keywords (lang: ar, target: 0). Snippet: 'Ø¯Ù…Ø´Ù‚-Ø³Ø§Ù†Ø§ Ø§Ø±ØªÙØ¹Øª Ø£Ø³Ø¹Ø§Ø± Ø§Ù„Ø°Ù‡Ø¨ ÙÙŠ Ø§Ù„Ø³ÙˆÙ‚ Ø§Ù„Ø³ÙˆØ±ÙŠØ© 10 Ø¢Ù„Ø§Ù Ù„ÙŠØ±Ø© Ø¹Ù† Ø§Ù„Ø³Ø¹Ø± Ø§Ù„Ø°ÙŠ Ø³Ø¬Ù„Ù‡ Ø£Ù…Ø³ØŒ ÙˆÙ‡Ùˆ Ù…Ù„ÙŠÙˆÙ† Ùˆ180 Ø£Ù„...' (keyword_extractor.py:42)
2025-09-24 22:03:02,117 - core.keyword_extractor - [ERROR] - NLTK LookupError for word_tokenize ('ar'): 
**********************************************************************
  Resource [93mpunkt_tab[0m not found.
  Please use the NLTK Downloader to obtain the resource:

  [31m>>> import nltk
  >>> nltk.download('punkt_tab')
  [0m
  For more information see: https://www.nltk.org/data.html

  Attempted to load [93mtokenizers/punkt_tab/arabic/[0m

  Searched in:
    - 'C:\\Users\\Khale/nltk_data'
    - 'C:\\Users\\Khale\\AppData\\Local\\Programs\\Python\\Python313\\nltk_data'
    - 'C:\\Users\\Khale\\AppData\\Local\\Programs\\Python\\Python313\\share\\nltk_data'
    - 'C:\\Users\\Khale\\AppData\\Local\\Programs\\Python\\Python313\\lib\\nltk_data'
    - 'C:\\Users\\Khale\\AppData\\Roaming\\nltk_data'
    - 'C:\\nltk_data'
    - 'D:\\nltk_data'
    - 'E:\\nltk_data'
**********************************************************************
. Fallback tokenization. (keyword_extractor.py:51)
2025-09-24 22:03:02,118 - core.keyword_extractor - [INFO] - Keywords extracted (ar): [] (keyword_extractor.py:60)
2025-09-24 22:03:02,118 - BotRunner - [INFO] - Publishing to Blogger. Title: 'Ø§Ø±ØªÙØ§Ø¹ Ø£Ø³Ø¹Ø§Ø± Ø§Ù„Ø°Ù‡Ø¨ 10 Ø¢Ù„Ø§Ù Ù„ÙŠØ±Ø© ÙÙŠ Ø§Ù„Ø³ÙˆÙ‚ Ø§Ù„Ø³ÙˆØ±ÙŠØ© (Gold prices rise 10 thousand pounds in the Syrian market)', Labels: ['Ø¯Ù„ÙŠÙ„Ùƒ ÙÙŠ Ø§Ù„Ø£Ø®Ø¨Ø§Ø±', 'Ø¯Ù„ÙŠÙ„Ùƒ ÙÙŠ Ø³ÙˆØ±ÙŠØ§'] (main.py:178)
2025-09-24 22:03:02,119 - core.blogger_client - [INFO] - Creating post: 'Ø§Ø±ØªÙØ§Ø¹ Ø£Ø³Ø¹Ø§Ø± Ø§Ù„Ø°Ù‡Ø¨ 10 Ø¢Ù„Ø§Ù Ù„ÙŠØ±Ø© ÙÙŠ Ø§Ù„Ø³ÙˆÙ‚ Ø§Ù„Ø³ÙˆØ±ÙŠØ© (Gold price...' (Draft: False) (blogger_client.py:116)
2025-09-24 22:03:03,181 - core.blogger_client - [INFO] - Post created successfully: http://news.toiall.com/2025/09/10-gold-prices-rise-10-thousand-pounds_69.html (blogger_client.py:126)
2025-09-24 22:03:03,181 - BotRunner - [INFO] - Successfully published 'https://sana.sy/economy/2292581/' to Blogger: http://news.toiall.com/2025/09/10-gold-prices-rise-10-thousand-pounds_69.html (main.py:189)
2025-09-24 22:03:03,182 - BotRunner - [INFO] - --- Processing Article (3/8): https://sana.sy/locals/2292627/ --- (main.py:110)
2025-09-24 22:03:03,182 - core.article_scraper - [INFO] - Scraping https://sana.sy/locals/2292627/ (via cloudscraper) (article_scraper.py:138)
2025-09-24 22:03:03,916 - core.article_scraper - [INFO] - SUCCESS: Found title for 'https://sana.sy/locals/2292627/' using selector #2: 'h1'. (article_scraper.py:31)
2025-09-24 22:03:03,957 - core.article_scraper - [INFO] - SUCCESS: Found content container for 'https://sana.sy/locals/2292627/' using selector #5: 'div > div.s-ct > div.s-ct-wrap > div.s-ct-inner'. (article_scraper.py:31)
2025-09-24 22:03:03,985 - core.article_scraper - [INFO] - Found OG image: https://cdn.sananews.sy/2025/09/photo_2025-09-19_20-21-01.jpg (article_scraper.py:186)
2025-09-24 22:03:05,287 - core.permalink_generator - [INFO] - Original: 'Ù„Ø¬Ù†Ø© Ø§Ù†ØªØ®Ø§Ø¨Ø§Øª Ù…Ø¬Ù„Ø³ Ø§Ù„Ø´Ø¹Ø¨ Ø§Ù„Ø³ÙˆØ±...' -> Suggested Title: 'The Syrian People's Assembly elections committee i...', Slug base: 'the-syrian-peoples-assembly-elections-committee-issues-the-initial-restorat' (permalink_generator.py:47)
Defined crop area (0,0,0,0) is invalid for image 1114x811. Skipping fixed crop.
2025-09-24 22:03:07,752 - BotRunner - [INFO] - Main image hosted: http://i.ibb.co/1fhx1fwX/main-the-syrian-peoples-assembly-el-1758738436.jpg (main.py:133)
2025-09-24 22:03:07,758 - core.content_formatter - [INFO] - HTML content formatted for Blogger. (content_formatter.py:185)
2025-09-24 22:03:07,759 - BotRunner - [INFO] - No custom labels provided, extracting automatically... (main.py:170)
2025-09-24 22:03:07,761 - core.keyword_extractor - [INFO] - Extracting keywords (lang: ar, target: 0). Snippet: 'Ø¯Ù…Ø´Ù‚-Ø³Ø§Ù†Ø§ Ø£ØµØ¯Ø±Øª Ø§Ù„Ù„Ø¬Ù†Ø© Ø§Ù„Ø¹Ù„ÙŠØ§ Ù„Ø§Ù†ØªØ®Ø§Ø¨Ø§Øª Ù…Ø¬Ù„Ø³ Ø§Ù„Ø´Ø¹Ø¨ Ø§Ù„Ø³ÙˆØ±ÙŠ Ø§Ù„ÙŠÙˆÙ… Ù‚ÙˆØ§Ø¦Ù… Ø§Ù„ØªØ±Ù…ÙŠÙ… Ø§Ù„Ø£ÙˆÙ„ÙŠØ© Ù„Ø£Ø¹Ø¶Ø§Ø¡ Ø§Ù„Ù‡ÙŠØ¦Ø§Øª...' (keyword_extractor.py:42)
2025-09-24 22:03:07,784 - core.keyword_extractor - [ERROR] - NLTK LookupError for word_tokenize ('ar'): 
**********************************************************************
  Resource [93mpunkt_tab[0m not found.
  Please use the NLTK Downloader to obtain the resource:

  [31m>>> import nltk
  >>> nltk.download('punkt_tab')
  [0m
  For more information see: https://www.nltk.org/data.html

  Attempted to load [93mtokenizers/punkt_tab/arabic/[0m

  Searched in:
    - 'C:\\Users\\Khale/nltk_data'
    - 'C:\\Users\\Khale\\AppData\\Local\\Programs\\Python\\Python313\\nltk_data'
    - 'C:\\Users\\Khale\\AppData\\Local\\Programs\\Python\\Python313\\share\\nltk_data'
    - 'C:\\Users\\Khale\\AppData\\Local\\Programs\\Python\\Python313\\lib\\nltk_data'
    - 'C:\\Users\\Khale\\AppData\\Roaming\\nltk_data'
    - 'C:\\nltk_data'
    - 'D:\\nltk_data'
    - 'E:\\nltk_data'
**********************************************************************
. Fallback tokenization. (keyword_extractor.py:51)
2025-09-24 22:03:07,784 - core.keyword_extractor - [INFO] - Keywords extracted (ar): [] (keyword_extractor.py:60)
2025-09-24 22:03:07,785 - BotRunner - [INFO] - Publishing to Blogger. Title: 'Ù„Ø¬Ù†Ø© Ø§Ù†ØªØ®Ø§Ø¨Ø§Øª Ù…Ø¬Ù„Ø³ Ø§Ù„Ø´Ø¹Ø¨ Ø§Ù„Ø³ÙˆØ±ÙŠ ØªØµØ¯Ø± Ù‚ÙˆØ§Ø¦Ù… Ø§Ù„ØªØ±Ù…ÙŠÙ… Ø§Ù„Ø£ÙˆÙ„ÙŠØ© Ù„Ø£Ø¹Ø¶Ø§Ø¡ Ø§Ù„Ù‡ÙŠØ¦Ø§Øª Ø§Ù„Ù†Ø§Ø®Ø¨Ø© (The Syrian People's Assembly elections committee issues the initial restoration lists for members of the elite bodies)', Labels: ['Ø¯Ù„ÙŠÙ„Ùƒ ÙÙŠ Ø§Ù„Ø£Ø®Ø¨Ø§Ø±', 'Ø¯Ù„ÙŠÙ„Ùƒ ÙÙŠ Ø³ÙˆØ±ÙŠØ§'] (main.py:178)
2025-09-24 22:03:07,785 - core.blogger_client - [INFO] - Creating post: 'Ù„Ø¬Ù†Ø© Ø§Ù†ØªØ®Ø§Ø¨Ø§Øª Ù…Ø¬Ù„Ø³ Ø§Ù„Ø´Ø¹Ø¨ Ø§Ù„Ø³ÙˆØ±ÙŠ ØªØµØ¯Ø± Ù‚ÙˆØ§Ø¦Ù… Ø§Ù„ØªØ±Ù…ÙŠÙ… Ø§Ù„Ø£ÙˆÙ„ÙŠØ© Ù„...' (Draft: False) (blogger_client.py:116)
2025-09-24 22:03:09,003 - core.blogger_client - [INFO] - Post created successfully: http://news.toiall.com/2025/09/syrian-peoples-assembly-elections_89.html (blogger_client.py:126)
2025-09-24 22:03:09,004 - BotRunner - [INFO] - Successfully published 'https://sana.sy/locals/2292627/' to Blogger: http://news.toiall.com/2025/09/syrian-peoples-assembly-elections_89.html (main.py:189)
2025-09-24 22:03:09,004 - BotRunner - [INFO] - --- Processing Article (4/8): https://sana.sy/locals/2292612/ --- (main.py:110)
2025-09-24 22:03:09,004 - core.article_scraper - [INFO] - Scraping https://sana.sy/locals/2292612/ (via cloudscraper) (article_scraper.py:138)
2025-09-24 22:03:09,804 - core.article_scraper - [INFO] - SUCCESS: Found title for 'https://sana.sy/locals/2292612/' using selector #2: 'h1'. (article_scraper.py:31)
2025-09-24 22:03:09,837 - core.article_scraper - [INFO] - SUCCESS: Found content container for 'https://sana.sy/locals/2292612/' using selector #5: 'div > div.s-ct > div.s-ct-wrap > div.s-ct-inner'. (article_scraper.py:31)
2025-09-24 22:03:09,853 - core.article_scraper - [INFO] - Found OG image: https://cdn.sananews.sy/2025/09/IMG-20250924-WA0032-1024x683.jpg (article_scraper.py:186)
2025-09-24 22:03:10,383 - core.permalink_generator - [INFO] - Original: 'Ø­Ù…Ù„Ø© Ù„ØªØ­ØµÙŠÙ† 125 Ø£Ù„Ù Ø±Ø£Ø³ Ù…Ù† Ø§Ù„Ø£...' -> Suggested Title: 'A campaign to fortify 125,000 heads of cows agains...', Slug base: 'a-campaign-to-fortify-125000-heads-of-cows-against-foot-and-mouth-fever-in' (permalink_generator.py:47)
Defined crop area (0,0,0,0) is invalid for image 891x649. Skipping fixed crop.
2025-09-24 22:03:12,311 - BotRunner - [INFO] - Main image hosted: http://i.ibb.co/jPNvGGmw/main-a-campaign-to-fortify-125000-h-1758738447.jpg (main.py:133)
Defined crop area (0,0,0,0) is invalid for image 2228x1622. Skipping fixed crop.
Defined crop area (0,0,0,0) is invalid for image 2228x1622. Skipping fixed crop.
Defined crop area (0,0,0,0) is invalid for image 891x649. Skipping fixed crop.
Defined crop area (0,0,0,0) is invalid for image 891x649. Skipping fixed crop.
Defined crop area (0,0,0,0) is invalid for image 891x649. Skipping fixed crop.
2025-09-24 22:03:24,327 - core.content_formatter - [INFO] - HTML content formatted for Blogger. (content_formatter.py:185)
2025-09-24 22:03:24,327 - BotRunner - [INFO] - No custom labels provided, extracting automatically... (main.py:170)
2025-09-24 22:03:24,332 - core.keyword_extractor - [INFO] - Extracting keywords (lang: ar, target: 0). Snippet: 'Ø¯Ù…Ø´Ù‚-Ø³Ø§Ù†Ø§ Ø£Ø·Ù„Ù‚Øª Ù…Ø¯ÙŠØ±ÙŠØ© Ø§Ù„Ø²Ø±Ø§Ø¹Ø© ÙÙŠ Ù…Ø­Ø§ÙØ¸ØªÙŠ Ø¯Ù…Ø´Ù‚ ÙˆØ±ÙŠÙÙ‡Ø§ Ø­Ù…Ù„Ø© Ø§Ù„ØªØ­ØµÙŠÙ† Ø§Ù„Ù…Ø¬Ø§Ù†ÙŠØ© Ø§Ù„Ø«Ø§Ù†ÙŠØ© Ù„Ù„Ø£Ø¨Ù‚Ø§Ø± Ø¶Ø¯ Ù…Ø±Ø¶ Ø§...' (keyword_extractor.py:42)
2025-09-24 22:03:24,355 - core.keyword_extractor - [ERROR] - NLTK LookupError for word_tokenize ('ar'): 
**********************************************************************
  Resource [93mpunkt_tab[0m not found.
  Please use the NLTK Downloader to obtain the resource:

  [31m>>> import nltk
  >>> nltk.download('punkt_tab')
  [0m
  For more information see: https://www.nltk.org/data.html

  Attempted to load [93mtokenizers/punkt_tab/arabic/[0m

  Searched in:
    - 'C:\\Users\\Khale/nltk_data'
    - 'C:\\Users\\Khale\\AppData\\Local\\Programs\\Python\\Python313\\nltk_data'
    - 'C:\\Users\\Khale\\AppData\\Local\\Programs\\Python\\Python313\\share\\nltk_data'
    - 'C:\\Users\\Khale\\AppData\\Local\\Programs\\Python\\Python313\\lib\\nltk_data'
    - 'C:\\Users\\Khale\\AppData\\Roaming\\nltk_data'
    - 'C:\\nltk_data'
    - 'D:\\nltk_data'
    - 'E:\\nltk_data'
**********************************************************************
. Fallback tokenization. (keyword_extractor.py:51)
2025-09-24 22:03:24,355 - core.keyword_extractor - [INFO] - Keywords extracted (ar): [] (keyword_extractor.py:60)
2025-09-24 22:03:24,356 - BotRunner - [INFO] - Publishing to Blogger. Title: 'Ø­Ù…Ù„Ø© Ù„ØªØ­ØµÙŠÙ† 125 Ø£Ù„Ù Ø±Ø£Ø³ Ù…Ù† Ø§Ù„Ø£Ø¨Ù‚Ø§Ø± Ø¶Ø¯ Ø§Ù„Ø­Ù…Ù‰ Ø§Ù„Ù‚Ù„Ø§Ø¹ÙŠØ© ÙÙŠ Ø¯Ù…Ø´Ù‚ ÙˆØ±ÙŠÙÙ‡Ø§ (A campaign to fortify 125,000 heads of cows against foot -and -mouth fever in Damascus and its countryside)', Labels: ['Ø¯Ù„ÙŠÙ„Ùƒ ÙÙŠ Ø§Ù„Ø£Ø®Ø¨Ø§Ø±', 'Ø¯Ù„ÙŠÙ„Ùƒ ÙÙŠ Ø³ÙˆØ±ÙŠØ§'] (main.py:178)
2025-09-24 22:03:24,356 - core.blogger_client - [INFO] - Creating post: 'Ø­Ù…Ù„Ø© Ù„ØªØ­ØµÙŠÙ† 125 Ø£Ù„Ù Ø±Ø£Ø³ Ù…Ù† Ø§Ù„Ø£Ø¨Ù‚Ø§Ø± Ø¶Ø¯ Ø§Ù„Ø­Ù…Ù‰ Ø§Ù„Ù‚Ù„Ø§Ø¹ÙŠØ© ÙÙŠ Ø¯Ù…Ø´Ù‚...' (Draft: False) (blogger_client.py:116)
2025-09-24 22:03:25,297 - core.blogger_client - [INFO] - Post created successfully: http://news.toiall.com/2025/09/125-campaign-to-fortify-125000-heads-of_53.html (blogger_client.py:126)
2025-09-24 22:03:25,297 - BotRunner - [INFO] - Successfully published 'https://sana.sy/locals/2292612/' to Blogger: http://news.toiall.com/2025/09/125-campaign-to-fortify-125000-heads-of_53.html (main.py:189)
2025-09-24 22:03:25,297 - BotRunner - [INFO] - --- Processing Article (5/8): https://sana.sy/locals/2292523/ --- (main.py:110)
2025-09-24 22:03:25,298 - core.article_scraper - [INFO] - Scraping https://sana.sy/locals/2292523/ (via cloudscraper) (article_scraper.py:138)
2025-09-24 22:03:25,945 - core.article_scraper - [INFO] - SUCCESS: Found title for 'https://sana.sy/locals/2292523/' using selector #2: 'h1'. (article_scraper.py:31)
2025-09-24 22:03:26,014 - core.article_scraper - [INFO] - SUCCESS: Found content container for 'https://sana.sy/locals/2292523/' using selector #5: 'div > div.s-ct > div.s-ct-wrap > div.s-ct-inner'. (article_scraper.py:31)
2025-09-24 22:03:26,038 - core.article_scraper - [INFO] - Found OG image: https://cdn.sananews.sy/2025/09/Ù¢Ù Ù¢Ù¥Ù Ù©Ù¢Ù¤_Ù¡Ù£Ù£Ù¡Ù¥Ù£2.jpg (article_scraper.py:186)
2025-09-24 22:03:27,191 - core.permalink_generator - [INFO] - Original: 'Ù‚ÙˆØ§Øª Ø§Ù„Ø§Ø­ØªÙ„Ø§Ù„ Ø§Ù„Ø¥Ø³Ø±Ø§Ø¦ÙŠÙ„ÙŠ ØªØªÙˆØºÙ„...' -> Suggested Title: 'The Israeli occupation forces penetrate into the e...', Slug base: 'the-israeli-occupation-forces-penetrate-into-the-eastern-samaniya-and-the-d' (permalink_generator.py:47)
Defined crop area (0,0,0,0) is invalid for image 1542x1122. Skipping fixed crop.
2025-09-24 22:03:30,457 - BotRunner - [INFO] - Main image hosted: http://i.ibb.co/39ppmcQH/main-the-israeli-occupation-forces-1758738509.jpg (main.py:133)
2025-09-24 22:03:30,460 - core.content_formatter - [INFO] - HTML content formatted for Blogger. (content_formatter.py:185)
2025-09-24 22:03:30,460 - BotRunner - [INFO] - No custom labels provided, extracting automatically... (main.py:170)
2025-09-24 22:03:30,462 - core.keyword_extractor - [INFO] - Extracting keywords (lang: ar, target: 0). Snippet: 'Ø§Ù„Ù‚Ù†ÙŠØ·Ø±Ø©-Ø³Ø§Ù†Ø§ Ø¬Ø¯Ø¯Øª Ù‚ÙˆØ§Øª Ø§Ù„Ø§Ø­ØªÙ„Ø§Ù„ Ø§Ù„Ø¥Ø³Ø±Ø§Ø¦ÙŠÙ„ÙŠ Ø§Ù„ÙŠÙˆÙ… ØªÙˆØºÙ„Ù‡Ø§ ÙÙŠ Ù…Ù†Ø§Ø·Ù‚ Ø¨Ø±ÙŠÙ Ù…Ø­Ø§ÙØ¸Ø© Ø§Ù„Ù‚Ù†ÙŠØ·Ø±Ø©. ÙˆØ°ÙƒØ± Ù…Ø±Ø§Ø³Ù„ Ø³...' (keyword_extractor.py:42)
2025-09-24 22:03:30,487 - core.keyword_extractor - [ERROR] - NLTK LookupError for word_tokenize ('ar'): 
**********************************************************************
  Resource [93mpunkt_tab[0m not found.
  Please use the NLTK Downloader to obtain the resource:

  [31m>>> import nltk
  >>> nltk.download('punkt_tab')
  [0m
  For more information see: https://www.nltk.org/data.html

  Attempted to load [93mtokenizers/punkt_tab/arabic/[0m

  Searched in:
    - 'C:\\Users\\Khale/nltk_data'
    - 'C:\\Users\\Khale\\AppData\\Local\\Programs\\Python\\Python313\\nltk_data'
    - 'C:\\Users\\Khale\\AppData\\Local\\Programs\\Python\\Python313\\share\\nltk_data'
    - 'C:\\Users\\Khale\\AppData\\Local\\Programs\\Python\\Python313\\lib\\nltk_data'
    - 'C:\\Users\\Khale\\AppData\\Roaming\\nltk_data'
    - 'C:\\nltk_data'
    - 'D:\\nltk_data'
    - 'E:\\nltk_data'
**********************************************************************
. Fallback tokenization. (keyword_extractor.py:51)
2025-09-24 22:03:30,488 - core.keyword_extractor - [INFO] - Keywords extracted (ar): [] (keyword_extractor.py:60)
2025-09-24 22:03:30,488 - BotRunner - [INFO] - Publishing to Blogger. Title: 'Ù‚ÙˆØ§Øª Ø§Ù„Ø§Ø­ØªÙ„Ø§Ù„ Ø§Ù„Ø¥Ø³Ø±Ø§Ø¦ÙŠÙ„ÙŠ ØªØªÙˆØºÙ„ ÙÙŠ Ø§Ù„ØµÙ…Ø¯Ø§Ù†ÙŠØ© Ø§Ù„Ø´Ø±Ù‚ÙŠØ© ÙˆØ±Ø³Ù… Ø§Ù„Ø­Ù„Ø¨ÙŠ Ø¨Ø±ÙŠÙ Ø§Ù„Ù‚Ù†ÙŠØ·Ø±Ø© (The Israeli occupation forces penetrate into the eastern Samaniya and the drawing of Al -Halabi in Quneitra countryside)', Labels: ['Ø¯Ù„ÙŠÙ„Ùƒ ÙÙŠ Ø§Ù„Ø£Ø®Ø¨Ø§Ø±', 'Ø¯Ù„ÙŠÙ„Ùƒ ÙÙŠ Ø³ÙˆØ±ÙŠØ§'] (main.py:178)
2025-09-24 22:03:30,489 - core.blogger_client - [INFO] - Creating post: 'Ù‚ÙˆØ§Øª Ø§Ù„Ø§Ø­ØªÙ„Ø§Ù„ Ø§Ù„Ø¥Ø³Ø±Ø§Ø¦ÙŠÙ„ÙŠ ØªØªÙˆØºÙ„ ÙÙŠ Ø§Ù„ØµÙ…Ø¯Ø§Ù†ÙŠØ© Ø§Ù„Ø´Ø±Ù‚ÙŠØ© ÙˆØ±Ø³Ù… Ø§Ù„Ø­...' (Draft: False) (blogger_client.py:116)
2025-09-24 22:03:31,562 - core.blogger_client - [INFO] - Post created successfully: http://news.toiall.com/2025/09/israeli-occupation-forces-penetrate_24.html (blogger_client.py:126)
2025-09-24 22:03:31,563 - BotRunner - [INFO] - Successfully published 'https://sana.sy/locals/2292523/' to Blogger: http://news.toiall.com/2025/09/israeli-occupation-forces-penetrate_24.html (main.py:189)
2025-09-24 22:03:31,563 - BotRunner - [INFO] - --- Processing Article (6/8): https://sana.sy/education/2292421/ --- (main.py:110)
2025-09-24 22:03:31,563 - core.article_scraper - [INFO] - Scraping https://sana.sy/education/2292421/ (via cloudscraper) (article_scraper.py:138)
2025-09-24 22:03:32,267 - core.article_scraper - [INFO] - SUCCESS: Found title for 'https://sana.sy/education/2292421/' using selector #2: 'h1'. (article_scraper.py:31)
2025-09-24 22:03:32,333 - core.article_scraper - [INFO] - SUCCESS: Found content container for 'https://sana.sy/education/2292421/' using selector #5: 'div > div.s-ct > div.s-ct-wrap > div.s-ct-inner'. (article_scraper.py:31)
2025-09-24 22:03:32,352 - core.article_scraper - [INFO] - Found OG image: https://cdn.sananews.sy/2025/09/WSS0071-Copy-2-1024x683.jpg (article_scraper.py:186)
2025-09-24 22:03:32,837 - core.permalink_generator - [INFO] - Original: 'Ø§Ù„ØªØ¹Ù„ÙŠÙ… Ø§Ù„Ø¹Ø§Ù„ÙŠ ØªØ®ÙØ¶ Ù…Ø¹Ø¯Ù„Ø§Øª Ø§Ù„Ù‚...' -> Suggested Title: 'Higher education reduces admission rates for Syria...', Slug base: 'higher-education-reduces-admission-rates-for-syrian-students-returning-from' (permalink_generator.py:47)
Defined crop area (0,0,0,0) is invalid for image 891x649. Skipping fixed crop.
2025-09-24 22:03:34,649 - BotRunner - [INFO] - Main image hosted: http://i.ibb.co/DfMtYnHV/main-higher-education-reduces-admis-1758738520.jpg (main.py:133)
2025-09-24 22:03:34,660 - core.content_formatter - [INFO] - HTML content formatted for Blogger. (content_formatter.py:185)
2025-09-24 22:03:34,660 - BotRunner - [INFO] - No custom labels provided, extracting automatically... (main.py:170)
2025-09-24 22:03:34,663 - core.keyword_extractor - [INFO] - Extracting keywords (lang: ar, target: 0). Snippet: 'Ø¯Ù…Ø´Ù‚-Ø³Ø§Ù†Ø§ Ø£Ø¹Ù„Ù†Øª ÙˆØ²Ø§Ø±Ø© Ø§Ù„ØªØ¹Ù„ÙŠÙ… Ø§Ù„Ø¹Ø§Ù„ÙŠ ÙˆØ§Ù„Ø¨Ø­Ø« Ø§Ù„Ø¹Ù„Ù…ÙŠ Ø§Ù„ÙŠÙˆÙ… Ø¹Ù† ØªØ®ÙÙŠØ¶ Ù…Ø¹Ø¯Ù„Ø§Øª Ø§Ù„Ù‚Ø¨ÙˆÙ„ ÙÙŠ Ø¹Ø¯Ø¯ Ù…Ù† Ø§Ù„ØªØ®ØµØµØ§Øª Ø§...' (keyword_extractor.py:42)
2025-09-24 22:03:34,690 - core.keyword_extractor - [ERROR] - NLTK LookupError for word_tokenize ('ar'): 
**********************************************************************
  Resource [93mpunkt_tab[0m not found.
  Please use the NLTK Downloader to obtain the resource:

  [31m>>> import nltk
  >>> nltk.download('punkt_tab')
  [0m
  For more information see: https://www.nltk.org/data.html

  Attempted to load [93mtokenizers/punkt_tab/arabic/[0m

  Searched in:
    - 'C:\\Users\\Khale/nltk_data'
    - 'C:\\Users\\Khale\\AppData\\Local\\Programs\\Python\\Python313\\nltk_data'
    - 'C:\\Users\\Khale\\AppData\\Local\\Programs\\Python\\Python313\\share\\nltk_data'
    - 'C:\\Users\\Khale\\AppData\\Local\\Programs\\Python\\Python313\\lib\\nltk_data'
    - 'C:\\Users\\Khale\\AppData\\Roaming\\nltk_data'
    - 'C:\\nltk_data'
    - 'D:\\nltk_data'
    - 'E:\\nltk_data'
**********************************************************************
. Fallback tokenization. (keyword_extractor.py:51)
2025-09-24 22:03:34,691 - core.keyword_extractor - [INFO] - Keywords extracted (ar): [] (keyword_extractor.py:60)
2025-09-24 22:03:34,691 - BotRunner - [INFO] - Publishing to Blogger. Title: 'Ø§Ù„ØªØ¹Ù„ÙŠÙ… Ø§Ù„Ø¹Ø§Ù„ÙŠ ØªØ®ÙØ¶ Ù…Ø¹Ø¯Ù„Ø§Øª Ø§Ù„Ù‚Ø¨ÙˆÙ„ Ù„Ù„Ø·Ù„Ø§Ø¨ Ø§Ù„Ø³ÙˆØ±ÙŠÙŠÙ† Ø§Ù„Ø¹Ø§Ø¦Ø¯ÙŠÙ† Ù…Ù† Ø§Ù„Ø®Ø§Ø±Ø¬ (Higher education reduces admission rates for Syrian students returning from abroad)', Labels: ['Ø¯Ù„ÙŠÙ„Ùƒ ÙÙŠ Ø§Ù„Ø£Ø®Ø¨Ø§Ø±', 'Ø¯Ù„ÙŠÙ„Ùƒ ÙÙŠ Ø³ÙˆØ±ÙŠØ§'] (main.py:178)
2025-09-24 22:03:34,691 - core.blogger_client - [INFO] - Creating post: 'Ø§Ù„ØªØ¹Ù„ÙŠÙ… Ø§Ù„Ø¹Ø§Ù„ÙŠ ØªØ®ÙØ¶ Ù…Ø¹Ø¯Ù„Ø§Øª Ø§Ù„Ù‚Ø¨ÙˆÙ„ Ù„Ù„Ø·Ù„Ø§Ø¨ Ø§Ù„Ø³ÙˆØ±ÙŠÙŠÙ† Ø§Ù„Ø¹Ø§Ø¦Ø¯ÙŠÙ† Ù…...' (Draft: False) (blogger_client.py:116)
2025-09-24 22:03:35,469 - core.blogger_client - [ERROR] - Failed to create post on Blogger: <HttpError 403 when requesting https://blogger.googleapis.com/v3/blogs/3714169846779613939/posts?isDraft=false&fetchImages=true&alt=json returned "You've reached the limit for creating posts within a specific timeframe. Please try again later.". Details: "[{'message': "You've reached the limit for creating posts within a specific timeframe. Please try again later.", 'domain': 'usageLimits', 'reason': 'quotaExceeded'}]"> (blogger_client.py:129)
Traceback (most recent call last):
  File "C:\Users\Khale\OneDrive\Desktop\projects\auto_online\core\blogger_client.py", line 124, in create_post
    created_post = request.execute()
  File "C:\Users\Khale\AppData\Local\Programs\Python\Python313\Lib\site-packages\googleapiclient\_helpers.py", line 130, in positional_wrapper
    return wrapped(*args, **kwargs)
  File "C:\Users\Khale\AppData\Local\Programs\Python\Python313\Lib\site-packages\googleapiclient\http.py", line 938, in execute
    raise HttpError(resp, content, uri=self.uri)
googleapiclient.errors.HttpError: <HttpError 403 when requesting https://blogger.googleapis.com/v3/blogs/3714169846779613939/posts?isDraft=false&fetchImages=true&alt=json returned "You've reached the limit for creating posts within a specific timeframe. Please try again later.". Details: "[{'message': "You've reached the limit for creating posts within a specific timeframe. Please try again later.", 'domain': 'usageLimits', 'reason': 'quotaExceeded'}]">
2025-09-24 22:03:35,473 - core.blogger_client - [ERROR] - Blogger API error details: {
  "error": {
    "code": 403,
    "message": "You've reached the limit for creating posts within a specific timeframe. Please try again later.",
    "errors": [
      {
        "message": "You've reached the limit for creating posts within a specific timeframe. Please try again later.",
        "domain": "usageLimits",
        "reason": "quotaExceeded"
      }
    ]
  }
}
 (blogger_client.py:133)
2025-09-24 22:03:35,474 - BotRunner - [ERROR] - Failed to publish https://sana.sy/education/2292421/ to Blogger. (main.py:197)
2025-09-24 22:03:35,474 - BotRunner - [INFO] - --- Processing Article (7/8): https://sana.sy/education/2292327/ --- (main.py:110)
2025-09-24 22:03:35,474 - core.article_scraper - [INFO] - Scraping https://sana.sy/education/2292327/ (via cloudscraper) (article_scraper.py:138)
2025-09-24 22:03:36,044 - core.article_scraper - [INFO] - SUCCESS: Found title for 'https://sana.sy/education/2292327/' using selector #2: 'h1'. (article_scraper.py:31)
2025-09-24 22:03:36,099 - core.article_scraper - [INFO] - SUCCESS: Found content container for 'https://sana.sy/education/2292327/' using selector #5: 'div > div.s-ct > div.s-ct-wrap > div.s-ct-inner'. (article_scraper.py:31)
2025-09-24 22:03:36,121 - core.article_scraper - [INFO] - Found OG image: https://cdn.sananews.sy/2025/09/888-4-2-1024x683.jpg (article_scraper.py:186)
2025-09-24 22:03:36,707 - core.permalink_generator - [INFO] - Original: 'ÙˆØ²ÙŠØ± Ø§Ù„ØªØ±Ø¨ÙŠØ© Ø§Ù„Ø³ÙˆØ±ÙŠ ÙŠØ¨Ø­Ø« Ù…Ø¹ Ù†Ù‚...' -> Suggested Title: 'The Syrian Minister of Education discusses with th...', Slug base: 'the-syrian-minister-of-education-discusses-with-the-palestinian-teachers-sy' (permalink_generator.py:47)
Defined crop area (0,0,0,0) is invalid for image 891x649. Skipping fixed crop.
2025-09-24 22:03:38,673 - BotRunner - [INFO] - Main image hosted: http://i.ibb.co/tw1x3DJH/main-the-syrian-minister-of-educati-1758738532.jpg (main.py:133)
Defined crop area (0,0,0,0) is invalid for image 2228x1622. Skipping fixed crop.
Defined crop area (0,0,0,0) is invalid for image 261x190. Skipping fixed crop.
2025-09-24 22:03:43,677 - core.content_formatter - [INFO] - HTML content formatted for Blogger. (content_formatter.py:185)
2025-09-24 22:03:43,677 - BotRunner - [INFO] - No custom labels provided, extracting automatically... (main.py:170)
2025-09-24 22:03:43,680 - core.keyword_extractor - [INFO] - Extracting keywords (lang: ar, target: 0). Snippet: 'Ø¯Ù…Ø´Ù‚-Ø³Ø§Ù†Ø§ Ø¨Ø­Ø« ÙˆØ²ÙŠØ± Ø§Ù„ØªØ±Ø¨ÙŠØ© ÙˆØ§Ù„ØªØ¹Ù„ÙŠÙ… Ù…Ø­Ù…Ø¯ Ø¹Ø¨Ø¯ Ø§Ù„Ø±Ø­Ù…Ù† ØªØ±ÙƒÙˆ Ø§Ù„ÙŠÙˆÙ… Ù…Ø¹ Ù†Ù‚ÙŠØ¨ Ù…Ø¹Ù„Ù…ÙŠ ÙÙ„Ø³Ø·ÙŠÙ† Ø³Ø§Ø¦Ø¯ Ø¥Ø±Ø²ÙŠÙ‚Ø§Øª ÙˆØ§Ù„...' (keyword_extractor.py:42)
2025-09-24 22:03:43,705 - core.keyword_extractor - [ERROR] - NLTK LookupError for word_tokenize ('ar'): 
**********************************************************************
  Resource [93mpunkt_tab[0m not found.
  Please use the NLTK Downloader to obtain the resource:

  [31m>>> import nltk
  >>> nltk.download('punkt_tab')
  [0m
  For more information see: https://www.nltk.org/data.html

  Attempted to load [93mtokenizers/punkt_tab/arabic/[0m

  Searched in:
    - 'C:\\Users\\Khale/nltk_data'
    - 'C:\\Users\\Khale\\AppData\\Local\\Programs\\Python\\Python313\\nltk_data'
    - 'C:\\Users\\Khale\\AppData\\Local\\Programs\\Python\\Python313\\share\\nltk_data'
    - 'C:\\Users\\Khale\\AppData\\Local\\Programs\\Python\\Python313\\lib\\nltk_data'
    - 'C:\\Users\\Khale\\AppData\\Roaming\\nltk_data'
    - 'C:\\nltk_data'
    - 'D:\\nltk_data'
    - 'E:\\nltk_data'
**********************************************************************
. Fallback tokenization. (keyword_extractor.py:51)
2025-09-24 22:03:43,705 - core.keyword_extractor - [INFO] - Keywords extracted (ar): [] (keyword_extractor.py:60)
2025-09-24 22:03:43,706 - BotRunner - [INFO] - Publishing to Blogger. Title: 'ÙˆØ²ÙŠØ± Ø§Ù„ØªØ±Ø¨ÙŠØ© Ø§Ù„Ø³ÙˆØ±ÙŠ ÙŠØ¨Ø­Ø« Ù…Ø¹ Ù†Ù‚ÙŠØ¨ Ù…Ø¹Ù„Ù…ÙŠ ÙÙ„Ø³Ø·ÙŠÙ† ØªØ¹Ø²ÙŠØ² Ø§Ù„ØªØ¹Ø§ÙˆÙ† Ø§Ù„Ù…Ø´ØªØ±Ùƒ (The Syrian Minister of Education discusses with the Palestinian Teachers Syndicate to enhance joint cooperation)', Labels: ['Ø¯Ù„ÙŠÙ„Ùƒ ÙÙŠ Ø§Ù„Ø£Ø®Ø¨Ø§Ø±', 'Ø¯Ù„ÙŠÙ„Ùƒ ÙÙŠ Ø³ÙˆØ±ÙŠØ§'] (main.py:178)
2025-09-24 22:03:43,706 - core.blogger_client - [INFO] - Creating post: 'ÙˆØ²ÙŠØ± Ø§Ù„ØªØ±Ø¨ÙŠØ© Ø§Ù„Ø³ÙˆØ±ÙŠ ÙŠØ¨Ø­Ø« Ù…Ø¹ Ù†Ù‚ÙŠØ¨ Ù…Ø¹Ù„Ù…ÙŠ ÙÙ„Ø³Ø·ÙŠÙ† ØªØ¹Ø²ÙŠØ² Ø§Ù„ØªØ¹Ø§ÙˆÙ† ...' (Draft: False) (blogger_client.py:116)
2025-09-24 22:03:44,736 - core.blogger_client - [ERROR] - Failed to create post on Blogger: <HttpError 403 when requesting https://blogger.googleapis.com/v3/blogs/3714169846779613939/posts?isDraft=false&fetchImages=true&alt=json returned "You've reached the limit for creating posts within a specific timeframe. Please try again later.". Details: "[{'message': "You've reached the limit for creating posts within a specific timeframe. Please try again later.", 'domain': 'usageLimits', 'reason': 'quotaExceeded'}]"> (blogger_client.py:129)
Traceback (most recent call last):
  File "C:\Users\Khale\OneDrive\Desktop\projects\auto_online\core\blogger_client.py", line 124, in create_post
    created_post = request.execute()
  File "C:\Users\Khale\AppData\Local\Programs\Python\Python313\Lib\site-packages\googleapiclient\_helpers.py", line 130, in positional_wrapper
    return wrapped(*args, **kwargs)
  File "C:\Users\Khale\AppData\Local\Programs\Python\Python313\Lib\site-packages\googleapiclient\http.py", line 938, in execute
    raise HttpError(resp, content, uri=self.uri)
googleapiclient.errors.HttpError: <HttpError 403 when requesting https://blogger.googleapis.com/v3/blogs/3714169846779613939/posts?isDraft=false&fetchImages=true&alt=json returned "You've reached the limit for creating posts within a specific timeframe. Please try again later.". Details: "[{'message': "You've reached the limit for creating posts within a specific timeframe. Please try again later.", 'domain': 'usageLimits', 'reason': 'quotaExceeded'}]">
2025-09-24 22:03:44,738 - core.blogger_client - [ERROR] - Blogger API error details: {
  "error": {
    "code": 403,
    "message": "You've reached the limit for creating posts within a specific timeframe. Please try again later.",
    "errors": [
      {
        "message": "You've reached the limit for creating posts within a specific timeframe. Please try again later.",
        "domain": "usageLimits",
        "reason": "quotaExceeded"
      }
    ]
  }
}
 (blogger_client.py:133)
2025-09-24 22:03:44,738 - BotRunner - [ERROR] - Failed to publish https://sana.sy/education/2292327/ to Blogger. (main.py:197)
2025-09-24 22:03:44,738 - BotRunner - [INFO] - --- Processing Article (8/8): https://sana.sy/miscellaneous/2292338/ --- (main.py:110)
2025-09-24 22:03:44,738 - core.article_scraper - [INFO] - Scraping https://sana.sy/miscellaneous/2292338/ (via cloudscraper) (article_scraper.py:138)
2025-09-24 22:03:45,817 - core.article_scraper - [INFO] - SUCCESS: Found title for 'https://sana.sy/miscellaneous/2292338/' using selector #2: 'h1'. (article_scraper.py:31)
2025-09-24 22:03:45,890 - core.article_scraper - [INFO] - SUCCESS: Found content container for 'https://sana.sy/miscellaneous/2292338/' using selector #5: 'div > div.s-ct > div.s-ct-wrap > div.s-ct-inner'. (article_scraper.py:31)
2025-09-24 22:03:45,928 - core.article_scraper - [INFO] - Found OG image: https://cdn.sananews.sy/2025/09/DSC_8574-1024x683.jpg (article_scraper.py:186)
2025-09-24 22:03:46,537 - core.permalink_generator - [INFO] - Original: 'Ù„ØºØ© Ø§Ù„Ø¥Ø´Ø§Ø±Ø©.. Ø¬Ø³Ø± Ø¥Ù†Ø³Ø§Ù†ÙŠ ÙŠØ±ÙˆÙŠ ...' -> Suggested Title: 'Sign language .. A human bridge narrates stories o...', Slug base: 'sign-language-a-human-bridge-narrates-stories-of-deaf-success-in-facing-cha' (permalink_generator.py:47)
Defined crop area (0,0,0,0) is invalid for image 891x649. Skipping fixed crop.
2025-09-24 22:03:48,765 - BotRunner - [INFO] - Main image hosted: http://i.ibb.co/HS41QKL/main-sign-language-a-human-bridge-n-1758738562.jpg (main.py:133)
Defined crop area (0,0,0,0) is invalid for image 2228x1622. Skipping fixed crop.
Defined crop area (0,0,0,0) is invalid for image 2228x1622. Skipping fixed crop.
Defined crop area (0,0,0,0) is invalid for image 2228x1622. Skipping fixed crop.
Defined crop area (0,0,0,0) is invalid for image 2228x1622. Skipping fixed crop.
2025-09-24 22:03:59,622 - core.content_formatter - [INFO] - HTML content formatted for Blogger. (content_formatter.py:185)
2025-09-24 22:03:59,623 - BotRunner - [INFO] - No custom labels provided, extracting automatically... (main.py:170)
2025-09-24 22:03:59,629 - core.keyword_extractor - [INFO] - Extracting keywords (lang: ar, target: 0). Snippet: 'Ø¯Ù…Ø´Ù‚-Ø³Ø§Ù†Ø§ ØªÙ…Ø«Ù„ Ù„ØºØ© Ø§Ù„Ø¥Ø´Ø§Ø±Ø© Ø¬Ø³Ø±Ø§Ù‹ Ø¥Ù†Ø³Ø§Ù†ÙŠØ§Ù‹ ÙŠØ±Ø¨Ø· Ø§Ù„ØµÙ… Ø¨Ø¨Ù‚ÙŠØ© ÙØ¦Ø§Øª Ø§Ù„Ù…Ø¬ØªÙ…Ø¹ØŒ ÙÙ‡ÙŠ Ù„ÙŠØ³Øª Ù…Ø¬Ø±Ø¯ Ø­Ø±ÙƒØ§Øª Ø¹Ø§Ø¨Ø±Ø©ØŒ Ø¨...' (keyword_extractor.py:42)
2025-09-24 22:03:59,653 - core.keyword_extractor - [ERROR] - NLTK LookupError for word_tokenize ('ar'): 
**********************************************************************
  Resource [93mpunkt_tab[0m not found.
  Please use the NLTK Downloader to obtain the resource:

  [31m>>> import nltk
  >>> nltk.download('punkt_tab')
  [0m
  For more information see: https://www.nltk.org/data.html

  Attempted to load [93mtokenizers/punkt_tab/arabic/[0m

  Searched in:
    - 'C:\\Users\\Khale/nltk_data'
    - 'C:\\Users\\Khale\\AppData\\Local\\Programs\\Python\\Python313\\nltk_data'
    - 'C:\\Users\\Khale\\AppData\\Local\\Programs\\Python\\Python313\\share\\nltk_data'
    - 'C:\\Users\\Khale\\AppData\\Local\\Programs\\Python\\Python313\\lib\\nltk_data'
    - 'C:\\Users\\Khale\\AppData\\Roaming\\nltk_data'
    - 'C:\\nltk_data'
    - 'D:\\nltk_data'
    - 'E:\\nltk_data'
**********************************************************************
. Fallback tokenization. (keyword_extractor.py:51)
2025-09-24 22:03:59,653 - core.keyword_extractor - [INFO] - Keywords extracted (ar): [] (keyword_extractor.py:60)
2025-09-24 22:03:59,654 - BotRunner - [INFO] - Publishing to Blogger. Title: 'Ù„ØºØ© Ø§Ù„Ø¥Ø´Ø§Ø±Ø©.. Ø¬Ø³Ø± Ø¥Ù†Ø³Ø§Ù†ÙŠ ÙŠØ±ÙˆÙŠ Ù‚ØµØµ Ù†Ø¬Ø§Ø­ Ø§Ù„ØµÙ… ÙÙŠ Ù…ÙˆØ§Ø¬Ù‡Ø© Ø§Ù„ØªØ­Ø¯ÙŠØ§Øª (Sign language .. A human bridge narrates stories of deaf success in facing challenges)', Labels: ['Ø¯Ù„ÙŠÙ„Ùƒ ÙÙŠ Ø§Ù„Ø£Ø®Ø¨Ø§Ø±', 'Ø¯Ù„ÙŠÙ„Ùƒ ÙÙŠ Ø³ÙˆØ±ÙŠØ§'] (main.py:178)
2025-09-24 22:03:59,654 - core.blogger_client - [INFO] - Creating post: 'Ù„ØºØ© Ø§Ù„Ø¥Ø´Ø§Ø±Ø©.. Ø¬Ø³Ø± Ø¥Ù†Ø³Ø§Ù†ÙŠ ÙŠØ±ÙˆÙŠ Ù‚ØµØµ Ù†Ø¬Ø§Ø­ Ø§Ù„ØµÙ… ÙÙŠ Ù…ÙˆØ§Ø¬Ù‡Ø© Ø§Ù„ØªØ­Ø¯ÙŠ...' (Draft: False) (blogger_client.py:116)
2025-09-24 22:04:00,736 - core.blogger_client - [INFO] - Post created successfully: http://news.toiall.com/2025/09/sign-language-human-bridge-narrates_26.html (blogger_client.py:126)
2025-09-24 22:04:00,737 - BotRunner - [INFO] - Successfully published 'https://sana.sy/miscellaneous/2292338/' to Blogger: http://news.toiall.com/2025/09/sign-language-human-bridge-narrates_26.html (main.py:189)
2025-09-24 22:04:00,737 - BotRunner - [INFO] - Published 6 new articles in this cycle. (main.py:199)
2025-09-24 22:04:00,737 - BotRunner - [INFO] - ===== BOT CYCLE FINISHED ===== (main.py:200)
