--- Ø¨Ø¯Ø¡ Ø§Ù„Ø³Ø¬Ù„ ÙÙŠ 2025-09-25 16:32:47 ---
2025-09-25 16:32:54,605 - BotRunner - [INFO] - Config loaded from C:\Users\Khale\OneDrive\Desktop\projects\auto_online\bot_scripts\scraper\config.ini (main.py:41)
2025-09-25 16:32:54,605 - BotRunner - [INFO] - ===== BOT CYCLE STARTED ===== (main.py:64)
2025-09-25 16:32:54,606 - BotRunner - [WARNING] - File 'published_source_urls.txt' not found. A new one will be created. (main.py:48)
2025-09-25 16:32:54,607 - BotRunner - [INFO] - Loaded 0 previously published URLs. (main.py:66)
2025-09-25 16:32:54,610 - BotRunner - [INFO] - Successfully loaded publishing rules from C:\Users\Khale\AppData\Local\Temp\tmpv9qu3q4n.json (main.py:74)
2025-09-25 16:32:54,703 - core.article_scraper - [INFO] - ArticleScraper initialized with CloudScraper UA: Mozilla/5.0 (Windows NT 10.0; Win64; x64) AppleWebKit/537.36 (KHTML, like Gecko) Chrome/120.0.0.0 Safari/537.36 (article_scraper.py:22)
2025-09-25 16:32:54,706 - core.permalink_generator - [INFO] - DeepL Translator (Google engine) initialized for permalink/title suggestion. (permalink_generator.py:18)
2025-09-25 16:32:54,708 - core.blogger_client - [INFO] - Using BlogID: 3714169846779613939 for Blogger operations. (blogger_client.py:39)
2025-09-25 16:32:54,717 - core.blogger_client - [INFO] - Blogger service client initialized successfully. (blogger_client.py:93)
2025-09-25 16:32:54,717 - BotRunner - [INFO] - Processing 1 specific URLs provided. (main.py:99)
2025-09-25 16:32:54,717 - BotRunner - [INFO] - --- Processing Article (1/1): https://sana.sy/locals/2292627/ --- (main.py:120)
2025-09-25 16:32:54,718 - core.article_scraper - [INFO] - Scraping https://sana.sy/locals/2292627/ (via cloudscraper) (article_scraper.py:138)
2025-09-25 16:32:57,596 - core.article_scraper - [INFO] - SUCCESS: Found title for 'https://sana.sy/locals/2292627/' using selector #2: 'h1'. (article_scraper.py:31)
2025-09-25 16:32:57,673 - core.article_scraper - [INFO] - SUCCESS: Found content container for 'https://sana.sy/locals/2292627/' using selector #5: 'div > div.s-ct > div.s-ct-wrap > div.s-ct-inner'. (article_scraper.py:31)
2025-09-25 16:32:57,707 - core.article_scraper - [INFO] - Found OG image: https://cdn.sananews.sy/2025/09/photo_2025-09-19_20-21-01.jpg (article_scraper.py:186)
2025-09-25 16:33:00,251 - core.permalink_generator - [INFO] - Original: 'Ù„Ø¬Ù†Ø© Ø§Ù†ØªØ®Ø§Ø¨Ø§Øª Ù…Ø¬Ù„Ø³ Ø§Ù„Ø´Ø¹Ø¨ Ø§Ù„Ø³ÙˆØ±...' -> Suggested Title: 'The Syrian People's Assembly elections committee i...', Slug base: 'the-syrian-peoples-assembly-elections-committee-issues-the-initial-restorat' (permalink_generator.py:47)
Defined crop area (0,0,0,0) is invalid for image 1114x811. Skipping fixed crop.
2025-09-25 16:33:07,746 - BotRunner - [INFO] - Main image hosted: http://i.ibb.co/m5wQQWf3/main-the-syrian-peoples-assembly-el-1758807182.jpg (main.py:139)
2025-09-25 16:33:07,748 - core.content_formatter - [INFO] - Applying 1 dynamic replacement rules. (content_formatter.py:73)
2025-09-25 16:33:07,751 - core.content_formatter - [INFO] - HTML content formatted for Blogger. (content_formatter.py:94)
2025-09-25 16:33:07,752 - BotRunner - [INFO] - No custom labels provided, extracting automatically... (main.py:175)
2025-09-25 16:33:07,755 - core.keyword_extractor - [INFO] - Extracting keywords (lang: ar, target: 0). Snippet: 'Ø¯Ù…Ø´Ù‚-Ø³Ø§Ù†Ø§ Ø£ØµØ¯Ø±Øª Ø§Ù„Ù„Ø¬Ù†Ø© Ø§Ù„Ø¹Ù„ÙŠØ§ Ù„Ø§Ù†ØªØ®Ø§Ø¨Ø§Øª Ù…Ø¬Ù„Ø³ Ø§Ù„Ø´Ø¹Ø¨ Ø§Ù„Ø³ÙˆØ±ÙŠ Ø§Ù„ÙŠÙˆÙ… Ù‚ÙˆØ§Ø¦Ù… Ø§Ù„ØªØ±Ù…ÙŠÙ… Ø§Ù„Ø£ÙˆÙ„ÙŠØ© Ù„Ø£Ø¹Ø¶Ø§Ø¡ Ø§Ù„Ù‡ÙŠØ¦Ø§Øª...' (keyword_extractor.py:42)
2025-09-25 16:33:07,778 - core.keyword_extractor - [ERROR] - NLTK LookupError for word_tokenize ('ar'): 
**********************************************************************
  Resource [93mpunkt_tab[0m not found.
  Please use the NLTK Downloader to obtain the resource:

  [31m>>> import nltk
  >>> nltk.download('punkt_tab')
  [0m
  For more information see: https://www.nltk.org/data.html

  Attempted to load [93mtokenizers/punkt_tab/arabic/[0m

  Searched in:
    - 'C:\\Users\\Khale/nltk_data'
    - 'C:\\Users\\Khale\\AppData\\Local\\Programs\\Python\\Python313\\nltk_data'
    - 'C:\\Users\\Khale\\AppData\\Local\\Programs\\Python\\Python313\\share\\nltk_data'
    - 'C:\\Users\\Khale\\AppData\\Local\\Programs\\Python\\Python313\\lib\\nltk_data'
    - 'C:\\Users\\Khale\\AppData\\Roaming\\nltk_data'
    - 'C:\\nltk_data'
    - 'D:\\nltk_data'
    - 'E:\\nltk_data'
**********************************************************************
. Fallback tokenization. (keyword_extractor.py:51)
2025-09-25 16:33:07,782 - core.keyword_extractor - [INFO] - Keywords extracted (ar): [] (keyword_extractor.py:60)
2025-09-25 16:33:07,782 - BotRunner - [INFO] - Publishing to Blogger. Title: 'Ù„Ø¬Ù†Ø© Ø§Ù†ØªØ®Ø§Ø¨Ø§Øª Ù…Ø¬Ù„Ø³ Ø§Ù„Ø´Ø¹Ø¨ Ø§Ù„Ø³ÙˆØ±ÙŠ ØªØµØ¯Ø± Ù‚ÙˆØ§Ø¦Ù… Ø§Ù„ØªØ±Ù…ÙŠÙ… Ø§Ù„Ø£ÙˆÙ„ÙŠØ© Ù„Ø£Ø¹Ø¶Ø§Ø¡ Ø§Ù„Ù‡ÙŠØ¦Ø§Øª Ø§Ù„Ù†Ø§Ø®Ø¨Ø© (The Syrian People's Assembly elections committee issues the initial restoration lists for members of the elite bodies)', Labels: ['Ø¯Ù„ÙŠÙ„Ùƒ ÙÙŠ Ø§Ù„Ø£Ø®Ø¨Ø§Ø±', 'Ø¯Ù„ÙŠÙ„Ùƒ ÙÙŠ Ø³ÙˆØ±ÙŠØ§'] (main.py:183)
2025-09-25 16:33:07,782 - core.blogger_client - [INFO] - Creating post: 'Ù„Ø¬Ù†Ø© Ø§Ù†ØªØ®Ø§Ø¨Ø§Øª Ù…Ø¬Ù„Ø³ Ø§Ù„Ø´Ø¹Ø¨ Ø§Ù„Ø³ÙˆØ±ÙŠ ØªØµØ¯Ø± Ù‚ÙˆØ§Ø¦Ù… Ø§Ù„ØªØ±Ù…ÙŠÙ… Ø§Ù„Ø£ÙˆÙ„ÙŠØ© Ù„...' (Draft: False) (blogger_client.py:116)
2025-09-25 16:33:11,082 - core.blogger_client - [INFO] - Post created successfully: http://news.toiall.com/2025/09/syrian-peoples-assembly-elections_25.html (blogger_client.py:126)
2025-09-25 16:33:11,082 - BotRunner - [INFO] - Successfully published 'https://sana.sy/locals/2292627/' to Blogger: http://news.toiall.com/2025/09/syrian-peoples-assembly-elections_25.html (main.py:191)
2025-09-25 16:33:11,083 - BotRunner - [INFO] - Published 1 new articles in this cycle. (main.py:200)
2025-09-25 16:33:11,083 - BotRunner - [INFO] - ===== BOT CYCLE FINISHED ===== (main.py:201)
