--- ุจุฏุก ุงูุณุฌู ูู 2025-09-24 21:46:55 ---
--- ุจุฏุก ุนูููุฉ ุชูุธูู ุงูููุงูุงุช ---
๐ ุฌุงุฑู ุฌูุจ ุขุฎุฑ 12 ููุงู ูู ุงููุฏููุฉ: 3714169846779613939...

โ๏ธ ุชุนุฏูู ููุงู: ูุบุฉ ุงูุฅุดุงุฑุฉ.. ุฌุณุฑ ุฅูุณุงูู ูุฑูู ูุตุต ูุฌุงุญ ุงูุตู ูู ููุงุฌูุฉ ุงูุชุญุฏูุงุช (Sign language .. A human bridge narrates stories of deaf success in facing challenges)
โ ุชู ุชุนุฏูู: ูุบุฉ ุงูุฅุดุงุฑุฉ.. ุฌุณุฑ ุฅูุณุงูู ูุฑูู ูุตุต ูุฌุงุญ ุงูุตู ูู ููุงุฌูุฉ ุงูุชุญุฏูุงุช (Sign language .. A human bridge narrates stories of deaf success in facing challenges)

โ๏ธ ุชุนุฏูู ููุงู: ูุฒูุฑ ุงูุชุฑุจูุฉ ุงูุณูุฑู ูุจุญุซ ูุน ูููุจ ูุนููู ููุณุทูู ุชุนุฒูุฒ ุงูุชุนุงูู ุงููุดุชุฑู (The Syrian Minister of Education discusses with the Palestinian Teachers Syndicate to enhance joint cooperation)
โ ุชู ุชุนุฏูู: ูุฒูุฑ ุงูุชุฑุจูุฉ ุงูุณูุฑู ูุจุญุซ ูุน ูููุจ ูุนููู ููุณุทูู ุชุนุฒูุฒ ุงูุชุนุงูู ุงููุดุชุฑู (The Syrian Minister of Education discusses with the Palestinian Teachers Syndicate to enhance joint cooperation)

โ๏ธ ุชุนุฏูู ููุงู: ุงูุชุนููู ุงูุนุงูู ุชุฎูุถ ูุนุฏูุงุช ุงููุจูู ููุทูุงุจ ุงูุณูุฑููู ุงูุนุงุฆุฏูู ูู ุงูุฎุงุฑุฌ (Higher education reduces admission rates for Syrian students returning from abroad)
โ ุชู ุชุนุฏูู: ุงูุชุนููู ุงูุนุงูู ุชุฎูุถ ูุนุฏูุงุช ุงููุจูู ููุทูุงุจ ุงูุณูุฑููู ุงูุนุงุฆุฏูู ูู ุงูุฎุงุฑุฌ (Higher education reduces admission rates for Syrian students returning from abroad)

โ๏ธ ุชุนุฏูู ููุงู: ููุงุช ุงูุงุญุชูุงู ุงูุฅุณุฑุงุฆููู ุชุชูุบู ูู ุงูุตูุฏุงููุฉ ุงูุดุฑููุฉ ูุฑุณู ุงูุญูุจู ุจุฑูู ุงููููุทุฑุฉ (The Israeli occupation forces penetrate into the eastern Samaniya and the drawing of Al -Halabi in Quneitra countryside)
โ ุชู ุชุนุฏูู: ููุงุช ุงูุงุญุชูุงู ุงูุฅุณุฑุงุฆููู ุชุชูุบู ูู ุงูุตูุฏุงููุฉ ุงูุดุฑููุฉ ูุฑุณู ุงูุญูุจู ุจุฑูู ุงููููุทุฑุฉ (The Israeli occupation forces penetrate into the eastern Samaniya and the drawing of Al -Halabi in Quneitra countryside)

โ๏ธ ุชุนุฏูู ููุงู: ุญููุฉ ูุชุญุตูู 125 ุฃูู ุฑุฃุณ ูู ุงูุฃุจูุงุฑ ุถุฏ ุงูุญูู ุงูููุงุนูุฉ ูู ุฏูุดู ูุฑูููุง (A campaign to fortify 125,000 heads of cows against foot -and -mouth fever in Damascus and its countryside)
โ ุชู ุชุนุฏูู: ุญููุฉ ูุชุญุตูู 125 ุฃูู ุฑุฃุณ ูู ุงูุฃุจูุงุฑ ุถุฏ ุงูุญูู ุงูููุงุนูุฉ ูู ุฏูุดู ูุฑูููุง (A campaign to fortify 125,000 heads of cows against foot -and -mouth fever in Damascus and its countryside)

โ๏ธ ุชุนุฏูู ููุงู: ูุฌูุฉ ุงูุชุฎุงุจุงุช ูุฌูุณ ุงูุดุนุจ ุงูุณูุฑู ุชุตุฏุฑ ููุงุฆู ุงูุชุฑููู ุงูุฃูููุฉ ูุฃุนุถุงุก ุงูููุฆุงุช ุงููุงุฎุจุฉ (The Syrian People's Assembly elections committee issues the initial restoration lists for members of the elite bodies)
โ ุชู ุชุนุฏูู: ูุฌูุฉ ุงูุชุฎุงุจุงุช ูุฌูุณ ุงูุดุนุจ ุงูุณูุฑู ุชุตุฏุฑ ููุงุฆู ุงูุชุฑููู ุงูุฃูููุฉ ูุฃุนุถุงุก ุงูููุฆุงุช ุงููุงุฎุจุฉ (The Syrian People's Assembly elections committee issues the initial restoration lists for members of the elite bodies)

โ๏ธ ุชุนุฏูู ููุงู: ุงุฑุชูุงุน ุฃุณุนุงุฑ ุงูุฐูุจ 10 ุขูุงู ููุฑุฉ ูู ุงูุณูู ุงูุณูุฑูุฉ (Gold prices rise 10 thousand pounds in the Syrian market)
โ ุชู ุชุนุฏูู: ุงุฑุชูุงุน ุฃุณุนุงุฑ ุงูุฐูุจ 10 ุขูุงู ููุฑุฉ ูู ุงูุณูู ุงูุณูุฑูุฉ (Gold prices rise 10 thousand pounds in the Syrian market)

โ๏ธ ุชุนุฏูู ููุงู: ููุฆุฉ ุฏุนู ูุชูููุฉ ุงูุฅูุชุงุฌ ุงููุญูู ูุงูุตุงุฏุฑุงุช: ุจุฑุงูุฌ ูุณุชุฏุงูุฉ ููุตุงุฏุฑุงุช ุงูุณูุฑูุฉ (The Support and Development of Local Production and Export Development: Sustainable programs for Syrian exports)
โ ุชู ุชุนุฏูู: ููุฆุฉ ุฏุนู ูุชูููุฉ ุงูุฅูุชุงุฌ ุงููุญูู ูุงูุตุงุฏุฑุงุช: ุจุฑุงูุฌ ูุณุชุฏุงูุฉ ููุตุงุฏุฑุงุช ุงูุณูุฑูุฉ (The Support and Development of Local Production and Export Development: Sustainable programs for Syrian exports)
โ ุจุฏูู ุชุนุฏูู: ุงููุนูุฏ ุงูุชูุงูู ููุนููู ุงูุฃูููุฉ ูุฎุฑุฌ ุฏูุนุฉ ุฌุฏูุฏุฉ ูู ุงูููุชุณุจูู
โ ุจุฏูู ุชุนุฏูู: ุนููุงุก ููุซููู ุธููุฑ ุฃูู ุทุงุฆุฑ ูุฌูู ูู ุชูุณุงุณ ูุชูุฌุฉ ุชุบูุฑ ุงูููุงุฎ
โ ุจุฏูู ุชุนุฏูู: ุงูุชุดุงู ุฃุซุฑู ุฌุฏูุฏ ูุฏ ูููุฏ ุฅูู ูุจุฑ ููููุจุงุชุฑุง ุงูููููุฏ ุบุฑุจ ุงูุฅุณููุฏุฑูุฉ
โ ุจุฏูู ุชุนุฏูู: ุฏุฑุงุณุฉ: ุฃุฏููุฉ ูุนุงูุฌุฉ ุงูุณููุฉ ุชุบููุฑ ุญุงุณุฉ ุงูุชุฐูู ุฅูู ุฌุงูุจ ุฏูุฑูุง ุจุฎูุถ ุงููุฒู
--- ุงูุชูุช ุนูููุฉ ุงูุชูุธูู ---
